Mono path[0] = 'D:/shared/games/Unspottable.v2.2.10-0xdeadc0de/Unspottable_Data/Managed'
Mono config path = 'D:/shared/games/Unspottable.v2.2.10-0xdeadc0de/MonoBleedingEdge/etc'
Initialize engine version: 2019.4.40f1 (ffc62b691db5)
[Subsystems] Discovering subsystems at path D:/shared/games/Unspottable.v2.2.10-0xdeadc0de/Unspottable_Data/UnitySubsystems
GfxDevice: creating device client; threaded=1
Direct3D:
    Version:  Direct3D 11.0 [level 11.1]
    Renderer: NVIDIA GeForce RTX 3050 Laptop GPU (ID=0x25a2)
    Vendor:   
    VRAM:     3964 MB
    Driver:   31.0.15.5176
Begin MonoManager ReloadAssembly
- Completed reload, in  0.123 seconds
<RI> Initializing input.
<RI> Input initialized.
<RI> Initialized touch support.
UnloadTime: 0.719500 ms
Fallback handler could not load library D:/shared/games/Unspottable.v2.2.10-0xdeadc0de/Unspottable_Data/Mono/xinput1_2.dll
Fallback handler could not load library D:/shared/games/Unspottable.v2.2.10-0xdeadc0de/Unspottable_Data/Mono/xinput1_2.dll
Fallback handler could not load library D:/shared/games/Unspottable.v2.2.10-0xdeadc0de/Unspottable_Data/Mono/xinput1_2.dll
Fallback handler could not load library D:/shared/games/Unspottable.v2.2.10-0xdeadc0de/Unspottable_Data/Mono/xinput1_2
Fallback handler could not load library D:/shared/games/Unspottable.v2.2.10-0xdeadc0de/Unspottable_Data/Mono/xinput1_2.dll
Fallback handler could not load library D:/shared/games/Unspottable.v2.2.10-0xdeadc0de/Unspottable_Data/Mono/xinput1_2
Fallback handler could not load library D:/shared/games/Unspottable.v2.2.10-0xdeadc0de/Unspottable_Data/Mono/libxinput1_2.dll
Fallback handler could not load library D:/shared/games/Unspottable.v2.2.10-0xdeadc0de/Unspottable_Data/Mono/libxinput1_2.dll
Fallback handler could not load library D:/shared/games/Unspottable.v2.2.10-0xdeadc0de/Unspottable_Data/Mono/libxinput1_2.dll
Fallback handler could not load library D:/shared/games/Unspottable.v2.2.10-0xdeadc0de/Unspottable_Data/Mono/xinput1_1.dll
Fallback handler could not load library D:/shared/games/Unspottable.v2.2.10-0xdeadc0de/Unspottable_Data/Mono/xinput1_1.dll
Fallback handler could not load library D:/shared/games/Unspottable.v2.2.10-0xdeadc0de/Unspottable_Data/Mono/xinput1_1.dll
Fallback handler could not load library D:/shared/games/Unspottable.v2.2.10-0xdeadc0de/Unspottable_Data/Mono/xinput1_1
Fallback handler could not load library D:/shared/games/Unspottable.v2.2.10-0xdeadc0de/Unspottable_Data/Mono/xinput1_1.dll
Fallback handler could not load library D:/shared/games/Unspottable.v2.2.10-0xdeadc0de/Unspottable_Data/Mono/xinput1_1
Fallback handler could not load library D:/shared/games/Unspottable.v2.2.10-0xdeadc0de/Unspottable_Data/Mono/libxinput1_1.dll
Fallback handler could not load library D:/shared/games/Unspottable.v2.2.10-0xdeadc0de/Unspottable_Data/Mono/libxinput1_1.dll
Fallback handler could not load library D:/shared/games/Unspottable.v2.2.10-0xdeadc0de/Unspottable_Data/Mono/libxinput1_1.dll
Fallback handler could not load library D:/shared/games/Unspottable.v2.2.10-0xdeadc0de/Unspottable_Data/Mono/xinput1_2.dll
Fallback handler could not load library D:/shared/games/Unspottable.v2.2.10-0xdeadc0de/Unspottable_Data/Mono/xinput1_2.dll
Fallback handler could not load library D:/shared/games/Unspottable.v2.2.10-0xdeadc0de/Unspottable_Data/Mono/xinput1_2.dll
Fallback handler could not load library D:/shared/games/Unspottable.v2.2.10-0xdeadc0de/Unspottable_Data/Mono/xinput1_2
Fallback handler could not load library D:/shared/games/Unspottable.v2.2.10-0xdeadc0de/Unspottable_Data/Mono/xinput1_2.dll
Fallback handler could not load library D:/shared/games/Unspottable.v2.2.10-0xdeadc0de/Unspottable_Data/Mono/xinput1_2
Fallback handler could not load library D:/shared/games/Unspottable.v2.2.10-0xdeadc0de/Unspottable_Data/Mono/libxinput1_2.dll
Fallback handler could not load library D:/shared/games/Unspottable.v2.2.10-0xdeadc0de/Unspottable_Data/Mono/libxinput1_2.dll
Fallback handler could not load library D:/shared/games/Unspottable.v2.2.10-0xdeadc0de/Unspottable_Data/Mono/libxinput1_2.dll
Fallback handler could not load library D:/shared/games/Unspottable.v2.2.10-0xdeadc0de/Unspottable_Data/Mono/xinput1_1.dll
Fallback handler could not load library D:/shared/games/Unspottable.v2.2.10-0xdeadc0de/Unspottable_Data/Mono/xinput1_1.dll
Fallback handler could not load library D:/shared/games/Unspottable.v2.2.10-0xdeadc0de/Unspottable_Data/Mono/xinput1_1.dll
Fallback handler could not load library D:/shared/games/Unspottable.v2.2.10-0xdeadc0de/Unspottable_Data/Mono/xinput1_1
Fallback handler could not load library D:/shared/games/Unspottable.v2.2.10-0xdeadc0de/Unspottable_Data/Mono/xinput1_1.dll
Fallback handler could not load library D:/shared/games/Unspottable.v2.2.10-0xdeadc0de/Unspottable_Data/Mono/xinput1_1
Fallback handler could not load library D:/shared/games/Unspottable.v2.2.10-0xdeadc0de/Unspottable_Data/Mono/libxinput1_1.dll
Fallback handler could not load library D:/shared/games/Unspottable.v2.2.10-0xdeadc0de/Unspottable_Data/Mono/libxinput1_1.dll
Fallback handler could not load library D:/shared/games/Unspottable.v2.2.10-0xdeadc0de/Unspottable_Data/Mono/libxinput1_1.dll
Fallback handler could not load library D:/shared/games/Unspottable.v2.2.10-0xdeadc0de/Unspottable_Data/Mono/xinput1_2.dll
Fallback handler could not load library D:/shared/games/Unspottable.v2.2.10-0xdeadc0de/Unspottable_Data/Mono/xinput1_2.dll
Fallback handler could not load library D:/shared/games/Unspottable.v2.2.10-0xdeadc0de/Unspottable_Data/Mono/xinput1_2.dll
Fallback handler could not load library D:/shared/games/Unspottable.v2.2.10-0xdeadc0de/Unspottable_Data/Mono/xinput1_2
Fallback handler could not load library D:/shared/games/Unspottable.v2.2.10-0xdeadc0de/Unspottable_Data/Mono/xinput1_2.dll
Fallback handler could not load library D:/shared/games/Unspottable.v2.2.10-0xdeadc0de/Unspottable_Data/Mono/xinput1_2
Fallback handler could not load library D:/shared/games/Unspottable.v2.2.10-0xdeadc0de/Unspottable_Data/Mono/libxinput1_2.dll
Fallback handler could not load library D:/shared/games/Unspottable.v2.2.10-0xdeadc0de/Unspottable_Data/Mono/libxinput1_2.dll
Fallback handler could not load library D:/shared/games/Unspottable.v2.2.10-0xdeadc0de/Unspottable_Data/Mono/libxinput1_2.dll
Fallback handler could not load library D:/shared/games/Unspottable.v2.2.10-0xdeadc0de/Unspottable_Data/Mono/xinput1_1.dll
Fallback handler could not load library D:/shared/games/Unspottable.v2.2.10-0xdeadc0de/Unspottable_Data/Mono/xinput1_1.dll
Fallback handler could not load library D:/shared/games/Unspottable.v2.2.10-0xdeadc0de/Unspottable_Data/Mono/xinput1_1.dll
Fallback handler could not load library D:/shared/games/Unspottable.v2.2.10-0xdeadc0de/Unspottable_Data/Mono/xinput1_1
Fallback handler could not load library D:/shared/games/Unspottable.v2.2.10-0xdeadc0de/Unspottable_Data/Mono/xinput1_1.dll
Fallback handler could not load library D:/shared/games/Unspottable.v2.2.10-0xdeadc0de/Unspottable_Data/Mono/xinput1_1
Fallback handler could not load library D:/shared/games/Unspottable.v2.2.10-0xdeadc0de/Unspottable_Data/Mono/libxinput1_1.dll
Fallback handler could not load library D:/shared/games/Unspottable.v2.2.10-0xdeadc0de/Unspottable_Data/Mono/libxinput1_1.dll
Fallback handler could not load library D:/shared/games/Unspottable.v2.2.10-0xdeadc0de/Unspottable_Data/Mono/libxinput1_1.dll
Unloading 6 Unused Serialized files (Serialized files now loaded: 0)
UnloadTime: 4.703500 ms
Fallback handler could not load library D:/shared/games/Unspottable.v2.2.10-0xdeadc0de/Unspottable_Data/Mono/PhotonCryptoPlugin
Fallback handler could not load library D:/shared/games/Unspottable.v2.2.10-0xdeadc0de/Unspottable_Data/Mono/PhotonCryptoPlugin.dll
Fallback handler could not load library D:/shared/games/Unspottable.v2.2.10-0xdeadc0de/Unspottable_Data/Mono/PhotonCryptoPlugin
Fallback handler could not load library D:/shared/games/Unspottable.v2.2.10-0xdeadc0de/Unspottable_Data/Mono/libPhotonCryptoPlugin
Fallback handler could not load library D:/shared/games/Unspottable.v2.2.10-0xdeadc0de/Unspottable_Data/Mono/libPhotonCryptoPlugin.dll
Fallback handler could not load library D:/shared/games/Unspottable.v2.2.10-0xdeadc0de/Unspottable_Data/Mono/libPhotonCryptoPlugin
Fallback handler could not load library D:/shared/games/Unspottable.v2.2.10-0xdeadc0de/Unspottable_Data/Mono/PhotonSocketPlugin
Fallback handler could not load library D:/shared/games/Unspottable.v2.2.10-0xdeadc0de/Unspottable_Data/Mono/PhotonSocketPlugin.dll
Fallback handler could not load library D:/shared/games/Unspottable.v2.2.10-0xdeadc0de/Unspottable_Data/Mono/PhotonSocketPlugin
Fallback handler could not load library D:/shared/games/Unspottable.v2.2.10-0xdeadc0de/Unspottable_Data/Mono/libPhotonSocketPlugin
Fallback handler could not load library D:/shared/games/Unspottable.v2.2.10-0xdeadc0de/Unspottable_Data/Mono/libPhotonSocketPlugin.dll
Fallback handler could not load library D:/shared/games/Unspottable.v2.2.10-0xdeadc0de/Unspottable_Data/Mono/libPhotonSocketPlugin
Fallback handler could not load library D:/shared/games/Unspottable.v2.2.10-0xdeadc0de/Unspottable_Data/Mono/PhotonEncryptorPlugin
Fallback handler could not load library D:/shared/games/Unspottable.v2.2.10-0xdeadc0de/Unspottable_Data/Mono/PhotonEncryptorPlugin.dll
Fallback handler could not load library D:/shared/games/Unspottable.v2.2.10-0xdeadc0de/Unspottable_Data/Mono/PhotonEncryptorPlugin
Fallback handler could not load library D:/shared/games/Unspottable.v2.2.10-0xdeadc0de/Unspottable_Data/Mono/libPhotonEncryptorPlugin
Fallback handler could not load library D:/shared/games/Unspottable.v2.2.10-0xdeadc0de/Unspottable_Data/Mono/libPhotonEncryptorPlugin.dll
Fallback handler could not load library D:/shared/games/Unspottable.v2.2.10-0xdeadc0de/Unspottable_Data/Mono/libPhotonEncryptorPlugin

Unloading 60 unused Assets to reduce memory usage. Loaded Objects now: 13332.
Total: 42.266500 ms (FindLiveObjects: 0.410700 ms CreateObjectMapping: 0.205500 ms MarkObjects: 41.571600 ms  DeleteObjects: 0.078100 ms)

Setting up 8 worker threads for Enlighten.
  Thread -> id: 3528 -> priority: 1 
  Thread -> id: 348c -> priority: 1 
  Thread -> id: d00 -> priority: 1 
  Thread -> id: af8 -> priority: 1 
  Thread -> id: 3d70 -> priority: 1 
  Thread -> id: 3d50 -> priority: 1 
  Thread -> id: 3374 -> priority: 1 
  Thread -> id: 3a8c -> priority: 1 
ui_masks_p1 : LocalMaskSetup : Local Player : 3 
(Filename: C:\buildslave\unity\build\Runtime/Export/Debug/Debug.bindings.h Line: 39)

1Could not find FSM: StartMenu Master? False Scene: menu_start_maingo: player_2 (UnityEngine.GameObject) 
(Filename: C:\buildslave\unity\build\Runtime/Export/Debug/Debug.bindings.h Line: 39)

ui_masks_p2 : LocalMaskSetup : Local Player : 3 
(Filename: C:\buildslave\unity\build\Runtime/Export/Debug/Debug.bindings.h Line: 39)

Unloading 9 Unused Serialized files (Serialized files now loaded: 0)
UnloadTime: 12.809500 ms

Unloading 175 unused Assets to reduce memory usage. Loaded Objects now: 17797.
Total: 104.273600 ms (FindLiveObjects: 0.652000 ms CreateObjectMapping: 0.385300 ms MarkObjects: 102.766100 ms  DeleteObjects: 0.469000 ms)

Unloading 7 Unused Serialized files (Serialized files now loaded: 0)
UnloadTime: 4.670300 ms

Unloading 1034 unused Assets to reduce memory usage. Loaded Objects now: 18358.
Total: 115.131400 ms (FindLiveObjects: 0.801100 ms CreateObjectMapping: 0.298500 ms MarkObjects: 113.623700 ms  DeleteObjects: 0.406800 ms)

quit_menu : SubMenu Actions : Quit Game : QUIT LOCAL 
(Filename: C:\buildslave\unity\build\Runtime/Export/Debug/Debug.bindings.h Line: 39)

Unloading 3 Unused Serialized files (Serialized files now loaded: 0)
UnloadTime: 1.043100 ms

Unloading 468 unused Assets to reduce memory usage. Loaded Objects now: 19011.
Total: 113.756600 ms (FindLiveObjects: 0.688700 ms CreateObjectMapping: 0.330300 ms MarkObjects: 112.482400 ms  DeleteObjects: 0.254400 ms)

Curl error 42: Callback aborted
 
(Filename:  Line: 867)

