Mono path[0] = 'C:/games/PlateUp.v1.1.8/PlateUp_Data/Managed'
Mono config path = 'C:/games/PlateUp.v1.1.8/MonoBleedingEdge/etc'
Initialize engine version: 2020.3.43f1 (75bff06b76bf)
[Subsystems] Discovering subsystems at path C:/games/PlateUp.v1.1.8/PlateUp_Data/UnitySubsystems
GfxDevice: creating device client; threaded=1
Direct3D:
    Version:  Direct3D 11.0 [level 11.1]
    Renderer: NVIDIA GeForce RTX 3050 Laptop GPU (ID=0x25a2)
    Vendor:   
    VRAM:     3964 MB
    Driver:   31.0.15.5176
Begin MonoManager ReloadAssembly
- Completed reload, in  6.530 seconds
Loading mods...
[Steam] Connected to Steam with AppID 1599600
Found 0 workshop mods
Searching for mods in C:\games\PlateUp.v1.1.8\Mods
Loaded 0 mods...
<RI> Initializing input.
New input system (experimental) initialized
Using XInput
<RI> Input initialized.
<RI> Initialized touch support.
Odin Serializer ArchitectureInfo initialization with defaults (all unaligned read/writes disabled).
UnloadTime: 6.620600 ms
Odin Serializer detected whitelisted runtime platform WindowsPlayer and memory read test succeeded; enabling all unaligned memory read/writes.
Did not find an appid, defaulting to 1599600
Initialising PlateUp! 1.1.8 (BBFE)
Controller detected: 
Device info:
    {
    "interface": "XInput",
    "type": "",
    "product": "",
    "serial": "",
    "version": "",
    "manufacturer": "",
    "capabilities": "{\"userIndex\":1,\"type\":1,\"subType\":1,\"flags\":0,\"gamepad\":{\"buttons\":62463,\"leftTrigger\":255,\"rightTrigger\":255,\"leftStickX\":-1,\"leftStickY\":-64,\"rightStickX\":-64,\"rightStickY\":-64},\"vibration\":{\"leftMotor\":255,\"rightMotor\":255}}"
}
Controller assigned as: Xbox
Deserialising from C:\Users\ASUS\AppData\LocalLow\It's Happening\PlateUp\Profile\1704039667.plateupsave
Controller detected: 
Device info:
    {
    "interface": "XInput",
    "type": "",
    "product": "",
    "serial": "",
    "version": "",
    "manufacturer": "",
    "capabilities": "{\"userIndex\":0,\"type\":1,\"subType\":1,\"flags\":0,\"gamepad\":{\"buttons\":62463,\"leftTrigger\":255,\"rightTrigger\":255,\"leftStickX\":-1,\"leftStickY\":-64,\"rightStickX\":-64,\"rightStickY\":-64},\"vibration\":{\"leftMotor\":255,\"rightMotor\":255}}"
}
Controller assigned as: Xbox
Deserialising from C:\Users\ASUS\AppData\LocalLow\It's Happening\PlateUp\Profile\1704039667.plateupsave
Ignoring invalid [UpdateAfter] attribute on Kitchen.CompletingResearchStartsFire targeting Kitchen.UpdateTakesDuration.
This attribute can only order systems that are members of the same ComponentSystemGroup instance.
Make sure that both systems are in the same system group with [UpdateInGroup(typeof(Unity.Entities.SimulationSystemGroup)],
or by manually adding both systems to the same group's update list.
Ignoring invalid [UpdateAfter(Kitchen.TableUpdatesGroup)] attribute on Kitchen.CreateSurroundingAppliances because OrderFirst/OrderLast has higher precedence.
Injecting 0 mods...
[Kitchen.Transports.SteamLobbyTransport] Leaving lobby 0
[Kitchen.Transports.SteamLobbyTransport] Creating lobby 2
[Steam] Created lobby 109775241417598087
[Kitchen.Transports.SteamLobbyTransport] Created lobby 2
Deserialising from C:\Users\ASUS\AppData\LocalLow\It's Happening\PlateUp\Progress\1719676500.plateupsave
Resetting identifier -1427909152
Failed to load memory backup, loading from disc
Deserialising from C:\Users\ASUS\AppData\LocalLow\It's Happening\PlateUp\Full\1\1717113688.plateupsave
Failed to load memory backup, loading from disc
Deserialising from C:\Users\ASUS\AppData\LocalLow\It's Happening\PlateUp\Full\2\1719676496.plateupsave
Failed to load memory backup, loading from disc
Failed to load memory backup, loading from disc
Failed to load memory backup, loading from disc
Deleting C:\Users\ASUS\AppData\LocalLow\It's Happening\PlateUp\Progress\1719504734.plateupsave
Serialising to C:/Users/ASUS/AppData/LocalLow/It's Happening/PlateUp\Progress\1719811314.plateupsave
Deleting C:\Users\ASUS\AppData\LocalLow\It's Happening\PlateUp\Progress\1719507433.plateupsave
Serialising to C:/Users/ASUS/AppData/LocalLow/It's Happening/PlateUp\Progress\1719811501.plateupsave
Failed to load memory backup, loading from disc
Deserialising from C:\Users\ASUS\AppData\LocalLow\It's Happening\PlateUp\Full\2\1719676496.plateupsave
Deleting C:\Users\ASUS\AppData\LocalLow\It's Happening\PlateUp\Progress\1719507143.plateupsave
Serialising to C:/Users/ASUS/AppData/LocalLow/It's Happening/PlateUp\Progress\1719811501.plateupsave
Deserialising from C:\Users\ASUS\AppData\LocalLow\It's Happening\PlateUp\Progress\1719811501.plateupsave
Deleting C:\Users\ASUS\AppData\LocalLow\It's Happening\PlateUp\Full\2\1719675050.plateupsave
Serialising to C:/Users/ASUS/AppData/LocalLow/It's Happening/PlateUp\Full\2\1719811765.plateupsave
Performing a full save
Deleting C:\Users\ASUS\AppData\LocalLow\It's Happening\PlateUp\Full\2\1719675093.plateupsave
Serialising to C:/Users/ASUS/AppData/LocalLow/It's Happening/PlateUp\Full\2\1719812049.plateupsave
Tried to access offset 1005, 1003
Deleting C:\Users\ASUS\AppData\LocalLow\It's Happening\PlateUp\Full\2\1719675417.plateupsave
Serialising to C:/Users/ASUS/AppData/LocalLow/It's Happening/PlateUp\Full\2\1719812301.plateupsave
Failed to load memory backup, loading from disc
Deserialising from C:\Users\ASUS\AppData\LocalLow\It's Happening\PlateUp\Full\1\1717113688.plateupsave
Failed to load memory backup, loading from disc
Failed to load memory backup, loading from disc
Failed to load memory backup, loading from disc
Serialising to C:/Users/ASUS/AppData/LocalLow/It's Happening/PlateUp\Progress\1719812360.plateupsave
Deleting C:\Users\ASUS\AppData\LocalLow\It's Happening\PlateUp\Progress\1719506260.plateupsave
Serialising to C:/Users/ASUS/AppData/LocalLow/It's Happening/PlateUp\Progress\1719812373.plateupsave
Deserialising from C:\Users\ASUS\AppData\LocalLow\It's Happening\PlateUp\Progress\1719812373.plateupsave
Deleting C:\Users\ASUS\AppData\LocalLow\It's Happening\PlateUp\Full\2\1719675492.plateupsave
Serialising to C:/Users/ASUS/AppData/LocalLow/It's Happening/PlateUp\Full\2\1719812438.plateupsave
Performing a full save
Deleting C:\Users\ASUS\AppData\LocalLow\It's Happening\PlateUp\Full\2\1719675692.plateupsave
Serialising to C:/Users/ASUS/AppData/LocalLow/It's Happening/PlateUp\Full\2\1719812750.plateupsave
Tried to access offset 1007, 1007
Tried to access offset 1008, 1004
Tried to access offset 1003, 1005
Deleting C:\Users\ASUS\AppData\LocalLow\It's Happening\PlateUp\Full\2\1719675828.plateupsave
Serialising to C:/Users/ASUS/AppData/LocalLow/It's Happening/PlateUp\Full\2\1719812958.plateupsave
Failed to load memory backup, loading from disc
Deserialising from C:\Users\ASUS\AppData\LocalLow\It's Happening\PlateUp\Full\1\1717113688.plateupsave
Failed to load memory backup, loading from disc
Failed to load memory backup, loading from disc
Failed to load memory backup, loading from disc
Deleting C:\Users\ASUS\AppData\LocalLow\It's Happening\PlateUp\Progress\1719673474.plateupsave
Serialising to C:/Users/ASUS/AppData/LocalLow/It's Happening/PlateUp\Progress\1719813302.plateupsave
Deserialising from C:\Users\ASUS\AppData\LocalLow\It's Happening\PlateUp\Profile\1704039667.plateupsave
Deserialising from C:\Users\ASUS\AppData\LocalLow\It's Happening\PlateUp\Profile\1704039667.plateupsave
Deleting C:\Users\ASUS\AppData\LocalLow\It's Happening\PlateUp\Progress\1719673610.plateupsave
Serialising to C:/Users/ASUS/AppData/LocalLow/It's Happening/PlateUp\Progress\1719813329.plateupsave
Deserialising from C:\Users\ASUS\AppData\LocalLow\It's Happening\PlateUp\Progress\1719813329.plateupsave
Deleting C:\Users\ASUS\AppData\LocalLow\It's Happening\PlateUp\Full\2\1719675953.plateupsave
Serialising to C:/Users/ASUS/AppData/LocalLow/It's Happening/PlateUp\Full\2\1719813362.plateupsave
Failed to load memory backup, loading from disc
Deserialising from C:\Users\ASUS\AppData\LocalLow\It's Happening\PlateUp\Full\1\1717113688.plateupsave
Failed to load memory backup, loading from disc
Failed to load memory backup, loading from disc
Failed to load memory backup, loading from disc
Deleting C:\Users\ASUS\AppData\LocalLow\It's Happening\PlateUp\Progress\1719673766.plateupsave
Serialising to C:/Users/ASUS/AppData/LocalLow/It's Happening/PlateUp\Progress\1719813515.plateupsave
Deleting C:\Users\ASUS\AppData\LocalLow\It's Happening\PlateUp\Progress\1719674532.plateupsave
Serialising to C:/Users/ASUS/AppData/LocalLow/It's Happening/PlateUp\Progress\1719813529.plateupsave
Deserialising from C:\Users\ASUS\AppData\LocalLow\It's Happening\PlateUp\Progress\1719813529.plateupsave
Deleting C:\Users\ASUS\AppData\LocalLow\It's Happening\PlateUp\Full\2\1719676185.plateupsave
Serialising to C:/Users/ASUS/AppData/LocalLow/It's Happening/PlateUp\Full\2\1719813606.plateupsave
Deleting C:\Users\ASUS\AppData\LocalLow\It's Happening\PlateUp\Full\2\1719813606.plateupsave
Deleting C:\Users\ASUS\AppData\LocalLow\It's Happening\PlateUp\Full\2\1719813362.plateupsave
Deleting C:\Users\ASUS\AppData\LocalLow\It's Happening\PlateUp\Full\2\1719812958.plateupsave
Deleting C:\Users\ASUS\AppData\LocalLow\It's Happening\PlateUp\Full\2\1719812750.plateupsave
Deleting C:\Users\ASUS\AppData\LocalLow\It's Happening\PlateUp\Full\2\1719812438.plateupsave
Deleting C:\Users\ASUS\AppData\LocalLow\It's Happening\PlateUp\Full\2\1719812301.plateupsave
Deleting C:\Users\ASUS\AppData\LocalLow\It's Happening\PlateUp\Full\2\1719812049.plateupsave
Deleting C:\Users\ASUS\AppData\LocalLow\It's Happening\PlateUp\Full\2\1719811765.plateupsave
Deleting C:\Users\ASUS\AppData\LocalLow\It's Happening\PlateUp\Full\2\1719676496.plateupsave
Deleting C:\Users\ASUS\AppData\LocalLow\It's Happening\PlateUp\Full\2\1719676455.plateupsave
Deleting C:\Users\ASUS\AppData\LocalLow\It's Happening\PlateUp\Full\2\1719676260.plateupsave
Failed to load memory backup, loading from disc
Deserialising from C:\Users\ASUS\AppData\LocalLow\It's Happening\PlateUp\Full\1\1717113688.plateupsave
Failed to load memory backup, loading from disc
Failed to load memory backup, loading from disc
Failed to load memory backup, loading from disc
Failed to load memory backup, loading from disc
Deleting C:\Users\ASUS\AppData\LocalLow\It's Happening\PlateUp\Progress\1719675074.plateupsave
Serialising to C:/Users/ASUS/AppData/LocalLow/It's Happening/PlateUp\Progress\1719813904.plateupsave
Performing a full save
Serialising to C:/Users/ASUS/AppData/LocalLow/It's Happening/PlateUp\Full\2\1719814028.plateupsave
Deleting C:\Users\ASUS\AppData\LocalLow\It's Happening\PlateUp\Progress\1719675926.plateupsave
Serialising to C:/Users/ASUS/AppData/LocalLow/It's Happening/PlateUp\Progress\1719814028.plateupsave
Tried to access offset 1005, 998
Tried to access offset 1004, 1000
Tried to access offset 1003, 1000
Tried to access offset 1003, 1000
Serialising to C:/Users/ASUS/AppData/LocalLow/It's Happening/PlateUp\Full\2\1719815108.plateupsave
Deleting C:\Users\ASUS\AppData\LocalLow\It's Happening\PlateUp\Profile\1703777197.plateupsave
Serialising to C:/Users/ASUS/AppData/LocalLow/It's Happening/PlateUp\Profile\1719815109.plateupsave
Failed to load memory backup, loading from disc
Deserialising from C:\Users\ASUS\AppData\LocalLow\It's Happening\PlateUp\Full\1\1717113688.plateupsave
Failed to load memory backup, loading from disc
Failed to load memory backup, loading from disc
Failed to load memory backup, loading from disc
Deleting C:\Users\ASUS\AppData\LocalLow\It's Happening\PlateUp\Progress\1719676500.plateupsave
Serialising to C:/Users/ASUS/AppData/LocalLow/It's Happening/PlateUp\Progress\1719815114.plateupsave
Quitting: User request
