[09/07/2567 21:51:21.833] WwiseUnity: Wwise(R) SDK Version 2021.1.7 Build 7796.
[09/07/2567 21:51:21.847] WwiseUnity: Setting Plugin DLL path to: D:/shared/games/Ultimate.Chicken.Horse.Build.14630387/UltimateChickenHorse_Data\Plugins\x86_64
[09/07/2567 21:51:21.889] WwiseUnity: Sound engine initialized successfully.
[09/07/2567 21:51:21.913] Waiting to initialize: 0 then loading main menu
[09/07/2567 21:51:21.920] Worker Thread Manager initialized.
[09/07/2567 21:51:21.934] [9/7/2567 21:51:21] [UnetRelayTransport] Transport initialized
[09/07/2567 21:51:21.977] Scene change: Init
[09/07/2567 21:51:21.991] UTC Time offset : +07:00
						  Game Version = 1.11.01						  User = Noob
[09/07/2567 21:51:22.005] CheckOnStart: 0. Args being used: D:\shared\games\Ultimate.Chicken.Horse.Build.14630387\UltimateChickenHorse.exe
[09/07/2567 21:51:22.026] Done waiting for initialization, loading main menu.
[09/07/2567 21:51:23.715] GSManager Awake. Instance: 
[09/07/2567 21:51:23.715] Creating Braincloud Wrapper instance
[09/07/2567 21:51:23.862] Scene change: MainMenu, destroying lobby manager
[09/07/2567 21:51:23.953] Ip set to:177.143.183.6
[09/07/2567 21:51:23.986] Trying to start Discord
[09/07/2567 21:51:24.042] ResultException: InternalError
	Discord.Discord..ctor (System.Int64 clientId, System.UInt64 flags) (at <3ed1a248bfa4496c9d0f3908947a0f97>:0)
	DiscordListener.Start () (at <4f26bd17cb924e87947cab21bf57266e>:0)
	UnityEngine.Debug:LogException(Exception)
	DiscordListener:Start()
	
[09/07/2567 21:51:24.043] Couldn't start Discord API. Is Discord running?
[09/07/2567 21:51:24.052] Loading game from: C:/Users/ASUS/AppData/LocalLow/Clever Endeavour Games/Ultimate Chicken Horse/saveData.uch
[09/07/2567 21:51:24.100] Save file loading finished. Checking achievements...
[09/07/2567 21:51:24.158] Ultimate Chicken Horse - version 1.11.01
[09/07/2567 21:51:24.158] Date UTC: 9/7/2567 14:51:24
[09/07/2567 21:51:24.162] Device for controller XInput Controller changed from  to InControl.NativeInputDevice
[09/07/2567 21:51:24.162] New device XInput Controller plugged in with input mask 0
[09/07/2567 21:51:24.163] Device for controller XInput Controller changed from  to InControl.NativeInputDevice
[09/07/2567 21:51:24.164] New device XInput Controller plugged in with input mask 0
[09/07/2567 21:51:24.164] Device for controller XInput Controller changed from  to InControl.NativeInputDevice
[09/07/2567 21:51:24.165] New device XInput Controller plugged in with input mask 0
[09/07/2567 21:51:24.165] Device for controller XInput Controller changed from  to InControl.NativeInputDevice
[09/07/2567 21:51:24.166] New device XInput Controller plugged in with input mask 0
[09/07/2567 21:51:24.610] Warning! Page PlayOnlinePage has no page number text element!
[09/07/2567 21:51:24.611] Warning! Page TabletInterface has no page number text element!
[09/07/2567 21:51:24.624] Handling language stuff : 1
[09/07/2567 21:51:24.631] Device for controller Unknown Device changed from  to InControl.NativeInputDevice
[09/07/2567 21:51:24.632] New device Unknown Device plugged in with input mask 0
[09/07/2567 21:51:24.704] Error getting available regions Cysharp.Threading.Tasks.UnityWebRequestException: Cannot connect to destination host
  at Cysharp.Threading.Tasks.UnityAsyncExtensions+UnityWebRequestAsyncOperationAwaiter.GetResult () [0x00065] in <55a9a23c9cbc499ba87c65acb8384175>:0 
  at UCHServices.Service+<GetAvailableRegions>d__1.MoveNext () [0x000b8] in <4f26bd17cb924e87947cab21bf57266e>:0 . Request from fallback server.
	
[09/07/2567 21:51:24.712] Language Source was up-to-date with Google Spreadsheet
[09/07/2567 21:51:24.717] ARG 0: D:\shared\games\Ultimate.Chicken.Horse.Build.14630387\UltimateChickenHorse.exe
[09/07/2567 21:51:24.717] Backend: attempting to connect with Steam
[09/07/2567 21:51:24.722] Language Source was up-to-date with Google Spreadsheet
[09/07/2567 21:51:24.775] UnityWebRequestException: Cannot connect to destination host
	Cysharp.Threading.Tasks.UnityAsyncExtensions+UnityWebRequestAsyncOperationAwaiter.GetResult () (at <55a9a23c9cbc499ba87c65acb8384175>:0)
	UCHServices.Service+<GetAvailableRegions>d__1.MoveNext () (at <4f26bd17cb924e87947cab21bf57266e>:0)
	--- End of stack trace from previous location where exception was thrown ---
	System.Runtime.ExceptionServices.ExceptionDispatchInfo.Throw () (at <a1e9f114a6e64f4eacb529fc802ec93d>:0)
	Cysharp.Threading.Tasks.CompilerServices.AsyncUniTask`2[TStateMachine,T].GetResult (System.Int16 token) (at <55a9a23c9cbc499ba87c65acb8384175>:0)
	RelayConstants+<PopulateAvailableRegions>d__7.MoveNext () (at <4f26bd17cb924e87947cab21bf57266e>:0)
	--- End of stack trace from previous location where exception was thrown ---
	System.Runtime.ExceptionServices.ExceptionDispatchInfo.Throw () (at <a1e9f114a6e64f4eacb529fc802ec93d>:0)
	Cysharp.Threading.Tasks.CompilerServices.AsyncUniTask`1[TStateMachine].GetResult (System.Int16 token) (at <55a9a23c9cbc499ba87c65acb8384175>:0)
	PickableNetworkButton+<FindDefaultRegion>d__43.MoveNext () (at <4f26bd17cb924e87947cab21bf57266e>:0)
	UnityEngine.Debug:LogException(Exception)
	Cysharp.Threading.Tasks.UniTaskScheduler:PublishUnobservedTaskException(Exception)
	<FindDefaultRegion>d__43:MoveNext()
	Cysharp.Threading.Tasks.CompilerServices.AsyncUniTaskVoid`1:Run()
	Cysharp.Threading.Tasks.AwaiterActions:Continuation(Object)
	Cysharp.Threading.Tasks.UniTaskCompletionSourceCore`1:TrySetException(Exception)
	Cysharp.Threading.Tasks.CompilerServices.AsyncUniTask`1:SetException(Exception)
	<PopulateAvailableRegions>d__7:MoveNext()
	Cysharp.Threading.Tasks.CompilerServices.AsyncUniTask`1:Run()
	Cysharp.Threading.Tasks.AwaiterActions:Continuation(Object)
	Cysharp.Threading.Tasks.UniTaskCompletionSourceCore`1:TrySetException(Exception)
	Cysharp.Threading.Tasks.CompilerServices.AsyncUniTask`2:SetException(Exception)
	UCHServices.<GetAvailableRegions>d__1:MoveNext()
	Cysharp.Threading.Tasks.CompilerServices.AsyncUniTask`2:Run()
	Cysharp.Threading.Tasks.Internal.PooledDelegate`1:Run(AsyncOperation)
	UnityEngine.AsyncOperation:InvokeCompletionEvent()
	
[09/07/2567 21:51:24.776] Device for controller Unknown Device changed from  to InControl.NativeInputDevice
[09/07/2567 21:51:24.777] New device Unknown Device plugged in with input mask 0
[09/07/2567 21:51:24.846] Couldn't connect backend to Steam: {"error":"{\"reason_code\":90001,\"status\":900,\"status_message\":\"Timeout trying to reach brainCloud server\",\"severity\":\"ERROR\"}"}
[09/07/2567 21:51:43.162] Loading game from: C:/Users/ASUS/AppData/LocalLow/Clever Endeavour Games/Ultimate Chicken Horse/saveData.uch
[09/07/2567 21:51:43.164] Save file loading finished. Checking achievements...
[09/07/2567 21:51:43.171] Event GameStart: 1
[09/07/2567 21:51:43.195] WWW error: Cannot connect to destination host
	
[09/07/2567 21:51:43.228] ARG 0: D:\shared\games\Ultimate.Chicken.Horse.Build.14630387\UltimateChickenHorse.exe
[09/07/2567 21:51:43.229] Backend: attempting to connect with Steam
[09/07/2567 21:51:43.246] Couldn't connect backend to Steam: {"error":"{\"reason_code\":90001,\"status\":900,\"status_message\":\"Timeout trying to reach brainCloud server\",\"severity\":\"ERROR\"}"}
[09/07/2567 21:51:43.262] ARG 0: D:\shared\games\Ultimate.Chicken.Horse.Build.14630387\UltimateChickenHorse.exe
[09/07/2567 21:51:43.262] Backend: attempting to connect with Steam
[09/07/2567 21:51:43.279] Couldn't connect backend to Steam: {"error":"{\"reason_code\":90001,\"status\":900,\"status_message\":\"Timeout trying to reach brainCloud server\",\"severity\":\"ERROR\"}"}
[09/07/2567 21:51:43.295] ARG 0: D:\shared\games\Ultimate.Chicken.Horse.Build.14630387\UltimateChickenHorse.exe
[09/07/2567 21:51:43.295] Backend: attempting to connect with Steam
[09/07/2567 21:51:43.297] Couldn't connect backend to Steam: {"error":"{\"reason_code\":90201,\"status\":900,\"status_message\":\"Client has been disabled due to identical repeat Authentication calls that are throwing errors. Authenticating with the same credentials is disabled for 30 seconds\",\"severity\":\"ERROR\"}"}
[09/07/2567 21:51:43.312] ARG 0: D:\shared\games\Ultimate.Chicken.Horse.Build.14630387\UltimateChickenHorse.exe
[09/07/2567 21:51:43.312] Backend: attempting to connect with Steam
[09/07/2567 21:51:43.313] Couldn't connect backend to Steam: {"error":"{\"reason_code\":90201,\"status\":900,\"status_message\":\"Client has been disabled due to identical repeat Authentication calls that are throwing errors. Authenticating with the same credentials is disabled for 30 seconds\",\"severity\":\"ERROR\"}"}
[09/07/2567 21:51:43.328] ARG 0: D:\shared\games\Ultimate.Chicken.Horse.Build.14630387\UltimateChickenHorse.exe
[09/07/2567 21:51:43.328] Backend: attempting to connect with Steam
[09/07/2567 21:51:43.329] Couldn't connect backend to Steam: {"error":"{\"reason_code\":90201,\"status\":900,\"status_message\":\"Client has been disabled due to identical repeat Authentication calls that are throwing errors. Authenticating with the same credentials is disabled for 30 seconds\",\"severity\":\"ERROR\"}"}
[09/07/2567 21:51:43.345] ARG 0: D:\shared\games\Ultimate.Chicken.Horse.Build.14630387\UltimateChickenHorse.exe
[09/07/2567 21:51:43.345] Backend: attempting to connect with Steam
[09/07/2567 21:51:43.346] Couldn't connect backend to Steam: {"error":"{\"reason_code\":90201,\"status\":900,\"status_message\":\"Client has been disabled due to identical repeat Authentication calls that are throwing errors. Authenticating with the same credentials is disabled for 30 seconds\",\"severity\":\"ERROR\"}"}
[09/07/2567 21:51:43.361] ARG 0: D:\shared\games\Ultimate.Chicken.Horse.Build.14630387\UltimateChickenHorse.exe
[09/07/2567 21:51:43.362] Backend: attempting to connect with Steam
[09/07/2567 21:51:43.362] Couldn't connect backend to Steam: {"error":"{\"reason_code\":90201,\"status\":900,\"status_message\":\"Client has been disabled due to identical repeat Authentication calls that are throwing errors. Authenticating with the same credentials is disabled for 30 seconds\",\"severity\":\"ERROR\"}"}
[09/07/2567 21:51:43.379] ARG 0: D:\shared\games\Ultimate.Chicken.Horse.Build.14630387\UltimateChickenHorse.exe
[09/07/2567 21:51:43.379] Backend: attempting to connect with Steam
[09/07/2567 21:51:43.380] Couldn't connect backend to Steam: {"error":"{\"reason_code\":90201,\"status\":900,\"status_message\":\"Client has been disabled due to identical repeat Authentication calls that are throwing errors. Authenticating with the same credentials is disabled for 30 seconds\",\"severity\":\"ERROR\"}"}
[09/07/2567 21:51:43.395] ARG 0: D:\shared\games\Ultimate.Chicken.Horse.Build.14630387\UltimateChickenHorse.exe
[09/07/2567 21:51:43.395] Backend: attempting to connect with Steam
[09/07/2567 21:51:43.398] Couldn't connect backend to Steam: {"error":"{\"reason_code\":90201,\"status\":900,\"status_message\":\"Client has been disabled due to identical repeat Authentication calls that are throwing errors. Authenticating with the same credentials is disabled for 30 seconds\",\"severity\":\"ERROR\"}"}
[09/07/2567 21:51:43.412] ARG 0: D:\shared\games\Ultimate.Chicken.Horse.Build.14630387\UltimateChickenHorse.exe
[09/07/2567 21:51:43.412] Backend: attempting to connect with Steam
[09/07/2567 21:51:43.412] Couldn't connect backend to Steam: {"error":"{\"reason_code\":90201,\"status\":900,\"status_message\":\"Client has been disabled due to identical repeat Authentication calls that are throwing errors. Authenticating with the same credentials is disabled for 30 seconds\",\"severity\":\"ERROR\"}"}
[09/07/2567 21:51:43.428] ARG 0: D:\shared\games\Ultimate.Chicken.Horse.Build.14630387\UltimateChickenHorse.exe
[09/07/2567 21:51:43.428] Backend: attempting to connect with Steam
[09/07/2567 21:51:43.429] Couldn't connect backend to Steam: {"error":"{\"reason_code\":90201,\"status\":900,\"status_message\":\"Client has been disabled due to identical repeat Authentication calls that are throwing errors. Authenticating with the same credentials is disabled for 30 seconds\",\"severity\":\"ERROR\"}"}
[09/07/2567 21:51:43.445] ARG 0: D:\shared\games\Ultimate.Chicken.Horse.Build.14630387\UltimateChickenHorse.exe
[09/07/2567 21:51:43.446] Backend: attempting to connect with Steam
[09/07/2567 21:51:43.447] Couldn't connect backend to Steam: {"error":"{\"reason_code\":90201,\"status\":900,\"status_message\":\"Client has been disabled due to identical repeat Authentication calls that are throwing errors. Authenticating with the same credentials is disabled for 30 seconds\",\"severity\":\"ERROR\"}"}
[09/07/2567 21:51:43.461] ARG 0: D:\shared\games\Ultimate.Chicken.Horse.Build.14630387\UltimateChickenHorse.exe
[09/07/2567 21:51:43.462] Backend: attempting to connect with Steam
[09/07/2567 21:51:43.462] Couldn't connect backend to Steam: {"error":"{\"reason_code\":90201,\"status\":900,\"status_message\":\"Client has been disabled due to identical repeat Authentication calls that are throwing errors. Authenticating with the same credentials is disabled for 30 seconds\",\"severity\":\"ERROR\"}"}
[09/07/2567 21:51:43.478] ARG 0: D:\shared\games\Ultimate.Chicken.Horse.Build.14630387\UltimateChickenHorse.exe
[09/07/2567 21:51:43.479] Backend: attempting to connect with Steam
[09/07/2567 21:51:43.480] Couldn't connect backend to Steam: {"error":"{\"reason_code\":90201,\"status\":900,\"status_message\":\"Client has been disabled due to identical repeat Authentication calls that are throwing errors. Authenticating with the same credentials is disabled for 30 seconds\",\"severity\":\"ERROR\"}"}
[09/07/2567 21:51:43.495] ARG 0: D:\shared\games\Ultimate.Chicken.Horse.Build.14630387\UltimateChickenHorse.exe
[09/07/2567 21:51:43.495] Backend: attempting to connect with Steam
[09/07/2567 21:51:43.496] Couldn't connect backend to Steam: {"error":"{\"reason_code\":90201,\"status\":900,\"status_message\":\"Client has been disabled due to identical repeat Authentication calls that are throwing errors. Authenticating with the same credentials is disabled for 30 seconds\",\"severity\":\"ERROR\"}"}
[09/07/2567 21:51:43.512] ARG 0: D:\shared\games\Ultimate.Chicken.Horse.Build.14630387\UltimateChickenHorse.exe
[09/07/2567 21:51:43.512] Backend: attempting to connect with Steam
[09/07/2567 21:51:43.513] Couldn't connect backend to Steam: {"error":"{\"reason_code\":90201,\"status\":900,\"status_message\":\"Client has been disabled due to identical repeat Authentication calls that are throwing errors. Authenticating with the same credentials is disabled for 30 seconds\",\"severity\":\"ERROR\"}"}
[09/07/2567 21:51:43.529] ARG 0: D:\shared\games\Ultimate.Chicken.Horse.Build.14630387\UltimateChickenHorse.exe
[09/07/2567 21:51:43.529] Backend: attempting to connect with Steam
[09/07/2567 21:51:43.530] Couldn't connect backend to Steam: {"error":"{\"reason_code\":90201,\"status\":900,\"status_message\":\"Client has been disabled due to identical repeat Authentication calls that are throwing errors. Authenticating with the same credentials is disabled for 30 seconds\",\"severity\":\"ERROR\"}"}
[09/07/2567 21:51:43.545] ARG 0: D:\shared\games\Ultimate.Chicken.Horse.Build.14630387\UltimateChickenHorse.exe
[09/07/2567 21:51:43.545] Backend: attempting to connect with Steam
[09/07/2567 21:51:43.546] Couldn't connect backend to Steam: {"error":"{\"reason_code\":90201,\"status\":900,\"status_message\":\"Client has been disabled due to identical repeat Authentication calls that are throwing errors. Authenticating with the same credentials is disabled for 30 seconds\",\"severity\":\"ERROR\"}"}
[09/07/2567 21:51:43.561] ARG 0: D:\shared\games\Ultimate.Chicken.Horse.Build.14630387\UltimateChickenHorse.exe
[09/07/2567 21:51:43.562] Backend: attempting to connect with Steam
[09/07/2567 21:51:43.562] Couldn't connect backend to Steam: {"error":"{\"reason_code\":90201,\"status\":900,\"status_message\":\"Client has been disabled due to identical repeat Authentication calls that are throwing errors. Authenticating with the same credentials is disabled for 30 seconds\",\"severity\":\"ERROR\"}"}
[09/07/2567 21:51:43.578] ARG 0: D:\shared\games\Ultimate.Chicken.Horse.Build.14630387\UltimateChickenHorse.exe
[09/07/2567 21:51:43.579] Backend: attempting to connect with Steam
[09/07/2567 21:51:43.580] Couldn't connect backend to Steam: {"error":"{\"reason_code\":90201,\"status\":900,\"status_message\":\"Client has been disabled due to identical repeat Authentication calls that are throwing errors. Authenticating with the same credentials is disabled for 30 seconds\",\"severity\":\"ERROR\"}"}
[09/07/2567 21:51:43.595] ARG 0: D:\shared\games\Ultimate.Chicken.Horse.Build.14630387\UltimateChickenHorse.exe
[09/07/2567 21:51:43.595] Backend: attempting to connect with Steam
[09/07/2567 21:51:43.596] Couldn't connect backend to Steam: {"error":"{\"reason_code\":90201,\"status\":900,\"status_message\":\"Client has been disabled due to identical repeat Authentication calls that are throwing errors. Authenticating with the same credentials is disabled for 30 seconds\",\"severity\":\"ERROR\"}"}
[09/07/2567 21:51:43.612] ARG 0: D:\shared\games\Ultimate.Chicken.Horse.Build.14630387\UltimateChickenHorse.exe
[09/07/2567 21:51:43.612] Backend: attempting to connect with Steam
[09/07/2567 21:51:43.613] Couldn't connect backend to Steam: {"error":"{\"reason_code\":90201,\"status\":900,\"status_message\":\"Client has been disabled due to identical repeat Authentication calls that are throwing errors. Authenticating with the same credentials is disabled for 30 seconds\",\"severity\":\"ERROR\"}"}
[09/07/2567 21:51:43.628] ARG 0: D:\shared\games\Ultimate.Chicken.Horse.Build.14630387\UltimateChickenHorse.exe
[09/07/2567 21:51:43.628] Backend: attempting to connect with Steam
[09/07/2567 21:51:43.629] Couldn't connect backend to Steam: {"error":"{\"reason_code\":90201,\"status\":900,\"status_message\":\"Client has been disabled due to identical repeat Authentication calls that are throwing errors. Authenticating with the same credentials is disabled for 30 seconds\",\"severity\":\"ERROR\"}"}
[09/07/2567 21:51:43.645] ARG 0: D:\shared\games\Ultimate.Chicken.Horse.Build.14630387\UltimateChickenHorse.exe
[09/07/2567 21:51:43.645] Backend: attempting to connect with Steam
[09/07/2567 21:51:43.646] Couldn't connect backend to Steam: {"error":"{\"reason_code\":90201,\"status\":900,\"status_message\":\"Client has been disabled due to identical repeat Authentication calls that are throwing errors. Authenticating with the same credentials is disabled for 30 seconds\",\"severity\":\"ERROR\"}"}
[09/07/2567 21:51:43.662] ARG 0: D:\shared\games\Ultimate.Chicken.Horse.Build.14630387\UltimateChickenHorse.exe
[09/07/2567 21:51:43.899] Backend: attempting to connect with Steam
[09/07/2567 21:51:43.900] Couldn't connect backend to Steam: {"error":"{\"reason_code\":90201,\"status\":900,\"status_message\":\"Client has been disabled due to identical repeat Authentication calls that are throwing errors. Authenticating with the same credentials is disabled for 30 seconds\",\"severity\":\"ERROR\"}"}
[09/07/2567 21:51:43.902] ARG 0: D:\shared\games\Ultimate.Chicken.Horse.Build.14630387\UltimateChickenHorse.exe
[09/07/2567 21:51:43.904] Backend: attempting to connect with Steam
[09/07/2567 21:51:43.905] Couldn't connect backend to Steam: {"error":"{\"reason_code\":90201,\"status\":900,\"status_message\":\"Client has been disabled due to identical repeat Authentication calls that are throwing errors. Authenticating with the same credentials is disabled for 30 seconds\",\"severity\":\"ERROR\"}"}
[09/07/2567 21:51:43.928] ARG 0: D:\shared\games\Ultimate.Chicken.Horse.Build.14630387\UltimateChickenHorse.exe
[09/07/2567 21:51:43.929] Backend: attempting to connect with Steam
[09/07/2567 21:51:43.930] Couldn't connect backend to Steam: {"error":"{\"reason_code\":90201,\"status\":900,\"status_message\":\"Client has been disabled due to identical repeat Authentication calls that are throwing errors. Authenticating with the same credentials is disabled for 30 seconds\",\"severity\":\"ERROR\"}"}
[09/07/2567 21:51:43.944] ARG 0: D:\shared\games\Ultimate.Chicken.Horse.Build.14630387\UltimateChickenHorse.exe
[09/07/2567 21:51:43.945] Backend: attempting to connect with Steam
[09/07/2567 21:51:43.946] Couldn't connect backend to Steam: {"error":"{\"reason_code\":90201,\"status\":900,\"status_message\":\"Client has been disabled due to identical repeat Authentication calls that are throwing errors. Authenticating with the same credentials is disabled for 30 seconds\",\"severity\":\"ERROR\"}"}
[09/07/2567 21:51:43.962] ARG 0: D:\shared\games\Ultimate.Chicken.Horse.Build.14630387\UltimateChickenHorse.exe
[09/07/2567 21:51:43.962] Backend: attempting to connect with Steam
[09/07/2567 21:51:43.962] Couldn't connect backend to Steam: {"error":"{\"reason_code\":90201,\"status\":900,\"status_message\":\"Client has been disabled due to identical repeat Authentication calls that are throwing errors. Authenticating with the same credentials is disabled for 30 seconds\",\"severity\":\"ERROR\"}"}
[09/07/2567 21:51:43.978] ARG 0: D:\shared\games\Ultimate.Chicken.Horse.Build.14630387\UltimateChickenHorse.exe
[09/07/2567 21:51:43.979] Backend: attempting to connect with Steam
[09/07/2567 21:51:43.980] Couldn't connect backend to Steam: {"error":"{\"reason_code\":90201,\"status\":900,\"status_message\":\"Client has been disabled due to identical repeat Authentication calls that are throwing errors. Authenticating with the same credentials is disabled for 30 seconds\",\"severity\":\"ERROR\"}"}
[09/07/2567 21:51:43.995] ARG 0: D:\shared\games\Ultimate.Chicken.Horse.Build.14630387\UltimateChickenHorse.exe
[09/07/2567 21:51:43.995] Backend: attempting to connect with Steam
[09/07/2567 21:51:43.996] Couldn't connect backend to Steam: {"error":"{\"reason_code\":90201,\"status\":900,\"status_message\":\"Client has been disabled due to identical repeat Authentication calls that are throwing errors. Authenticating with the same credentials is disabled for 30 seconds\",\"severity\":\"ERROR\"}"}
[09/07/2567 21:51:44.011] ARG 0: D:\shared\games\Ultimate.Chicken.Horse.Build.14630387\UltimateChickenHorse.exe
[09/07/2567 21:51:44.011] Backend: attempting to connect with Steam
[09/07/2567 21:51:44.012] Couldn't connect backend to Steam: {"error":"{\"reason_code\":90201,\"status\":900,\"status_message\":\"Client has been disabled due to identical repeat Authentication calls that are throwing errors. Authenticating with the same credentials is disabled for 30 seconds\",\"severity\":\"ERROR\"}"}
[09/07/2567 21:51:44.028] ARG 0: D:\shared\games\Ultimate.Chicken.Horse.Build.14630387\UltimateChickenHorse.exe
[09/07/2567 21:51:44.029] Backend: attempting to connect with Steam
[09/07/2567 21:51:44.030] Couldn't connect backend to Steam: {"error":"{\"reason_code\":90201,\"status\":900,\"status_message\":\"Client has been disabled due to identical repeat Authentication calls that are throwing errors. Authenticating with the same credentials is disabled for 30 seconds\",\"severity\":\"ERROR\"}"}
[09/07/2567 21:51:44.045] ARG 0: D:\shared\games\Ultimate.Chicken.Horse.Build.14630387\UltimateChickenHorse.exe
[09/07/2567 21:51:44.045] Backend: attempting to connect with Steam
[09/07/2567 21:51:44.046] Couldn't connect backend to Steam: {"error":"{\"reason_code\":90201,\"status\":900,\"status_message\":\"Client has been disabled due to identical repeat Authentication calls that are throwing errors. Authenticating with the same credentials is disabled for 30 seconds\",\"severity\":\"ERROR\"}"}
[09/07/2567 21:51:44.062] ARG 0: D:\shared\games\Ultimate.Chicken.Horse.Build.14630387\UltimateChickenHorse.exe
[09/07/2567 21:51:44.062] Backend: attempting to connect with Steam
[09/07/2567 21:51:44.062] Couldn't connect backend to Steam: {"error":"{\"reason_code\":90201,\"status\":900,\"status_message\":\"Client has been disabled due to identical repeat Authentication calls that are throwing errors. Authenticating with the same credentials is disabled for 30 seconds\",\"severity\":\"ERROR\"}"}
[09/07/2567 21:51:44.078] ARG 0: D:\shared\games\Ultimate.Chicken.Horse.Build.14630387\UltimateChickenHorse.exe
[09/07/2567 21:51:44.079] Backend: attempting to connect with Steam
[09/07/2567 21:51:44.080] Couldn't connect backend to Steam: {"error":"{\"reason_code\":90201,\"status\":900,\"status_message\":\"Client has been disabled due to identical repeat Authentication calls that are throwing errors. Authenticating with the same credentials is disabled for 30 seconds\",\"severity\":\"ERROR\"}"}
[09/07/2567 21:51:44.095] ARG 0: D:\shared\games\Ultimate.Chicken.Horse.Build.14630387\UltimateChickenHorse.exe
[09/07/2567 21:51:44.095] Backend: attempting to connect with Steam
[09/07/2567 21:51:44.096] Couldn't connect backend to Steam: {"error":"{\"reason_code\":90201,\"status\":900,\"status_message\":\"Client has been disabled due to identical repeat Authentication calls that are throwing errors. Authenticating with the same credentials is disabled for 30 seconds\",\"severity\":\"ERROR\"}"}
[09/07/2567 21:51:44.111] ARG 0: D:\shared\games\Ultimate.Chicken.Horse.Build.14630387\UltimateChickenHorse.exe
[09/07/2567 21:51:44.112] Backend: attempting to connect with Steam
[09/07/2567 21:51:44.112] Couldn't connect backend to Steam: {"error":"{\"reason_code\":90201,\"status\":900,\"status_message\":\"Client has been disabled due to identical repeat Authentication calls that are throwing errors. Authenticating with the same credentials is disabled for 30 seconds\",\"severity\":\"ERROR\"}"}
[09/07/2567 21:51:44.128] ARG 0: D:\shared\games\Ultimate.Chicken.Horse.Build.14630387\UltimateChickenHorse.exe
[09/07/2567 21:51:44.129] Backend: attempting to connect with Steam
[09/07/2567 21:51:44.130] Couldn't connect backend to Steam: {"error":"{\"reason_code\":90201,\"status\":900,\"status_message\":\"Client has been disabled due to identical repeat Authentication calls that are throwing errors. Authenticating with the same credentials is disabled for 30 seconds\",\"severity\":\"ERROR\"}"}
[09/07/2567 21:51:44.145] ARG 0: D:\shared\games\Ultimate.Chicken.Horse.Build.14630387\UltimateChickenHorse.exe
[09/07/2567 21:51:44.145] Backend: attempting to connect with Steam
[09/07/2567 21:51:44.146] Couldn't connect backend to Steam: {"error":"{\"reason_code\":90201,\"status\":900,\"status_message\":\"Client has been disabled due to identical repeat Authentication calls that are throwing errors. Authenticating with the same credentials is disabled for 30 seconds\",\"severity\":\"ERROR\"}"}
[09/07/2567 21:51:44.161] ARG 0: D:\shared\games\Ultimate.Chicken.Horse.Build.14630387\UltimateChickenHorse.exe
[09/07/2567 21:51:44.162] Backend: attempting to connect with Steam
[09/07/2567 21:51:44.163] Couldn't connect backend to Steam: {"error":"{\"reason_code\":90201,\"status\":900,\"status_message\":\"Client has been disabled due to identical repeat Authentication calls that are throwing errors. Authenticating with the same credentials is disabled for 30 seconds\",\"severity\":\"ERROR\"}"}
[09/07/2567 21:51:44.178] ARG 0: D:\shared\games\Ultimate.Chicken.Horse.Build.14630387\UltimateChickenHorse.exe
[09/07/2567 21:51:44.210] Backend: attempting to connect with Steam
[09/07/2567 21:51:44.211] Couldn't connect backend to Steam: {"error":"{\"reason_code\":90201,\"status\":900,\"status_message\":\"Client has been disabled due to identical repeat Authentication calls that are throwing errors. Authenticating with the same credentials is disabled for 30 seconds\",\"severity\":\"ERROR\"}"}
[09/07/2567 21:51:44.212] ARG 0: D:\shared\games\Ultimate.Chicken.Horse.Build.14630387\UltimateChickenHorse.exe
[09/07/2567 21:51:44.214] Backend: attempting to connect with Steam
[09/07/2567 21:51:44.215] Couldn't connect backend to Steam: {"error":"{\"reason_code\":90201,\"status\":900,\"status_message\":\"Client has been disabled due to identical repeat Authentication calls that are throwing errors. Authenticating with the same credentials is disabled for 30 seconds\",\"severity\":\"ERROR\"}"}
[09/07/2567 21:51:44.228] ARG 0: D:\shared\games\Ultimate.Chicken.Horse.Build.14630387\UltimateChickenHorse.exe
[09/07/2567 21:51:44.228] Backend: attempting to connect with Steam
[09/07/2567 21:51:44.229] Couldn't connect backend to Steam: {"error":"{\"reason_code\":90201,\"status\":900,\"status_message\":\"Client has been disabled due to identical repeat Authentication calls that are throwing errors. Authenticating with the same credentials is disabled for 30 seconds\",\"severity\":\"ERROR\"}"}
[09/07/2567 21:51:44.286] ARG 0: D:\shared\games\Ultimate.Chicken.Horse.Build.14630387\UltimateChickenHorse.exe
[09/07/2567 21:51:44.287] Backend: attempting to connect with Steam
[09/07/2567 21:51:44.287] Couldn't connect backend to Steam: {"error":"{\"reason_code\":90201,\"status\":900,\"status_message\":\"Client has been disabled due to identical repeat Authentication calls that are throwing errors. Authenticating with the same credentials is disabled for 30 seconds\",\"severity\":\"ERROR\"}"}
[09/07/2567 21:51:44.294] ARG 0: D:\shared\games\Ultimate.Chicken.Horse.Build.14630387\UltimateChickenHorse.exe
[09/07/2567 21:51:44.295] Backend: attempting to connect with Steam
[09/07/2567 21:51:44.296] Couldn't connect backend to Steam: {"error":"{\"reason_code\":90201,\"status\":900,\"status_message\":\"Client has been disabled due to identical repeat Authentication calls that are throwing errors. Authenticating with the same credentials is disabled for 30 seconds\",\"severity\":\"ERROR\"}"}
[09/07/2567 21:51:44.312] ARG 0: D:\shared\games\Ultimate.Chicken.Horse.Build.14630387\UltimateChickenHorse.exe
[09/07/2567 21:51:44.312] Backend: attempting to connect with Steam
[09/07/2567 21:51:44.313] Couldn't connect backend to Steam: {"error":"{\"reason_code\":90201,\"status\":900,\"status_message\":\"Client has been disabled due to identical repeat Authentication calls that are throwing errors. Authenticating with the same credentials is disabled for 30 seconds\",\"severity\":\"ERROR\"}"}
[09/07/2567 21:51:44.328] ARG 0: D:\shared\games\Ultimate.Chicken.Horse.Build.14630387\UltimateChickenHorse.exe
[09/07/2567 21:51:44.328] Backend: attempting to connect with Steam
[09/07/2567 21:51:44.329] Couldn't connect backend to Steam: {"error":"{\"reason_code\":90201,\"status\":900,\"status_message\":\"Client has been disabled due to identical repeat Authentication calls that are throwing errors. Authenticating with the same credentials is disabled for 30 seconds\",\"severity\":\"ERROR\"}"}
[09/07/2567 21:51:44.345] ARG 0: D:\shared\games\Ultimate.Chicken.Horse.Build.14630387\UltimateChickenHorse.exe
[09/07/2567 21:51:44.345] Backend: attempting to connect with Steam
[09/07/2567 21:51:44.346] Couldn't connect backend to Steam: {"error":"{\"reason_code\":90201,\"status\":900,\"status_message\":\"Client has been disabled due to identical repeat Authentication calls that are throwing errors. Authenticating with the same credentials is disabled for 30 seconds\",\"severity\":\"ERROR\"}"}
[09/07/2567 21:51:44.361] ARG 0: D:\shared\games\Ultimate.Chicken.Horse.Build.14630387\UltimateChickenHorse.exe
[09/07/2567 21:51:44.362] Backend: attempting to connect with Steam
[09/07/2567 21:51:44.363] Couldn't connect backend to Steam: {"error":"{\"reason_code\":90201,\"status\":900,\"status_message\":\"Client has been disabled due to identical repeat Authentication calls that are throwing errors. Authenticating with the same credentials is disabled for 30 seconds\",\"severity\":\"ERROR\"}"}
[09/07/2567 21:51:44.377] ARG 0: D:\shared\games\Ultimate.Chicken.Horse.Build.14630387\UltimateChickenHorse.exe
[09/07/2567 21:51:44.378] Backend: attempting to connect with Steam
[09/07/2567 21:51:44.379] Couldn't connect backend to Steam: {"error":"{\"reason_code\":90201,\"status\":900,\"status_message\":\"Client has been disabled due to identical repeat Authentication calls that are throwing errors. Authenticating with the same credentials is disabled for 30 seconds\",\"severity\":\"ERROR\"}"}
[09/07/2567 21:51:44.395] ARG 0: D:\shared\games\Ultimate.Chicken.Horse.Build.14630387\UltimateChickenHorse.exe
[09/07/2567 21:51:44.395] Backend: attempting to connect with Steam
[09/07/2567 21:51:44.397] Couldn't connect backend to Steam: {"error":"{\"reason_code\":90201,\"status\":900,\"status_message\":\"Client has been disabled due to identical repeat Authentication calls that are throwing errors. Authenticating with the same credentials is disabled for 30 seconds\",\"severity\":\"ERROR\"}"}
[09/07/2567 21:51:44.411] ARG 0: D:\shared\games\Ultimate.Chicken.Horse.Build.14630387\UltimateChickenHorse.exe
[09/07/2567 21:51:44.412] Backend: attempting to connect with Steam
[09/07/2567 21:51:44.412] Couldn't connect backend to Steam: {"error":"{\"reason_code\":90201,\"status\":900,\"status_message\":\"Client has been disabled due to identical repeat Authentication calls that are throwing errors. Authenticating with the same credentials is disabled for 30 seconds\",\"severity\":\"ERROR\"}"}
[09/07/2567 21:51:44.428] ARG 0: D:\shared\games\Ultimate.Chicken.Horse.Build.14630387\UltimateChickenHorse.exe
[09/07/2567 21:51:44.428] Backend: attempting to connect with Steam
[09/07/2567 21:51:44.430] Couldn't connect backend to Steam: {"error":"{\"reason_code\":90201,\"status\":900,\"status_message\":\"Client has been disabled due to identical repeat Authentication calls that are throwing errors. Authenticating with the same credentials is disabled for 30 seconds\",\"severity\":\"ERROR\"}"}
[09/07/2567 21:51:44.444] ARG 0: D:\shared\games\Ultimate.Chicken.Horse.Build.14630387\UltimateChickenHorse.exe
[09/07/2567 21:51:44.445] Backend: attempting to connect with Steam
[09/07/2567 21:51:44.446] Couldn't connect backend to Steam: {"error":"{\"reason_code\":90201,\"status\":900,\"status_message\":\"Client has been disabled due to identical repeat Authentication calls that are throwing errors. Authenticating with the same credentials is disabled for 30 seconds\",\"severity\":\"ERROR\"}"}
[09/07/2567 21:51:44.461] ARG 0: D:\shared\games\Ultimate.Chicken.Horse.Build.14630387\UltimateChickenHorse.exe
[09/07/2567 21:51:44.461] Backend: attempting to connect with Steam
[09/07/2567 21:51:44.462] Couldn't connect backend to Steam: {"error":"{\"reason_code\":90201,\"status\":900,\"status_message\":\"Client has been disabled due to identical repeat Authentication calls that are throwing errors. Authenticating with the same credentials is disabled for 30 seconds\",\"severity\":\"ERROR\"}"}
[09/07/2567 21:51:44.477] ARG 0: D:\shared\games\Ultimate.Chicken.Horse.Build.14630387\UltimateChickenHorse.exe
[09/07/2567 21:51:44.478] Backend: attempting to connect with Steam
[09/07/2567 21:51:44.479] Couldn't connect backend to Steam: {"error":"{\"reason_code\":90201,\"status\":900,\"status_message\":\"Client has been disabled due to identical repeat Authentication calls that are throwing errors. Authenticating with the same credentials is disabled for 30 seconds\",\"severity\":\"ERROR\"}"}
[09/07/2567 21:51:44.494] ARG 0: D:\shared\games\Ultimate.Chicken.Horse.Build.14630387\UltimateChickenHorse.exe
[09/07/2567 21:51:44.496] Backend: attempting to connect with Steam
[09/07/2567 21:51:44.497] Couldn't connect backend to Steam: {"error":"{\"reason_code\":90201,\"status\":900,\"status_message\":\"Client has been disabled due to identical repeat Authentication calls that are throwing errors. Authenticating with the same credentials is disabled for 30 seconds\",\"severity\":\"ERROR\"}"}
[09/07/2567 21:51:44.511] ARG 0: D:\shared\games\Ultimate.Chicken.Horse.Build.14630387\UltimateChickenHorse.exe
[09/07/2567 21:51:44.512] Backend: attempting to connect with Steam
[09/07/2567 21:51:44.512] Couldn't connect backend to Steam: {"error":"{\"reason_code\":90201,\"status\":900,\"status_message\":\"Client has been disabled due to identical repeat Authentication calls that are throwing errors. Authenticating with the same credentials is disabled for 30 seconds\",\"severity\":\"ERROR\"}"}
[09/07/2567 21:51:44.528] ARG 0: D:\shared\games\Ultimate.Chicken.Horse.Build.14630387\UltimateChickenHorse.exe
[09/07/2567 21:51:44.529] Backend: attempting to connect with Steam
[09/07/2567 21:51:44.530] Couldn't connect backend to Steam: {"error":"{\"reason_code\":90201,\"status\":900,\"status_message\":\"Client has been disabled due to identical repeat Authentication calls that are throwing errors. Authenticating with the same credentials is disabled for 30 seconds\",\"severity\":\"ERROR\"}"}
[09/07/2567 21:51:44.545] ARG 0: D:\shared\games\Ultimate.Chicken.Horse.Build.14630387\UltimateChickenHorse.exe
[09/07/2567 21:51:44.545] Backend: attempting to connect with Steam
[09/07/2567 21:51:44.546] Couldn't connect backend to Steam: {"error":"{\"reason_code\":90201,\"status\":900,\"status_message\":\"Client has been disabled due to identical repeat Authentication calls that are throwing errors. Authenticating with the same credentials is disabled for 30 seconds\",\"severity\":\"ERROR\"}"}
[09/07/2567 21:51:44.562] ARG 0: D:\shared\games\Ultimate.Chicken.Horse.Build.14630387\UltimateChickenHorse.exe
[09/07/2567 21:51:44.562] Backend: attempting to connect with Steam
[09/07/2567 21:51:44.563] Couldn't connect backend to Steam: {"error":"{\"reason_code\":90201,\"status\":900,\"status_message\":\"Client has been disabled due to identical repeat Authentication calls that are throwing errors. Authenticating with the same credentials is disabled for 30 seconds\",\"severity\":\"ERROR\"}"}
[09/07/2567 21:51:44.578] ARG 0: D:\shared\games\Ultimate.Chicken.Horse.Build.14630387\UltimateChickenHorse.exe
[09/07/2567 21:51:44.578] Backend: attempting to connect with Steam
[09/07/2567 21:51:44.579] Couldn't connect backend to Steam: {"error":"{\"reason_code\":90201,\"status\":900,\"status_message\":\"Client has been disabled due to identical repeat Authentication calls that are throwing errors. Authenticating with the same credentials is disabled for 30 seconds\",\"severity\":\"ERROR\"}"}
[09/07/2567 21:51:44.595] ARG 0: D:\shared\games\Ultimate.Chicken.Horse.Build.14630387\UltimateChickenHorse.exe
[09/07/2567 21:51:44.595] Backend: attempting to connect with Steam
[09/07/2567 21:51:44.596] Couldn't connect backend to Steam: {"error":"{\"reason_code\":90201,\"status\":900,\"status_message\":\"Client has been disabled due to identical repeat Authentication calls that are throwing errors. Authenticating with the same credentials is disabled for 30 seconds\",\"severity\":\"ERROR\"}"}
[09/07/2567 21:51:44.611] ARG 0: D:\shared\games\Ultimate.Chicken.Horse.Build.14630387\UltimateChickenHorse.exe
[09/07/2567 21:51:44.612] Backend: attempting to connect with Steam
[09/07/2567 21:51:44.613] Couldn't connect backend to Steam: {"error":"{\"reason_code\":90201,\"status\":900,\"status_message\":\"Client has been disabled due to identical repeat Authentication calls that are throwing errors. Authenticating with the same credentials is disabled for 30 seconds\",\"severity\":\"ERROR\"}"}
[09/07/2567 21:51:44.628] ARG 0: D:\shared\games\Ultimate.Chicken.Horse.Build.14630387\UltimateChickenHorse.exe
[09/07/2567 21:51:44.629] Backend: attempting to connect with Steam
[09/07/2567 21:51:44.629] Couldn't connect backend to Steam: {"error":"{\"reason_code\":90201,\"status\":900,\"status_message\":\"Client has been disabled due to identical repeat Authentication calls that are throwing errors. Authenticating with the same credentials is disabled for 30 seconds\",\"severity\":\"ERROR\"}"}
[09/07/2567 21:51:44.645] ARG 0: D:\shared\games\Ultimate.Chicken.Horse.Build.14630387\UltimateChickenHorse.exe
[09/07/2567 21:51:44.645] Backend: attempting to connect with Steam
[09/07/2567 21:51:44.646] Couldn't connect backend to Steam: {"error":"{\"reason_code\":90201,\"status\":900,\"status_message\":\"Client has been disabled due to identical repeat Authentication calls that are throwing errors. Authenticating with the same credentials is disabled for 30 seconds\",\"severity\":\"ERROR\"}"}
[09/07/2567 21:51:44.661] ARG 0: D:\shared\games\Ultimate.Chicken.Horse.Build.14630387\UltimateChickenHorse.exe
[09/07/2567 21:51:44.662] Backend: attempting to connect with Steam
[09/07/2567 21:51:44.662] Couldn't connect backend to Steam: {"error":"{\"reason_code\":90201,\"status\":900,\"status_message\":\"Client has been disabled due to identical repeat Authentication calls that are throwing errors. Authenticating with the same credentials is disabled for 30 seconds\",\"severity\":\"ERROR\"}"}
[09/07/2567 21:51:44.678] ARG 0: D:\shared\games\Ultimate.Chicken.Horse.Build.14630387\UltimateChickenHorse.exe
[09/07/2567 21:51:44.679] Backend: attempting to connect with Steam
[09/07/2567 21:51:44.680] Couldn't connect backend to Steam: {"error":"{\"reason_code\":90201,\"status\":900,\"status_message\":\"Client has been disabled due to identical repeat Authentication calls that are throwing errors. Authenticating with the same credentials is disabled for 30 seconds\",\"severity\":\"ERROR\"}"}
[09/07/2567 21:51:44.695] ARG 0: D:\shared\games\Ultimate.Chicken.Horse.Build.14630387\UltimateChickenHorse.exe
[09/07/2567 21:51:44.695] Backend: attempting to connect with Steam
[09/07/2567 21:51:44.696] Couldn't connect backend to Steam: {"error":"{\"reason_code\":90201,\"status\":900,\"status_message\":\"Client has been disabled due to identical repeat Authentication calls that are throwing errors. Authenticating with the same credentials is disabled for 30 seconds\",\"severity\":\"ERROR\"}"}
[09/07/2567 21:51:44.711] ARG 0: D:\shared\games\Ultimate.Chicken.Horse.Build.14630387\UltimateChickenHorse.exe
[09/07/2567 21:51:44.711] Backend: attempting to connect with Steam
[09/07/2567 21:51:44.712] Couldn't connect backend to Steam: {"error":"{\"reason_code\":90201,\"status\":900,\"status_message\":\"Client has been disabled due to identical repeat Authentication calls that are throwing errors. Authenticating with the same credentials is disabled for 30 seconds\",\"severity\":\"ERROR\"}"}
[09/07/2567 21:51:44.728] ARG 0: D:\shared\games\Ultimate.Chicken.Horse.Build.14630387\UltimateChickenHorse.exe
[09/07/2567 21:51:44.728] Backend: attempting to connect with Steam
[09/07/2567 21:51:44.729] Couldn't connect backend to Steam: {"error":"{\"reason_code\":90201,\"status\":900,\"status_message\":\"Client has been disabled due to identical repeat Authentication calls that are throwing errors. Authenticating with the same credentials is disabled for 30 seconds\",\"severity\":\"ERROR\"}"}
[09/07/2567 21:51:44.745] ARG 0: D:\shared\games\Ultimate.Chicken.Horse.Build.14630387\UltimateChickenHorse.exe
[09/07/2567 21:51:44.745] Backend: attempting to connect with Steam
[09/07/2567 21:51:44.746] Couldn't connect backend to Steam: {"error":"{\"reason_code\":90201,\"status\":900,\"status_message\":\"Client has been disabled due to identical repeat Authentication calls that are throwing errors. Authenticating with the same credentials is disabled for 30 seconds\",\"severity\":\"ERROR\"}"}
[09/07/2567 21:51:44.761] ARG 0: D:\shared\games\Ultimate.Chicken.Horse.Build.14630387\UltimateChickenHorse.exe
[09/07/2567 21:51:44.762] Backend: attempting to connect with Steam
[09/07/2567 21:51:44.762] Couldn't connect backend to Steam: {"error":"{\"reason_code\":90201,\"status\":900,\"status_message\":\"Client has been disabled due to identical repeat Authentication calls that are throwing errors. Authenticating with the same credentials is disabled for 30 seconds\",\"severity\":\"ERROR\"}"}
[09/07/2567 21:51:44.778] ARG 0: D:\shared\games\Ultimate.Chicken.Horse.Build.14630387\UltimateChickenHorse.exe
[09/07/2567 21:51:44.779] Backend: attempting to connect with Steam
[09/07/2567 21:51:44.779] Couldn't connect backend to Steam: {"error":"{\"reason_code\":90201,\"status\":900,\"status_message\":\"Client has been disabled due to identical repeat Authentication calls that are throwing errors. Authenticating with the same credentials is disabled for 30 seconds\",\"severity\":\"ERROR\"}"}
[09/07/2567 21:51:44.794] ARG 0: D:\shared\games\Ultimate.Chicken.Horse.Build.14630387\UltimateChickenHorse.exe
[09/07/2567 21:51:44.794] Backend: attempting to connect with Steam
[09/07/2567 21:51:44.797] Couldn't connect backend to Steam: {"error":"{\"reason_code\":90201,\"status\":900,\"status_message\":\"Client has been disabled due to identical repeat Authentication calls that are throwing errors. Authenticating with the same credentials is disabled for 30 seconds\",\"severity\":\"ERROR\"}"}
[09/07/2567 21:51:44.811] ARG 0: D:\shared\games\Ultimate.Chicken.Horse.Build.14630387\UltimateChickenHorse.exe
[09/07/2567 21:51:44.812] Backend: attempting to connect with Steam
[09/07/2567 21:51:44.812] Couldn't connect backend to Steam: {"error":"{\"reason_code\":90201,\"status\":900,\"status_message\":\"Client has been disabled due to identical repeat Authentication calls that are throwing errors. Authenticating with the same credentials is disabled for 30 seconds\",\"severity\":\"ERROR\"}"}
[09/07/2567 21:51:44.828] ARG 0: D:\shared\games\Ultimate.Chicken.Horse.Build.14630387\UltimateChickenHorse.exe
[09/07/2567 21:51:44.829] Backend: attempting to connect with Steam
[09/07/2567 21:51:44.830] Couldn't connect backend to Steam: {"error":"{\"reason_code\":90201,\"status\":900,\"status_message\":\"Client has been disabled due to identical repeat Authentication calls that are throwing errors. Authenticating with the same credentials is disabled for 30 seconds\",\"severity\":\"ERROR\"}"}
[09/07/2567 21:51:44.845] ARG 0: D:\shared\games\Ultimate.Chicken.Horse.Build.14630387\UltimateChickenHorse.exe
[09/07/2567 21:51:44.845] Backend: attempting to connect with Steam
[09/07/2567 21:51:44.846] Couldn't connect backend to Steam: {"error":"{\"reason_code\":90201,\"status\":900,\"status_message\":\"Client has been disabled due to identical repeat Authentication calls that are throwing errors. Authenticating with the same credentials is disabled for 30 seconds\",\"severity\":\"ERROR\"}"}
[09/07/2567 21:51:44.861] ARG 0: D:\shared\games\Ultimate.Chicken.Horse.Build.14630387\UltimateChickenHorse.exe
[09/07/2567 21:51:44.862] Backend: attempting to connect with Steam
[09/07/2567 21:51:44.863] Couldn't connect backend to Steam: {"error":"{\"reason_code\":90201,\"status\":900,\"status_message\":\"Client has been disabled due to identical repeat Authentication calls that are throwing errors. Authenticating with the same credentials is disabled for 30 seconds\",\"severity\":\"ERROR\"}"}
[09/07/2567 21:51:44.877] ARG 0: D:\shared\games\Ultimate.Chicken.Horse.Build.14630387\UltimateChickenHorse.exe
[09/07/2567 21:51:44.878] Backend: attempting to connect with Steam
[09/07/2567 21:51:44.879] Couldn't connect backend to Steam: {"error":"{\"reason_code\":90201,\"status\":900,\"status_message\":\"Client has been disabled due to identical repeat Authentication calls that are throwing errors. Authenticating with the same credentials is disabled for 30 seconds\",\"severity\":\"ERROR\"}"}
[09/07/2567 21:51:44.895] ARG 0: D:\shared\games\Ultimate.Chicken.Horse.Build.14630387\UltimateChickenHorse.exe
[09/07/2567 21:51:44.895] Backend: attempting to connect with Steam
[09/07/2567 21:51:44.896] Couldn't connect backend to Steam: {"error":"{\"reason_code\":90201,\"status\":900,\"status_message\":\"Client has been disabled due to identical repeat Authentication calls that are throwing errors. Authenticating with the same credentials is disabled for 30 seconds\",\"severity\":\"ERROR\"}"}
[09/07/2567 21:51:44.911] ARG 0: D:\shared\games\Ultimate.Chicken.Horse.Build.14630387\UltimateChickenHorse.exe
[09/07/2567 21:51:44.911] Backend: attempting to connect with Steam
[09/07/2567 21:51:44.913] Couldn't connect backend to Steam: {"error":"{\"reason_code\":90201,\"status\":900,\"status_message\":\"Client has been disabled due to identical repeat Authentication calls that are throwing errors. Authenticating with the same credentials is disabled for 30 seconds\",\"severity\":\"ERROR\"}"}
[09/07/2567 21:51:44.927] ARG 0: D:\shared\games\Ultimate.Chicken.Horse.Build.14630387\UltimateChickenHorse.exe
[09/07/2567 21:51:44.928] Backend: attempting to connect with Steam
[09/07/2567 21:51:44.929] Couldn't connect backend to Steam: {"error":"{\"reason_code\":90201,\"status\":900,\"status_message\":\"Client has been disabled due to identical repeat Authentication calls that are throwing errors. Authenticating with the same credentials is disabled for 30 seconds\",\"severity\":\"ERROR\"}"}
[09/07/2567 21:51:44.945] ARG 0: D:\shared\games\Ultimate.Chicken.Horse.Build.14630387\UltimateChickenHorse.exe
[09/07/2567 21:51:44.945] Backend: attempting to connect with Steam
[09/07/2567 21:51:44.946] Couldn't connect backend to Steam: {"error":"{\"reason_code\":90201,\"status\":900,\"status_message\":\"Client has been disabled due to identical repeat Authentication calls that are throwing errors. Authenticating with the same credentials is disabled for 30 seconds\",\"severity\":\"ERROR\"}"}
[09/07/2567 21:51:44.961] ARG 0: D:\shared\games\Ultimate.Chicken.Horse.Build.14630387\UltimateChickenHorse.exe
[09/07/2567 21:51:44.962] Backend: attempting to connect with Steam
[09/07/2567 21:51:44.962] Couldn't connect backend to Steam: {"error":"{\"reason_code\":90201,\"status\":900,\"status_message\":\"Client has been disabled due to identical repeat Authentication calls that are throwing errors. Authenticating with the same credentials is disabled for 30 seconds\",\"severity\":\"ERROR\"}"}
[09/07/2567 21:51:44.978] ARG 0: D:\shared\games\Ultimate.Chicken.Horse.Build.14630387\UltimateChickenHorse.exe
[09/07/2567 21:51:44.978] Backend: attempting to connect with Steam
[09/07/2567 21:51:44.979] Couldn't connect backend to Steam: {"error":"{\"reason_code\":90201,\"status\":900,\"status_message\":\"Client has been disabled due to identical repeat Authentication calls that are throwing errors. Authenticating with the same credentials is disabled for 30 seconds\",\"severity\":\"ERROR\"}"}
[09/07/2567 21:51:44.994] ARG 0: D:\shared\games\Ultimate.Chicken.Horse.Build.14630387\UltimateChickenHorse.exe
[09/07/2567 21:51:44.994] Backend: attempting to connect with Steam
[09/07/2567 21:51:44.995] Couldn't connect backend to Steam: {"error":"{\"reason_code\":90201,\"status\":900,\"status_message\":\"Client has been disabled due to identical repeat Authentication calls that are throwing errors. Authenticating with the same credentials is disabled for 30 seconds\",\"severity\":\"ERROR\"}"}
[09/07/2567 21:51:45.011] ARG 0: D:\shared\games\Ultimate.Chicken.Horse.Build.14630387\UltimateChickenHorse.exe
[09/07/2567 21:51:45.011] Backend: attempting to connect with Steam
[09/07/2567 21:51:45.012] Couldn't connect backend to Steam: {"error":"{\"reason_code\":90201,\"status\":900,\"status_message\":\"Client has been disabled due to identical repeat Authentication calls that are throwing errors. Authenticating with the same credentials is disabled for 30 seconds\",\"severity\":\"ERROR\"}"}
[09/07/2567 21:51:45.028] ARG 0: D:\shared\games\Ultimate.Chicken.Horse.Build.14630387\UltimateChickenHorse.exe
[09/07/2567 21:51:45.028] Backend: attempting to connect with Steam
[09/07/2567 21:51:45.029] Couldn't connect backend to Steam: {"error":"{\"reason_code\":90201,\"status\":900,\"status_message\":\"Client has been disabled due to identical repeat Authentication calls that are throwing errors. Authenticating with the same credentials is disabled for 30 seconds\",\"severity\":\"ERROR\"}"}
[09/07/2567 21:51:45.044] ARG 0: D:\shared\games\Ultimate.Chicken.Horse.Build.14630387\UltimateChickenHorse.exe
[09/07/2567 21:51:45.045] Backend: attempting to connect with Steam
[09/07/2567 21:51:45.046] Couldn't connect backend to Steam: {"error":"{\"reason_code\":90201,\"status\":900,\"status_message\":\"Client has been disabled due to identical repeat Authentication calls that are throwing errors. Authenticating with the same credentials is disabled for 30 seconds\",\"severity\":\"ERROR\"}"}
[09/07/2567 21:51:45.061] ARG 0: D:\shared\games\Ultimate.Chicken.Horse.Build.14630387\UltimateChickenHorse.exe
[09/07/2567 21:51:45.061] Backend: attempting to connect with Steam
[09/07/2567 21:51:45.062] Couldn't connect backend to Steam: {"error":"{\"reason_code\":90201,\"status\":900,\"status_message\":\"Client has been disabled due to identical repeat Authentication calls that are throwing errors. Authenticating with the same credentials is disabled for 30 seconds\",\"severity\":\"ERROR\"}"}
[09/07/2567 21:51:45.077] ARG 0: D:\shared\games\Ultimate.Chicken.Horse.Build.14630387\UltimateChickenHorse.exe
[09/07/2567 21:51:45.078] Backend: attempting to connect with Steam
[09/07/2567 21:51:45.079] Couldn't connect backend to Steam: {"error":"{\"reason_code\":90201,\"status\":900,\"status_message\":\"Client has been disabled due to identical repeat Authentication calls that are throwing errors. Authenticating with the same credentials is disabled for 30 seconds\",\"severity\":\"ERROR\"}"}
[09/07/2567 21:51:45.080] Starting Local Play
[09/07/2567 21:51:45.094] ARG 0: D:\shared\games\Ultimate.Chicken.Horse.Build.14630387\UltimateChickenHorse.exe
[09/07/2567 21:51:45.094] Backend: attempting to connect with Steam
[09/07/2567 21:51:45.095] Couldn't connect backend to Steam: {"error":"{\"reason_code\":90201,\"status\":900,\"status_message\":\"Client has been disabled due to identical repeat Authentication calls that are throwing errors. Authenticating with the same credentials is disabled for 30 seconds\",\"severity\":\"ERROR\"}"}
[09/07/2567 21:51:45.111] ARG 0: D:\shared\games\Ultimate.Chicken.Horse.Build.14630387\UltimateChickenHorse.exe
[09/07/2567 21:51:45.112] Backend: attempting to connect with Steam
[09/07/2567 21:51:45.112] Couldn't connect backend to Steam: {"error":"{\"reason_code\":90201,\"status\":900,\"status_message\":\"Client has been disabled due to identical repeat Authentication calls that are throwing errors. Authenticating with the same credentials is disabled for 30 seconds\",\"severity\":\"ERROR\"}"}
[09/07/2567 21:51:45.128] ARG 0: D:\shared\games\Ultimate.Chicken.Horse.Build.14630387\UltimateChickenHorse.exe
[09/07/2567 21:51:45.129] Backend: attempting to connect with Steam
[09/07/2567 21:51:45.129] Couldn't connect backend to Steam: {"error":"{\"reason_code\":90201,\"status\":900,\"status_message\":\"Client has been disabled due to identical repeat Authentication calls that are throwing errors. Authenticating with the same credentials is disabled for 30 seconds\",\"severity\":\"ERROR\"}"}
[09/07/2567 21:51:45.145] ARG 0: D:\shared\games\Ultimate.Chicken.Horse.Build.14630387\UltimateChickenHorse.exe
[09/07/2567 21:51:45.145] Backend: attempting to connect with Steam
[09/07/2567 21:51:45.146] Couldn't connect backend to Steam: {"error":"{\"reason_code\":90201,\"status\":900,\"status_message\":\"Client has been disabled due to identical repeat Authentication calls that are throwing errors. Authenticating with the same credentials is disabled for 30 seconds\",\"severity\":\"ERROR\"}"}
[09/07/2567 21:51:45.161] ARG 0: D:\shared\games\Ultimate.Chicken.Horse.Build.14630387\UltimateChickenHorse.exe
[09/07/2567 21:51:45.161] Backend: attempting to connect with Steam
[09/07/2567 21:51:45.163] Couldn't connect backend to Steam: {"error":"{\"reason_code\":90201,\"status\":900,\"status_message\":\"Client has been disabled due to identical repeat Authentication calls that are throwing errors. Authenticating with the same credentials is disabled for 30 seconds\",\"severity\":\"ERROR\"}"}
[09/07/2567 21:51:45.178] ARG 0: D:\shared\games\Ultimate.Chicken.Horse.Build.14630387\UltimateChickenHorse.exe
[09/07/2567 21:51:45.178] Backend: attempting to connect with Steam
[09/07/2567 21:51:45.179] Couldn't connect backend to Steam: {"error":"{\"reason_code\":90201,\"status\":900,\"status_message\":\"Client has been disabled due to identical repeat Authentication calls that are throwing errors. Authenticating with the same credentials is disabled for 30 seconds\",\"severity\":\"ERROR\"}"}
[09/07/2567 21:51:45.194] ARG 0: D:\shared\games\Ultimate.Chicken.Horse.Build.14630387\UltimateChickenHorse.exe
[09/07/2567 21:51:45.194] Backend: attempting to connect with Steam
[09/07/2567 21:51:45.195] Couldn't connect backend to Steam: {"error":"{\"reason_code\":90201,\"status\":900,\"status_message\":\"Client has been disabled due to identical repeat Authentication calls that are throwing errors. Authenticating with the same credentials is disabled for 30 seconds\",\"severity\":\"ERROR\"}"}
[09/07/2567 21:51:45.211] ARG 0: D:\shared\games\Ultimate.Chicken.Horse.Build.14630387\UltimateChickenHorse.exe
[09/07/2567 21:51:45.212] Backend: attempting to connect with Steam
[09/07/2567 21:51:45.212] Couldn't connect backend to Steam: {"error":"{\"reason_code\":90201,\"status\":900,\"status_message\":\"Client has been disabled due to identical repeat Authentication calls that are throwing errors. Authenticating with the same credentials is disabled for 30 seconds\",\"severity\":\"ERROR\"}"}
[09/07/2567 21:51:45.228] ARG 0: D:\shared\games\Ultimate.Chicken.Horse.Build.14630387\UltimateChickenHorse.exe
[09/07/2567 21:51:45.228] Backend: attempting to connect with Steam
[09/07/2567 21:51:45.229] Couldn't connect backend to Steam: {"error":"{\"reason_code\":90201,\"status\":900,\"status_message\":\"Client has been disabled due to identical repeat Authentication calls that are throwing errors. Authenticating with the same credentials is disabled for 30 seconds\",\"severity\":\"ERROR\"}"}
[09/07/2567 21:51:45.245] ARG 0: D:\shared\games\Ultimate.Chicken.Horse.Build.14630387\UltimateChickenHorse.exe
[09/07/2567 21:51:45.245] Backend: attempting to connect with Steam
[09/07/2567 21:51:45.246] Couldn't connect backend to Steam: {"error":"{\"reason_code\":90201,\"status\":900,\"status_message\":\"Client has been disabled due to identical repeat Authentication calls that are throwing errors. Authenticating with the same credentials is disabled for 30 seconds\",\"severity\":\"ERROR\"}"}
[09/07/2567 21:51:45.261] ARG 0: D:\shared\games\Ultimate.Chicken.Horse.Build.14630387\UltimateChickenHorse.exe
[09/07/2567 21:51:45.262] Backend: attempting to connect with Steam
[09/07/2567 21:51:45.263] Couldn't connect backend to Steam: {"error":"{\"reason_code\":90201,\"status\":900,\"status_message\":\"Client has been disabled due to identical repeat Authentication calls that are throwing errors. Authenticating with the same credentials is disabled for 30 seconds\",\"severity\":\"ERROR\"}"}
[09/07/2567 21:51:45.278] ARG 0: D:\shared\games\Ultimate.Chicken.Horse.Build.14630387\UltimateChickenHorse.exe
[09/07/2567 21:51:45.278] Backend: attempting to connect with Steam
[09/07/2567 21:51:45.279] Couldn't connect backend to Steam: {"error":"{\"reason_code\":90201,\"status\":900,\"status_message\":\"Client has been disabled due to identical repeat Authentication calls that are throwing errors. Authenticating with the same credentials is disabled for 30 seconds\",\"severity\":\"ERROR\"}"}
[09/07/2567 21:51:45.294] ARG 0: D:\shared\games\Ultimate.Chicken.Horse.Build.14630387\UltimateChickenHorse.exe
[09/07/2567 21:51:45.294] Backend: attempting to connect with Steam
[09/07/2567 21:51:45.295] Couldn't connect backend to Steam: {"error":"{\"reason_code\":90201,\"status\":900,\"status_message\":\"Client has been disabled due to identical repeat Authentication calls that are throwing errors. Authenticating with the same credentials is disabled for 30 seconds\",\"severity\":\"ERROR\"}"}
[09/07/2567 21:51:45.311] ARG 0: D:\shared\games\Ultimate.Chicken.Horse.Build.14630387\UltimateChickenHorse.exe
[09/07/2567 21:51:45.312] Backend: attempting to connect with Steam
[09/07/2567 21:51:45.313] Couldn't connect backend to Steam: {"error":"{\"reason_code\":90201,\"status\":900,\"status_message\":\"Client has been disabled due to identical repeat Authentication calls that are throwing errors. Authenticating with the same credentials is disabled for 30 seconds\",\"severity\":\"ERROR\"}"}
[09/07/2567 21:51:45.328] ARG 0: D:\shared\games\Ultimate.Chicken.Horse.Build.14630387\UltimateChickenHorse.exe
[09/07/2567 21:51:45.328] Backend: attempting to connect with Steam
[09/07/2567 21:51:45.329] Couldn't connect backend to Steam: {"error":"{\"reason_code\":90201,\"status\":900,\"status_message\":\"Client has been disabled due to identical repeat Authentication calls that are throwing errors. Authenticating with the same credentials is disabled for 30 seconds\",\"severity\":\"ERROR\"}"}
[09/07/2567 21:51:45.344] ARG 0: D:\shared\games\Ultimate.Chicken.Horse.Build.14630387\UltimateChickenHorse.exe
[09/07/2567 21:51:45.345] Backend: attempting to connect with Steam
[09/07/2567 21:51:45.346] Couldn't connect backend to Steam: {"error":"{\"reason_code\":90201,\"status\":900,\"status_message\":\"Client has been disabled due to identical repeat Authentication calls that are throwing errors. Authenticating with the same credentials is disabled for 30 seconds\",\"severity\":\"ERROR\"}"}
[09/07/2567 21:51:45.361] ARG 0: D:\shared\games\Ultimate.Chicken.Horse.Build.14630387\UltimateChickenHorse.exe
[09/07/2567 21:51:45.361] Backend: attempting to connect with Steam
[09/07/2567 21:51:45.362] Couldn't connect backend to Steam: {"error":"{\"reason_code\":90201,\"status\":900,\"status_message\":\"Client has been disabled due to identical repeat Authentication calls that are throwing errors. Authenticating with the same credentials is disabled for 30 seconds\",\"severity\":\"ERROR\"}"}
[09/07/2567 21:51:45.377] ARG 0: D:\shared\games\Ultimate.Chicken.Horse.Build.14630387\UltimateChickenHorse.exe
[09/07/2567 21:51:45.378] Backend: attempting to connect with Steam
[09/07/2567 21:51:45.379] Couldn't connect backend to Steam: {"error":"{\"reason_code\":90201,\"status\":900,\"status_message\":\"Client has been disabled due to identical repeat Authentication calls that are throwing errors. Authenticating with the same credentials is disabled for 30 seconds\",\"severity\":\"ERROR\"}"}
[09/07/2567 21:51:45.395] ARG 0: D:\shared\games\Ultimate.Chicken.Horse.Build.14630387\UltimateChickenHorse.exe
[09/07/2567 21:51:45.395] Backend: attempting to connect with Steam
[09/07/2567 21:51:45.396] Couldn't connect backend to Steam: {"error":"{\"reason_code\":90201,\"status\":900,\"status_message\":\"Client has been disabled due to identical repeat Authentication calls that are throwing errors. Authenticating with the same credentials is disabled for 30 seconds\",\"severity\":\"ERROR\"}"}
[09/07/2567 21:51:45.411] ARG 0: D:\shared\games\Ultimate.Chicken.Horse.Build.14630387\UltimateChickenHorse.exe
[09/07/2567 21:51:45.412] Backend: attempting to connect with Steam
[09/07/2567 21:51:45.413] Couldn't connect backend to Steam: {"error":"{\"reason_code\":90201,\"status\":900,\"status_message\":\"Client has been disabled due to identical repeat Authentication calls that are throwing errors. Authenticating with the same credentials is disabled for 30 seconds\",\"severity\":\"ERROR\"}"}
[09/07/2567 21:51:45.428] ARG 0: D:\shared\games\Ultimate.Chicken.Horse.Build.14630387\UltimateChickenHorse.exe
[09/07/2567 21:51:45.428] Backend: attempting to connect with Steam
[09/07/2567 21:51:45.429] Couldn't connect backend to Steam: {"error":"{\"reason_code\":90201,\"status\":900,\"status_message\":\"Client has been disabled due to identical repeat Authentication calls that are throwing errors. Authenticating with the same credentials is disabled for 30 seconds\",\"severity\":\"ERROR\"}"}
[09/07/2567 21:51:45.444] ARG 0: D:\shared\games\Ultimate.Chicken.Horse.Build.14630387\UltimateChickenHorse.exe
[09/07/2567 21:51:45.445] Backend: attempting to connect with Steam
[09/07/2567 21:51:45.446] Couldn't connect backend to Steam: {"error":"{\"reason_code\":90201,\"status\":900,\"status_message\":\"Client has been disabled due to identical repeat Authentication calls that are throwing errors. Authenticating with the same credentials is disabled for 30 seconds\",\"severity\":\"ERROR\"}"}
[09/07/2567 21:51:45.461] ARG 0: D:\shared\games\Ultimate.Chicken.Horse.Build.14630387\UltimateChickenHorse.exe
[09/07/2567 21:51:45.461] Backend: attempting to connect with Steam
[09/07/2567 21:51:45.462] Couldn't connect backend to Steam: {"error":"{\"reason_code\":90201,\"status\":900,\"status_message\":\"Client has been disabled due to identical repeat Authentication calls that are throwing errors. Authenticating with the same credentials is disabled for 30 seconds\",\"severity\":\"ERROR\"}"}
[09/07/2567 21:51:45.478] ARG 0: D:\shared\games\Ultimate.Chicken.Horse.Build.14630387\UltimateChickenHorse.exe
[09/07/2567 21:51:45.478] Backend: attempting to connect with Steam
[09/07/2567 21:51:45.480] Couldn't connect backend to Steam: {"error":"{\"reason_code\":90201,\"status\":900,\"status_message\":\"Client has been disabled due to identical repeat Authentication calls that are throwing errors. Authenticating with the same credentials is disabled for 30 seconds\",\"severity\":\"ERROR\"}"}
[09/07/2567 21:51:45.495] ARG 0: D:\shared\games\Ultimate.Chicken.Horse.Build.14630387\UltimateChickenHorse.exe
[09/07/2567 21:51:45.495] Backend: attempting to connect with Steam
[09/07/2567 21:51:45.496] Couldn't connect backend to Steam: {"error":"{\"reason_code\":90201,\"status\":900,\"status_message\":\"Client has been disabled due to identical repeat Authentication calls that are throwing errors. Authenticating with the same credentials is disabled for 30 seconds\",\"severity\":\"ERROR\"}"}
[09/07/2567 21:51:45.511] ARG 0: D:\shared\games\Ultimate.Chicken.Horse.Build.14630387\UltimateChickenHorse.exe
[09/07/2567 21:51:45.511] Backend: attempting to connect with Steam
[09/07/2567 21:51:45.512] Couldn't connect backend to Steam: {"error":"{\"reason_code\":90201,\"status\":900,\"status_message\":\"Client has been disabled due to identical repeat Authentication calls that are throwing errors. Authenticating with the same credentials is disabled for 30 seconds\",\"severity\":\"ERROR\"}"}
[09/07/2567 21:51:45.528] ARG 0: D:\shared\games\Ultimate.Chicken.Horse.Build.14630387\UltimateChickenHorse.exe
[09/07/2567 21:51:45.528] Backend: attempting to connect with Steam
[09/07/2567 21:51:45.529] Couldn't connect backend to Steam: {"error":"{\"reason_code\":90201,\"status\":900,\"status_message\":\"Client has been disabled due to identical repeat Authentication calls that are throwing errors. Authenticating with the same credentials is disabled for 30 seconds\",\"severity\":\"ERROR\"}"}
[09/07/2567 21:51:45.545] ARG 0: D:\shared\games\Ultimate.Chicken.Horse.Build.14630387\UltimateChickenHorse.exe
[09/07/2567 21:51:45.545] Backend: attempting to connect with Steam
[09/07/2567 21:51:45.546] Couldn't connect backend to Steam: {"error":"{\"reason_code\":90201,\"status\":900,\"status_message\":\"Client has been disabled due to identical repeat Authentication calls that are throwing errors. Authenticating with the same credentials is disabled for 30 seconds\",\"severity\":\"ERROR\"}"}
[09/07/2567 21:51:45.561] ARG 0: D:\shared\games\Ultimate.Chicken.Horse.Build.14630387\UltimateChickenHorse.exe
[09/07/2567 21:51:45.562] Backend: attempting to connect with Steam
[09/07/2567 21:51:45.563] Couldn't connect backend to Steam: {"error":"{\"reason_code\":90201,\"status\":900,\"status_message\":\"Client has been disabled due to identical repeat Authentication calls that are throwing errors. Authenticating with the same credentials is disabled for 30 seconds\",\"severity\":\"ERROR\"}"}
[09/07/2567 21:51:45.578] ARG 0: D:\shared\games\Ultimate.Chicken.Horse.Build.14630387\UltimateChickenHorse.exe
[09/07/2567 21:51:45.578] Backend: attempting to connect with Steam
[09/07/2567 21:51:45.579] Couldn't connect backend to Steam: {"error":"{\"reason_code\":90201,\"status\":900,\"status_message\":\"Client has been disabled due to identical repeat Authentication calls that are throwing errors. Authenticating with the same credentials is disabled for 30 seconds\",\"severity\":\"ERROR\"}"}
[09/07/2567 21:51:45.594] ARG 0: D:\shared\games\Ultimate.Chicken.Horse.Build.14630387\UltimateChickenHorse.exe
[09/07/2567 21:51:45.595] Backend: attempting to connect with Steam
[09/07/2567 21:51:45.596] Couldn't connect backend to Steam: {"error":"{\"reason_code\":90201,\"status\":900,\"status_message\":\"Client has been disabled due to identical repeat Authentication calls that are throwing errors. Authenticating with the same credentials is disabled for 30 seconds\",\"severity\":\"ERROR\"}"}
[09/07/2567 21:51:45.610] ARG 0: D:\shared\games\Ultimate.Chicken.Horse.Build.14630387\UltimateChickenHorse.exe
[09/07/2567 21:51:45.611] Backend: attempting to connect with Steam
[09/07/2567 21:51:45.612] Couldn't connect backend to Steam: {"error":"{\"reason_code\":90201,\"status\":900,\"status_message\":\"Client has been disabled due to identical repeat Authentication calls that are throwing errors. Authenticating with the same credentials is disabled for 30 seconds\",\"severity\":\"ERROR\"}"}
[09/07/2567 21:51:45.628] ARG 0: D:\shared\games\Ultimate.Chicken.Horse.Build.14630387\UltimateChickenHorse.exe
[09/07/2567 21:51:45.629] Backend: attempting to connect with Steam
[09/07/2567 21:51:45.630] Couldn't connect backend to Steam: {"error":"{\"reason_code\":90201,\"status\":900,\"status_message\":\"Client has been disabled due to identical repeat Authentication calls that are throwing errors. Authenticating with the same credentials is disabled for 30 seconds\",\"severity\":\"ERROR\"}"}
[09/07/2567 21:51:45.630] Unloading the last loaded scene Assets/Scenes/MainMenu.unity(build index: 1), is not supported. Please use SceneManager.LoadScene()/EditorSceneManager.OpenScene() to switch to another scene.
[09/07/2567 21:51:45.631] Unloading unused assets
[09/07/2567 21:51:45.667] Collecting Garbage
[09/07/2567 21:51:45.674] Actually loading TreeHouseLobby
[09/07/2567 21:51:45.998] Scene change: TreeHouseLobby
[09/07/2567 21:51:47.660] ARG 0: D:\shared\games\Ultimate.Chicken.Horse.Build.14630387\UltimateChickenHorse.exe
[09/07/2567 21:51:47.661] Backend: attempting to connect with Steam
[09/07/2567 21:51:47.661] Couldn't connect backend to Steam: {"error":"{\"reason_code\":90201,\"status\":900,\"status_message\":\"Client has been disabled due to identical repeat Authentication calls that are throwing errors. Authenticating with the same credentials is disabled for 30 seconds\",\"severity\":\"ERROR\"}"}
[09/07/2567 21:51:49.028] Starting Host
[09/07/2567 21:51:49.126] Not listening
[09/07/2567 21:51:49.127] [Net] Starting hosting using P2P on port: 17778
[09/07/2567 21:51:49.127] OnLobbyStartHost
[09/07/2567 21:51:49.128] Before finding external IP
[09/07/2567 21:51:49.192] Lobby server connect hostId: -1 connectionId: 0 isReady: False channel count: 0
[09/07/2567 21:51:49.192] Server Connect
[09/07/2567 21:51:49.194] Client started: :0 (localhost:17778) 
[09/07/2567 21:51:49.201] Lobby client entered
[09/07/2567 21:51:49.205] Client connected: hostId: -1 connectionId: 0 isReady: True channel count: 0
[09/07/2567 21:51:49.267] Waiting for netid for lobby player 1
[09/07/2567 21:51:49.270] Server added player
[09/07/2567 21:51:49.271] Lobby Player added for local player 1
[09/07/2567 21:51:49.274] Spawned Twitch Chat ClientState...
[09/07/2567 21:51:49.285] No Main User GSID found... Trying to refresh...
[09/07/2567 21:51:49.288] Lost connection. Trying to reconnect to BrainCloud
[09/07/2567 21:51:49.289] ARG 0: D:\shared\games\Ultimate.Chicken.Horse.Build.14630387\UltimateChickenHorse.exe
[09/07/2567 21:51:49.289] Backend: attempting to connect with Steam
[09/07/2567 21:51:49.303] Received message to switch to mode PARTY
[09/07/2567 21:51:49.306] Received message to switch to mode PARTY
[09/07/2567 21:51:49.314] Couldn't connect backend to Steam: {"error":"{\"reason_code\":90201,\"status\":900,\"status_message\":\"Client has been disabled due to identical repeat Authentication calls that are throwing errors. Authenticating with the same credentials is disabled for 30 seconds\",\"severity\":\"ERROR\"}"}
[09/07/2567 21:51:49.316] Done waiting for lobby netid, trying to add again
[09/07/2567 21:51:49.317] Net id added for lobby player
[09/07/2567 21:51:49.321] Spawning lobby cursor
[09/07/2567 21:51:49.508] Warning! Page PlayOnlinePage has no page number text element!
[09/07/2567 21:51:49.508] Warning! Page PlayOnlinePage has no page number text element!
[09/07/2567 21:51:49.509] Warning! Page TabletInterface has no page number text element!
[09/07/2024 21:51:49.876] Game saved to C:/Users/ASUS/AppData/LocalLow/Clever Endeavour Games/Ultimate Chicken Horse/saveData.uch
[09/07/2024 21:51:49.889] Outfit ready to unlock in ROOFTOPS
[09/07/2024 21:51:49.894] There is an unlock at ROOFTOPS for player Noob
[09/07/2024 21:51:51.309] ARG 0: D:\shared\games\Ultimate.Chicken.Horse.Build.14630387\UltimateChickenHorse.exe
[09/07/2024 21:51:51.309] Backend: attempting to connect with Steam
[09/07/2024 21:51:51.310] Couldn't connect backend to Steam: {"error":"{\"reason_code\":90201,\"status\":900,\"status_message\":\"Client has been disabled due to identical repeat Authentication calls that are throwing errors. Authenticating with the same credentials is disabled for 30 seconds\",\"severity\":\"ERROR\"}"}
[09/07/2024 21:51:51.493] Controller connection event received: True for Player
[09/07/2024 21:51:51.494] Hiding controller prompt 1
[09/07/2024 21:51:51.494] Waiting for netid for lobby player 2
[09/07/2024 21:51:51.495] Server added player
[09/07/2024 21:51:51.495] Lobby Player added for local player 2
[09/07/2024 21:51:51.497] No Main User GSID found... Trying to refresh...
[09/07/2024 21:51:51.497] Lost connection. Trying to reconnect to BrainCloud
[09/07/2024 21:51:51.497] ARG 0: D:\shared\games\Ultimate.Chicken.Horse.Build.14630387\UltimateChickenHorse.exe
[09/07/2024 21:51:51.498] Backend: attempting to connect with Steam
[09/07/2024 21:51:51.510] Couldn't connect backend to Steam: {"error":"{\"reason_code\":90201,\"status\":900,\"status_message\":\"Client has been disabled due to identical repeat Authentication calls that are throwing errors. Authenticating with the same credentials is disabled for 30 seconds\",\"severity\":\"ERROR\"}"}
[09/07/2024 21:51:51.511] Done waiting for lobby netid, trying to add again
[09/07/2024 21:51:51.512] Net id added for lobby player
[09/07/2024 21:51:51.512] Spawning lobby cursor
[09/07/2024 21:51:52.509] Adding Player Couch Mode	Noob 2GSID	STEAMID	76561198064970412
[09/07/2024 21:51:52.510] Adding Player Couch Mode Final
[09/07/2024 21:51:52.511] NonXbox Player HandleSession 1	
[09/07/2024 21:51:52.513] NotImplementedException: The method or operation is not implemented.
	LocalLobby.GetLobbyCode () (at <4f26bd17cb924e87947cab21bf57266e>:0)
	UnityMatchmaker.HandleSession (System.Boolean isAdding, System.String userID, System.String userName, System.Action`1[T] callback, System.String reason) (at <4f26bd17cb924e87947cab21bf57266e>:0)
	LevelSelectController.AddCouchPlayer2MPSDCustomFields (LobbyPlayer player) (at <4f26bd17cb924e87947cab21bf57266e>:0)
	LevelSelectController+<GetAssosiatedLobbyPlayers>d__109.MoveNext () (at <4f26bd17cb924e87947cab21bf57266e>:0)
	UnityEngine.SetupCoroutine.InvokeMoveNext (System.Collections.IEnumerator enumerator, System.IntPtr returnValueAddress) (at <ad199b1c67244da3a5ed230e5d202f21>:0)
	
[09/07/2024 21:51:53.508] Controller connection event received: True for Player
[09/07/2024 21:51:53.509] Hiding controller prompt 2
[09/07/2024 21:51:53.509] Waiting for netid for lobby player 3
[09/07/2024 21:51:53.510] Server added player
[09/07/2024 21:51:53.510] Lobby Player added for local player 3
[09/07/2024 21:51:53.511] No Main User GSID found... Trying to refresh...
[09/07/2024 21:51:53.512] Lost connection. Trying to reconnect to BrainCloud
[09/07/2024 21:51:53.512] ARG 0: D:\shared\games\Ultimate.Chicken.Horse.Build.14630387\UltimateChickenHorse.exe
[09/07/2024 21:51:53.512] Backend: attempting to connect with Steam
[09/07/2024 21:51:53.526] Couldn't connect backend to Steam: {"error":"{\"reason_code\":90201,\"status\":900,\"status_message\":\"Client has been disabled due to identical repeat Authentication calls that are throwing errors. Authenticating with the same credentials is disabled for 30 seconds\",\"severity\":\"ERROR\"}"}
[09/07/2024 21:51:53.527] Done waiting for lobby netid, trying to add again
[09/07/2024 21:51:53.527] Net id added for lobby player
[09/07/2024 21:51:53.529] Spawning lobby cursor
[09/07/2024 21:51:54.525] Adding Player Couch Mode	Noob 3GSID	STEAMID	76561198064970412
[09/07/2024 21:51:54.526] Adding Player Couch Mode Final
[09/07/2024 21:51:54.526] NonXbox Player HandleSession 1	
[09/07/2024 21:51:54.527] NotImplementedException: The method or operation is not implemented.
	LocalLobby.GetLobbyCode () (at <4f26bd17cb924e87947cab21bf57266e>:0)
	UnityMatchmaker.HandleSession (System.Boolean isAdding, System.String userID, System.String userName, System.Action`1[T] callback, System.String reason) (at <4f26bd17cb924e87947cab21bf57266e>:0)
	LevelSelectController.AddCouchPlayer2MPSDCustomFields (LobbyPlayer player) (at <4f26bd17cb924e87947cab21bf57266e>:0)
	LevelSelectController+<GetAssosiatedLobbyPlayers>d__109.MoveNext () (at <4f26bd17cb924e87947cab21bf57266e>:0)
	UnityEngine.SetupCoroutine.InvokeMoveNext (System.Collections.IEnumerator enumerator, System.IntPtr returnValueAddress) (at <ad199b1c67244da3a5ed230e5d202f21>:0)
	
[09/07/2024 21:51:55.308] Controller connection event received: True for Player
[09/07/2024 21:51:55.308] Hiding controller prompt 3
[09/07/2024 21:51:55.309] Waiting for netid for lobby player 4
[09/07/2024 21:51:55.309] Server added player
[09/07/2024 21:51:55.309] Lobby Player added for local player 4
[09/07/2024 21:51:55.311] No Main User GSID found... Trying to refresh...
[09/07/2024 21:51:55.311] Lost connection. Trying to reconnect to BrainCloud
[09/07/2024 21:51:55.312] ARG 0: D:\shared\games\Ultimate.Chicken.Horse.Build.14630387\UltimateChickenHorse.exe
[09/07/2024 21:51:55.312] Backend: attempting to connect with Steam
[09/07/2024 21:51:55.325] Couldn't connect backend to Steam: {"error":"{\"reason_code\":90201,\"status\":900,\"status_message\":\"Client has been disabled due to identical repeat Authentication calls that are throwing errors. Authenticating with the same credentials is disabled for 30 seconds\",\"severity\":\"ERROR\"}"}
[09/07/2024 21:51:55.325] Done waiting for lobby netid, trying to add again
[09/07/2024 21:51:55.326] Net id added for lobby player
[09/07/2024 21:51:55.327] Spawning lobby cursor
[09/07/2024 21:51:56.324] Adding Player Couch Mode	Noob 4GSID	STEAMID	76561198064970412
[09/07/2024 21:51:57.728] Adding Player Couch Mode Final
[09/07/2024 21:51:57.728] NonXbox Player HandleSession 1	
[09/07/2024 21:51:57.729] NotImplementedException: The method or operation is not implemented.
	LocalLobby.GetLobbyCode () (at <4f26bd17cb924e87947cab21bf57266e>:0)
	UnityMatchmaker.HandleSession (System.Boolean isAdding, System.String userID, System.String userName, System.Action`1[T] callback, System.String reason) (at <4f26bd17cb924e87947cab21bf57266e>:0)
	LevelSelectController.AddCouchPlayer2MPSDCustomFields (LobbyPlayer player) (at <4f26bd17cb924e87947cab21bf57266e>:0)
	LevelSelectController+<GetAssosiatedLobbyPlayers>d__109.MoveNext () (at <4f26bd17cb924e87947cab21bf57266e>:0)
	UnityEngine.SetupCoroutine.InvokeMoveNext (System.Collections.IEnumerator enumerator, System.IntPtr returnValueAddress) (at <ad199b1c67244da3a5ed230e5d202f21>:0)
	
[09/07/2024 21:51:58.091] ARG 0: D:\shared\games\Ultimate.Chicken.Horse.Build.14630387\UltimateChickenHorse.exe
[09/07/2024 21:51:58.091] Backend: attempting to connect with Steam
[09/07/2024 21:51:58.092] Couldn't connect backend to Steam: {"error":"{\"reason_code\":90201,\"status\":900,\"status_message\":\"Client has been disabled due to identical repeat Authentication calls that are throwing errors. Authenticating with the same credentials is disabled for 30 seconds\",\"severity\":\"ERROR\"}"}
[09/07/2024 21:52:00.123] ARG 0: D:\shared\games\Ultimate.Chicken.Horse.Build.14630387\UltimateChickenHorse.exe
[09/07/2024 21:52:00.123] Backend: attempting to connect with Steam
[09/07/2024 21:52:00.124] Couldn't connect backend to Steam: {"error":"{\"reason_code\":90201,\"status\":900,\"status_message\":\"Client has been disabled due to identical repeat Authentication calls that are throwing errors. Authenticating with the same credentials is disabled for 30 seconds\",\"severity\":\"ERROR\"}"}
[09/07/2024 21:52:00.158] Removing player: ID=4 NetworkIdentity NetID=56 Player=LobbyPlayer(Clone) with connection hostId: -1 connectionId: 0 isReady: True channel count: 0
[09/07/2024 21:52:00.160] Player removed
[09/07/2024 21:52:00.160] OnLobbyServerPlayerRemoved Noob 4
[09/07/2024 21:52:00.162] LobbyPlayer.OnDestroy for player 4
[09/07/2024 21:52:00.163] Removing local player and controller associated with lobby player
[09/07/2024 21:52:00.164] LocalPlayerRemovedEvent called in LobbyManager
[09/07/2024 21:52:00.173] Marked LobbyPlayer Object was already destroyed!
[09/07/2024 21:52:00.174] Sending LobbyPlayerRemovedEvent for player 4
[09/07/2024 21:52:02.156] ARG 0: D:\shared\games\Ultimate.Chicken.Horse.Build.14630387\UltimateChickenHorse.exe
[09/07/2024 21:52:02.157] Backend: attempting to connect with Steam
[09/07/2024 21:52:02.158] Couldn't connect backend to Steam: {"error":"{\"reason_code\":90201,\"status\":900,\"status_message\":\"Client has been disabled due to identical repeat Authentication calls that are throwing errors. Authenticating with the same credentials is disabled for 30 seconds\",\"severity\":\"ERROR\"}"}
[09/07/2024 21:52:03.172] Backend queries were stalled for more than 20 seconds - purging all queries.
[09/07/2024 21:52:03.173] Purging Wake Up GameSparks...
[09/07/2024 21:52:03.522] Removing player: ID=3 NetworkIdentity NetID=54 Player=LobbyPlayer(Clone) with connection hostId: -1 connectionId: 0 isReady: True channel count: 0
[09/07/2024 21:52:03.523] Player removed
[09/07/2024 21:52:03.523] OnLobbyServerPlayerRemoved Noob 3
[09/07/2024 21:52:03.524] LobbyPlayer.OnDestroy for player 3
[09/07/2024 21:52:03.525] Removing local player and controller associated with lobby player
[09/07/2024 21:52:03.525] LocalPlayerRemovedEvent called in LobbyManager
[09/07/2024 21:52:03.539] Marked LobbyPlayer Object was already destroyed!
[09/07/2024 21:52:03.539] Sending LobbyPlayerRemovedEvent for player 3
[09/07/2024 21:52:07.055] Removing player: ID=1 NetworkIdentity NetID=49 Player=LobbyPlayer(Clone) with connection hostId: -1 connectionId: 0 isReady: True channel count: 0
[09/07/2024 21:52:07.056] Player removed
[09/07/2024 21:52:07.056] OnLobbyServerPlayerRemoved Noob
[09/07/2024 21:52:07.057] LobbyPlayer.OnDestroy for player 1
[09/07/2024 21:52:07.057] Removing local player and controller associated with lobby player
[09/07/2024 21:52:07.058] LocalPlayerRemovedEvent called in LobbyManager
[09/07/2024 21:52:07.071] Abort reason set to 
[09/07/2024 21:52:07.071] BackToMainMenuInASecond
[09/07/2024 21:52:07.078] Marked LobbyPlayer Object was already destroyed!
[09/07/2024 21:52:07.078] Sending LobbyPlayerRemovedEvent for player 1
[09/07/2024 21:52:07.080] Could not find player slot with network number 1
	
[09/07/2024 21:52:08.605] AbortGameInProgress called with reason None
[09/07/2024 21:52:08.612] Event PlayerLeftTreehouse: 2
[09/07/2024 21:52:08.614] Abort reason set to 
[09/07/2024 21:52:08.614] Abort game requested!
[09/07/2024 21:52:08.621] Aborting game and returning to main menu
[09/07/2024 21:52:08.622] Disconnecting all local players from game
[09/07/2024 21:52:08.623] Removing player: ID=2 NetworkIdentity NetID=52 Player=LobbyPlayer(Clone) with connection hostId: -1 connectionId: 0 isReady: True channel count: 0
[09/07/2024 21:52:08.623] Player removed
[09/07/2024 21:52:08.623] OnLobbyServerPlayerRemoved Noob 2
[09/07/2024 21:52:08.624] Instance not found when handling Command message [netId=52]
[09/07/2024 21:52:08.630] Client exit
[09/07/2024 21:52:08.631] Client stopped, returning to main menu
[09/07/2024 21:52:08.631] AbortGameInProgressGracefully called with reason None
[09/07/2024 21:52:08.632] Already transitioning to main menu...
[09/07/2024 21:52:08.646] LocalPlayerRemovedEvent called in LobbyManager
[09/07/2024 21:52:08.646] TransitionToMainMenu: Already transitioning...
[09/07/2024 21:52:08.651] <color=cyan>Leaving Match: Network Address (177.143.183.6), Network Port (17778), Relay Region ()</color>
[09/07/2024 21:52:08.652] LobbyPlayer.OnDestroy for player 2
[09/07/2024 21:52:08.652] RPC Function RpcMagicSmokePoof called on client.
	
[09/07/2024 21:52:08.652] LobbyManager being destroyed
[09/07/2024 21:52:08.658] Marked LobbyPlayer Object was already destroyed!
[09/07/2024 21:52:08.659] Sending LobbyPlayerRemovedEvent for player 2
[09/07/2024 21:52:08.660] RPC Function RpcRemovePlayer called on client.
	
[09/07/2024 21:52:09.158] Unloading the last loaded scene Assets/Scenes/TreeHouseLobby.unity(build index: 19), is not supported. Please use SceneManager.LoadScene()/EditorSceneManager.OpenScene() to switch to another scene.
[09/07/2024 21:52:09.159] Unloading unused assets
[09/07/2024 21:52:09.199] Collecting Garbage
[09/07/2024 21:52:09.207] Actually loading MainMenu
[09/07/2024 21:52:09.324] GSManager Awake. Instance: GameSparks Manager (BraincloudManager)
[09/07/2024 21:52:09.432] Scene change: MainMenu, destroying lobby manager
[09/07/2024 21:52:09.441] Ip set to:177.143.183.6
[09/07/2024 21:52:09.457] Loading game from: C:/Users/ASUS/AppData/LocalLow/Clever Endeavour Games/Ultimate Chicken Horse/saveData.uch
[09/07/2024 21:52:09.458] Save file loading finished. Checking achievements...
[09/07/2024 21:52:09.462] Warning! Page PlayOnlinePage has no page number text element!
[09/07/2024 21:52:09.462] Warning! Page TabletInterface has no page number text element!
[09/07/2024 21:52:09.472] Error getting available regions Cysharp.Threading.Tasks.UnityWebRequestException: Cannot connect to destination host
  at Cysharp.Threading.Tasks.UnityAsyncExtensions+UnityWebRequestAsyncOperationAwaiter.GetResult () [0x00065] in <55a9a23c9cbc499ba87c65acb8384175>:0 
  at UCHServices.Service+<GetAvailableRegions>d__1.MoveNext () [0x000b8] in <4f26bd17cb924e87947cab21bf57266e>:0 . Request from fallback server.
	
[09/07/2024 21:52:09.514] UnityWebRequestException: Cannot connect to destination host
	Cysharp.Threading.Tasks.UnityAsyncExtensions+UnityWebRequestAsyncOperationAwaiter.GetResult () (at <55a9a23c9cbc499ba87c65acb8384175>:0)
	UCHServices.Service+<GetAvailableRegions>d__1.MoveNext () (at <4f26bd17cb924e87947cab21bf57266e>:0)
	--- End of stack trace from previous location where exception was thrown ---
	System.Runtime.ExceptionServices.ExceptionDispatchInfo.Throw () (at <a1e9f114a6e64f4eacb529fc802ec93d>:0)
	Cysharp.Threading.Tasks.CompilerServices.AsyncUniTask`2[TStateMachine,T].GetResult (System.Int16 token) (at <55a9a23c9cbc499ba87c65acb8384175>:0)
	RelayConstants+<PopulateAvailableRegions>d__7.MoveNext () (at <4f26bd17cb924e87947cab21bf57266e>:0)
	--- End of stack trace from previous location where exception was thrown ---
	System.Runtime.ExceptionServices.ExceptionDispatchInfo.Throw () (at <a1e9f114a6e64f4eacb529fc802ec93d>:0)
	Cysharp.Threading.Tasks.CompilerServices.AsyncUniTask`1[TStateMachine].GetResult (System.Int16 token) (at <55a9a23c9cbc499ba87c65acb8384175>:0)
	PickableNetworkButton+<FindDefaultRegion>d__43.MoveNext () (at <4f26bd17cb924e87947cab21bf57266e>:0)
	UnityEngine.Debug:LogException(Exception)
	Cysharp.Threading.Tasks.UniTaskScheduler:PublishUnobservedTaskException(Exception)
	<FindDefaultRegion>d__43:MoveNext()
	Cysharp.Threading.Tasks.CompilerServices.AsyncUniTaskVoid`1:Run()
	Cysharp.Threading.Tasks.AwaiterActions:Continuation(Object)
	Cysharp.Threading.Tasks.UniTaskCompletionSourceCore`1:TrySetException(Exception)
	Cysharp.Threading.Tasks.CompilerServices.AsyncUniTask`1:SetException(Exception)
	<PopulateAvailableRegions>d__7:MoveNext()
	Cysharp.Threading.Tasks.CompilerServices.AsyncUniTask`1:Run()
	Cysharp.Threading.Tasks.AwaiterActions:Continuation(Object)
	Cysharp.Threading.Tasks.UniTaskCompletionSourceCore`1:TrySetException(Exception)
	Cysharp.Threading.Tasks.CompilerServices.AsyncUniTask`2:SetException(Exception)
	UCHServices.<GetAvailableRegions>d__1:MoveNext()
	Cysharp.Threading.Tasks.CompilerServices.AsyncUniTask`2:Run()
	Cysharp.Threading.Tasks.Internal.PooledDelegate`1:Run(AsyncOperation)
	UnityEngine.AsyncOperation:InvokeCompletionEvent()
	
[09/07/2024 21:52:55.286] LobbyManagerManager shutting down...
