[04/07/2567 23:03:44.979] WwiseUnity: Wwise(R) SDK Version 2021.1.7 Build 7796.
[04/07/2567 23:03:44.984] WwiseUnity: Setting Plugin DLL path to: D:/shared/games/Ultimate.Chicken.Horse.Build.14630387/UltimateChickenHorse_Data\Plugins\x86_64
[04/07/2567 23:03:44.998] WwiseUnity: Sound engine initialized successfully.
[04/07/2567 23:03:45.004] Waiting to initialize: 0 then loading main menu
[04/07/2567 23:03:45.007] Worker Thread Manager initialized.
[04/07/2567 23:03:45.013] [4/7/2567 23:03:45] [UnetRelayTransport] Transport initialized
[04/07/2567 23:03:45.028] Scene change: Init
[04/07/2567 23:03:45.034] UTC Time offset : +07:00
						  Game Version = 1.11.01						  User = Noob
[04/07/2567 23:03:45.041] CheckOnStart: 0. Args being used: D:\shared\games\Ultimate.Chicken.Horse.Build.14630387\UltimateChickenHorse.exe
[04/07/2567 23:03:45.050] Done waiting for initialization, loading main menu.
[04/07/2567 23:03:45.652] GSManager Awake. Instance: 
[04/07/2567 23:03:45.652] Creating Braincloud Wrapper instance
[04/07/2567 23:03:45.778] Scene change: MainMenu, destroying lobby manager
[04/07/2567 23:03:45.857] Ip set to:177.143.183.6
[04/07/2567 23:03:45.886] Trying to start Discord
[04/07/2567 23:03:45.896] ResultException: InternalError
	Discord.Discord..ctor (System.Int64 clientId, System.UInt64 flags) (at <3ed1a248bfa4496c9d0f3908947a0f97>:0)
	DiscordListener.Start () (at <4f26bd17cb924e87947cab21bf57266e>:0)
	UnityEngine.Debug:LogException(Exception)
	DiscordListener:Start()
	
[04/07/2567 23:03:45.897] Couldn't start Discord API. Is Discord running?
[04/07/2567 23:03:45.906] Loading game from: C:/Users/ASUS/AppData/LocalLow/Clever Endeavour Games/Ultimate Chicken Horse/saveData.uch
[04/07/2567 23:03:45.934] Save file loading finished. Checking achievements...
[04/07/2567 23:03:45.977] Ultimate Chicken Horse - version 1.11.01
[04/07/2567 23:03:45.977] Date UTC: 4/7/2567 16:03:45
[04/07/2567 23:03:45.980] Device for controller XInput Controller changed from  to InControl.NativeInputDevice
[04/07/2567 23:03:45.980] New device XInput Controller plugged in with input mask 0
[04/07/2567 23:03:45.981] Device for controller XInput Controller changed from  to InControl.NativeInputDevice
[04/07/2567 23:03:45.981] New device XInput Controller plugged in with input mask 0
[04/07/2567 23:03:45.981] Device for controller XInput Controller changed from  to InControl.NativeInputDevice
[04/07/2567 23:03:45.981] New device XInput Controller plugged in with input mask 0
[04/07/2567 23:03:45.982] Device for controller XInput Controller changed from  to InControl.NativeInputDevice
[04/07/2567 23:03:45.982] New device XInput Controller plugged in with input mask 0
[04/07/2567 23:03:46.435] Warning! Page PlayOnlinePage has no page number text element!
[04/07/2567 23:03:46.435] Warning! Page TabletInterface has no page number text element!
[04/07/2567 23:03:46.446] Handling language stuff : 1
[04/07/2567 23:03:46.517] Error getting available regions Cysharp.Threading.Tasks.UnityWebRequestException: Cannot connect to destination host
  at Cysharp.Threading.Tasks.UnityAsyncExtensions+UnityWebRequestAsyncOperationAwaiter.GetResult () [0x00065] in <55a9a23c9cbc499ba87c65acb8384175>:0 
  at UCHServices.Service+<GetAvailableRegions>d__1.MoveNext () [0x000b8] in <4f26bd17cb924e87947cab21bf57266e>:0 . Request from fallback server.
	
[04/07/2567 23:03:46.521] Language Source was up-to-date with Google Spreadsheet
[04/07/2567 23:03:46.526] ARG 0: D:\shared\games\Ultimate.Chicken.Horse.Build.14630387\UltimateChickenHorse.exe
[04/07/2567 23:03:46.526] Backend: attempting to connect with Steam
[04/07/2567 23:03:46.532] Language Source was up-to-date with Google Spreadsheet
[04/07/2567 23:03:46.536] UnityWebRequestException: Cannot connect to destination host
	Cysharp.Threading.Tasks.UnityAsyncExtensions+UnityWebRequestAsyncOperationAwaiter.GetResult () (at <55a9a23c9cbc499ba87c65acb8384175>:0)
	UCHServices.Service+<GetAvailableRegions>d__1.MoveNext () (at <4f26bd17cb924e87947cab21bf57266e>:0)
	--- End of stack trace from previous location where exception was thrown ---
	System.Runtime.ExceptionServices.ExceptionDispatchInfo.Throw () (at <a1e9f114a6e64f4eacb529fc802ec93d>:0)
	Cysharp.Threading.Tasks.CompilerServices.AsyncUniTask`2[TStateMachine,T].GetResult (System.Int16 token) (at <55a9a23c9cbc499ba87c65acb8384175>:0)
	RelayConstants+<PopulateAvailableRegions>d__7.MoveNext () (at <4f26bd17cb924e87947cab21bf57266e>:0)
	--- End of stack trace from previous location where exception was thrown ---
	System.Runtime.ExceptionServices.ExceptionDispatchInfo.Throw () (at <a1e9f114a6e64f4eacb529fc802ec93d>:0)
	Cysharp.Threading.Tasks.CompilerServices.AsyncUniTask`1[TStateMachine].GetResult (System.Int16 token) (at <55a9a23c9cbc499ba87c65acb8384175>:0)
	PickableNetworkButton+<FindDefaultRegion>d__43.MoveNext () (at <4f26bd17cb924e87947cab21bf57266e>:0)
	UnityEngine.Debug:LogException(Exception)
	Cysharp.Threading.Tasks.UniTaskScheduler:PublishUnobservedTaskException(Exception)
	<FindDefaultRegion>d__43:MoveNext()
	Cysharp.Threading.Tasks.CompilerServices.AsyncUniTaskVoid`1:Run()
	Cysharp.Threading.Tasks.AwaiterActions:Continuation(Object)
	Cysharp.Threading.Tasks.UniTaskCompletionSourceCore`1:TrySetException(Exception)
	Cysharp.Threading.Tasks.CompilerServices.AsyncUniTask`1:SetException(Exception)
	<PopulateAvailableRegions>d__7:MoveNext()
	Cysharp.Threading.Tasks.CompilerServices.AsyncUniTask`1:Run()
	Cysharp.Threading.Tasks.AwaiterActions:Continuation(Object)
	Cysharp.Threading.Tasks.UniTaskCompletionSourceCore`1:TrySetException(Exception)
	Cysharp.Threading.Tasks.CompilerServices.AsyncUniTask`2:SetException(Exception)
	UCHServices.<GetAvailableRegions>d__1:MoveNext()
	Cysharp.Threading.Tasks.CompilerServices.AsyncUniTask`2:Run()
	Cysharp.Threading.Tasks.Internal.PooledDelegate`1:Run(AsyncOperation)
	UnityEngine.AsyncOperation:InvokeCompletionEvent()
	
[04/07/2567 23:03:46.649] Couldn't connect backend to Steam: {"error":"{\"reason_code\":90001,\"status\":900,\"status_message\":\"Timeout trying to reach brainCloud server\",\"severity\":\"ERROR\"}"}
[04/07/2567 23:03:54.042] Loading game from: C:/Users/ASUS/AppData/LocalLow/Clever Endeavour Games/Ultimate Chicken Horse/saveData.uch
[04/07/2567 23:03:54.044] Save file loading finished. Checking achievements...
[04/07/2567 23:03:54.049] Event GameStart: 1
[04/07/2567 23:03:54.059] WWW error: Cannot connect to destination host
	
[04/07/2567 23:03:54.091] ARG 0: D:\shared\games\Ultimate.Chicken.Horse.Build.14630387\UltimateChickenHorse.exe
[04/07/2567 23:03:54.091] Backend: attempting to connect with Steam
[04/07/2567 23:03:54.107] Couldn't connect backend to Steam: {"error":"{\"reason_code\":90001,\"status\":900,\"status_message\":\"Timeout trying to reach brainCloud server\",\"severity\":\"ERROR\"}"}
[04/07/2567 23:03:54.124] ARG 0: D:\shared\games\Ultimate.Chicken.Horse.Build.14630387\UltimateChickenHorse.exe
[04/07/2567 23:03:54.125] Backend: attempting to connect with Steam
[04/07/2567 23:03:54.141] Couldn't connect backend to Steam: {"error":"{\"reason_code\":90001,\"status\":900,\"status_message\":\"Timeout trying to reach brainCloud server\",\"severity\":\"ERROR\"}"}
[04/07/2567 23:03:54.157] ARG 0: D:\shared\games\Ultimate.Chicken.Horse.Build.14630387\UltimateChickenHorse.exe
[04/07/2567 23:03:54.158] Backend: attempting to connect with Steam
[04/07/2567 23:03:54.159] Couldn't connect backend to Steam: {"error":"{\"reason_code\":90201,\"status\":900,\"status_message\":\"Client has been disabled due to identical repeat Authentication calls that are throwing errors. Authenticating with the same credentials is disabled for 30 seconds\",\"severity\":\"ERROR\"}"}
[04/07/2567 23:03:54.174] ARG 0: D:\shared\games\Ultimate.Chicken.Horse.Build.14630387\UltimateChickenHorse.exe
[04/07/2567 23:03:54.175] Backend: attempting to connect with Steam
[04/07/2567 23:03:54.176] Couldn't connect backend to Steam: {"error":"{\"reason_code\":90201,\"status\":900,\"status_message\":\"Client has been disabled due to identical repeat Authentication calls that are throwing errors. Authenticating with the same credentials is disabled for 30 seconds\",\"severity\":\"ERROR\"}"}
[04/07/2567 23:03:54.191] ARG 0: D:\shared\games\Ultimate.Chicken.Horse.Build.14630387\UltimateChickenHorse.exe
[04/07/2567 23:03:54.191] Backend: attempting to connect with Steam
[04/07/2567 23:03:54.192] Couldn't connect backend to Steam: {"error":"{\"reason_code\":90201,\"status\":900,\"status_message\":\"Client has been disabled due to identical repeat Authentication calls that are throwing errors. Authenticating with the same credentials is disabled for 30 seconds\",\"severity\":\"ERROR\"}"}
[04/07/2567 23:03:54.208] ARG 0: D:\shared\games\Ultimate.Chicken.Horse.Build.14630387\UltimateChickenHorse.exe
[04/07/2567 23:03:54.208] Backend: attempting to connect with Steam
[04/07/2567 23:03:54.209] Couldn't connect backend to Steam: {"error":"{\"reason_code\":90201,\"status\":900,\"status_message\":\"Client has been disabled due to identical repeat Authentication calls that are throwing errors. Authenticating with the same credentials is disabled for 30 seconds\",\"severity\":\"ERROR\"}"}
[04/07/2567 23:03:54.224] ARG 0: D:\shared\games\Ultimate.Chicken.Horse.Build.14630387\UltimateChickenHorse.exe
[04/07/2567 23:03:54.224] Backend: attempting to connect with Steam
[04/07/2567 23:03:54.225] Couldn't connect backend to Steam: {"error":"{\"reason_code\":90201,\"status\":900,\"status_message\":\"Client has been disabled due to identical repeat Authentication calls that are throwing errors. Authenticating with the same credentials is disabled for 30 seconds\",\"severity\":\"ERROR\"}"}
[04/07/2567 23:03:54.241] ARG 0: D:\shared\games\Ultimate.Chicken.Horse.Build.14630387\UltimateChickenHorse.exe
[04/07/2567 23:03:54.241] Backend: attempting to connect with Steam
[04/07/2567 23:03:54.242] Couldn't connect backend to Steam: {"error":"{\"reason_code\":90201,\"status\":900,\"status_message\":\"Client has been disabled due to identical repeat Authentication calls that are throwing errors. Authenticating with the same credentials is disabled for 30 seconds\",\"severity\":\"ERROR\"}"}
[04/07/2567 23:03:54.257] ARG 0: D:\shared\games\Ultimate.Chicken.Horse.Build.14630387\UltimateChickenHorse.exe
[04/07/2567 23:03:54.258] Backend: attempting to connect with Steam
[04/07/2567 23:03:54.259] Couldn't connect backend to Steam: {"error":"{\"reason_code\":90201,\"status\":900,\"status_message\":\"Client has been disabled due to identical repeat Authentication calls that are throwing errors. Authenticating with the same credentials is disabled for 30 seconds\",\"severity\":\"ERROR\"}"}
[04/07/2567 23:03:54.274] ARG 0: D:\shared\games\Ultimate.Chicken.Horse.Build.14630387\UltimateChickenHorse.exe
[04/07/2567 23:03:54.275] Backend: attempting to connect with Steam
[04/07/2567 23:03:54.276] Couldn't connect backend to Steam: {"error":"{\"reason_code\":90201,\"status\":900,\"status_message\":\"Client has been disabled due to identical repeat Authentication calls that are throwing errors. Authenticating with the same credentials is disabled for 30 seconds\",\"severity\":\"ERROR\"}"}
[04/07/2567 23:03:54.291] ARG 0: D:\shared\games\Ultimate.Chicken.Horse.Build.14630387\UltimateChickenHorse.exe
[04/07/2567 23:03:54.293] Backend: attempting to connect with Steam
[04/07/2567 23:03:54.294] Couldn't connect backend to Steam: {"error":"{\"reason_code\":90201,\"status\":900,\"status_message\":\"Client has been disabled due to identical repeat Authentication calls that are throwing errors. Authenticating with the same credentials is disabled for 30 seconds\",\"severity\":\"ERROR\"}"}
[04/07/2567 23:03:54.307] ARG 0: D:\shared\games\Ultimate.Chicken.Horse.Build.14630387\UltimateChickenHorse.exe
[04/07/2567 23:03:54.308] Backend: attempting to connect with Steam
[04/07/2567 23:03:54.308] Couldn't connect backend to Steam: {"error":"{\"reason_code\":90201,\"status\":900,\"status_message\":\"Client has been disabled due to identical repeat Authentication calls that are throwing errors. Authenticating with the same credentials is disabled for 30 seconds\",\"severity\":\"ERROR\"}"}
[04/07/2567 23:03:54.324] ARG 0: D:\shared\games\Ultimate.Chicken.Horse.Build.14630387\UltimateChickenHorse.exe
[04/07/2567 23:03:54.324] Backend: attempting to connect with Steam
[04/07/2567 23:03:54.325] Couldn't connect backend to Steam: {"error":"{\"reason_code\":90201,\"status\":900,\"status_message\":\"Client has been disabled due to identical repeat Authentication calls that are throwing errors. Authenticating with the same credentials is disabled for 30 seconds\",\"severity\":\"ERROR\"}"}
[04/07/2567 23:03:54.341] ARG 0: D:\shared\games\Ultimate.Chicken.Horse.Build.14630387\UltimateChickenHorse.exe
[04/07/2567 23:03:54.341] Backend: attempting to connect with Steam
[04/07/2567 23:03:54.342] Couldn't connect backend to Steam: {"error":"{\"reason_code\":90201,\"status\":900,\"status_message\":\"Client has been disabled due to identical repeat Authentication calls that are throwing errors. Authenticating with the same credentials is disabled for 30 seconds\",\"severity\":\"ERROR\"}"}
[04/07/2567 23:03:54.357] ARG 0: D:\shared\games\Ultimate.Chicken.Horse.Build.14630387\UltimateChickenHorse.exe
[04/07/2567 23:03:54.358] Backend: attempting to connect with Steam
[04/07/2567 23:03:54.359] Couldn't connect backend to Steam: {"error":"{\"reason_code\":90201,\"status\":900,\"status_message\":\"Client has been disabled due to identical repeat Authentication calls that are throwing errors. Authenticating with the same credentials is disabled for 30 seconds\",\"severity\":\"ERROR\"}"}
[04/07/2567 23:03:54.374] ARG 0: D:\shared\games\Ultimate.Chicken.Horse.Build.14630387\UltimateChickenHorse.exe
[04/07/2567 23:03:54.374] Backend: attempting to connect with Steam
[04/07/2567 23:03:54.375] Couldn't connect backend to Steam: {"error":"{\"reason_code\":90201,\"status\":900,\"status_message\":\"Client has been disabled due to identical repeat Authentication calls that are throwing errors. Authenticating with the same credentials is disabled for 30 seconds\",\"severity\":\"ERROR\"}"}
[04/07/2567 23:03:54.391] ARG 0: D:\shared\games\Ultimate.Chicken.Horse.Build.14630387\UltimateChickenHorse.exe
[04/07/2567 23:03:54.391] Backend: attempting to connect with Steam
[04/07/2567 23:03:54.392] Couldn't connect backend to Steam: {"error":"{\"reason_code\":90201,\"status\":900,\"status_message\":\"Client has been disabled due to identical repeat Authentication calls that are throwing errors. Authenticating with the same credentials is disabled for 30 seconds\",\"severity\":\"ERROR\"}"}
[04/07/2567 23:03:54.408] ARG 0: D:\shared\games\Ultimate.Chicken.Horse.Build.14630387\UltimateChickenHorse.exe
[04/07/2567 23:03:54.408] Backend: attempting to connect with Steam
[04/07/2567 23:03:54.409] Couldn't connect backend to Steam: {"error":"{\"reason_code\":90201,\"status\":900,\"status_message\":\"Client has been disabled due to identical repeat Authentication calls that are throwing errors. Authenticating with the same credentials is disabled for 30 seconds\",\"severity\":\"ERROR\"}"}
[04/07/2567 23:03:54.424] ARG 0: D:\shared\games\Ultimate.Chicken.Horse.Build.14630387\UltimateChickenHorse.exe
[04/07/2567 23:03:54.424] Backend: attempting to connect with Steam
[04/07/2567 23:03:54.425] Couldn't connect backend to Steam: {"error":"{\"reason_code\":90201,\"status\":900,\"status_message\":\"Client has been disabled due to identical repeat Authentication calls that are throwing errors. Authenticating with the same credentials is disabled for 30 seconds\",\"severity\":\"ERROR\"}"}
[04/07/2567 23:03:54.441] ARG 0: D:\shared\games\Ultimate.Chicken.Horse.Build.14630387\UltimateChickenHorse.exe
[04/07/2567 23:03:54.442] Backend: attempting to connect with Steam
[04/07/2567 23:03:54.443] Couldn't connect backend to Steam: {"error":"{\"reason_code\":90201,\"status\":900,\"status_message\":\"Client has been disabled due to identical repeat Authentication calls that are throwing errors. Authenticating with the same credentials is disabled for 30 seconds\",\"severity\":\"ERROR\"}"}
[04/07/2567 23:03:54.458] ARG 0: D:\shared\games\Ultimate.Chicken.Horse.Build.14630387\UltimateChickenHorse.exe
[04/07/2567 23:03:54.458] Backend: attempting to connect with Steam
[04/07/2567 23:03:54.459] Couldn't connect backend to Steam: {"error":"{\"reason_code\":90201,\"status\":900,\"status_message\":\"Client has been disabled due to identical repeat Authentication calls that are throwing errors. Authenticating with the same credentials is disabled for 30 seconds\",\"severity\":\"ERROR\"}"}
[04/07/2567 23:03:54.474] ARG 0: D:\shared\games\Ultimate.Chicken.Horse.Build.14630387\UltimateChickenHorse.exe
[04/07/2567 23:03:54.475] Backend: attempting to connect with Steam
[04/07/2567 23:03:54.476] Couldn't connect backend to Steam: {"error":"{\"reason_code\":90201,\"status\":900,\"status_message\":\"Client has been disabled due to identical repeat Authentication calls that are throwing errors. Authenticating with the same credentials is disabled for 30 seconds\",\"severity\":\"ERROR\"}"}
[04/07/2567 23:03:54.491] ARG 0: D:\shared\games\Ultimate.Chicken.Horse.Build.14630387\UltimateChickenHorse.exe
[04/07/2567 23:03:54.492] Backend: attempting to connect with Steam
[04/07/2567 23:03:54.493] Couldn't connect backend to Steam: {"error":"{\"reason_code\":90201,\"status\":900,\"status_message\":\"Client has been disabled due to identical repeat Authentication calls that are throwing errors. Authenticating with the same credentials is disabled for 30 seconds\",\"severity\":\"ERROR\"}"}
[04/07/2567 23:03:54.507] ARG 0: D:\shared\games\Ultimate.Chicken.Horse.Build.14630387\UltimateChickenHorse.exe
[04/07/2567 23:03:54.508] Backend: attempting to connect with Steam
[04/07/2567 23:03:54.508] Couldn't connect backend to Steam: {"error":"{\"reason_code\":90201,\"status\":900,\"status_message\":\"Client has been disabled due to identical repeat Authentication calls that are throwing errors. Authenticating with the same credentials is disabled for 30 seconds\",\"severity\":\"ERROR\"}"}
[04/07/2567 23:03:54.524] ARG 0: D:\shared\games\Ultimate.Chicken.Horse.Build.14630387\UltimateChickenHorse.exe
[04/07/2567 23:03:54.525] Backend: attempting to connect with Steam
[04/07/2567 23:03:54.526] Couldn't connect backend to Steam: {"error":"{\"reason_code\":90201,\"status\":900,\"status_message\":\"Client has been disabled due to identical repeat Authentication calls that are throwing errors. Authenticating with the same credentials is disabled for 30 seconds\",\"severity\":\"ERROR\"}"}
[04/07/2567 23:03:54.541] ARG 0: D:\shared\games\Ultimate.Chicken.Horse.Build.14630387\UltimateChickenHorse.exe
[04/07/2567 23:03:54.541] Backend: attempting to connect with Steam
[04/07/2567 23:03:54.542] Couldn't connect backend to Steam: {"error":"{\"reason_code\":90201,\"status\":900,\"status_message\":\"Client has been disabled due to identical repeat Authentication calls that are throwing errors. Authenticating with the same credentials is disabled for 30 seconds\",\"severity\":\"ERROR\"}"}
[04/07/2567 23:03:54.557] ARG 0: D:\shared\games\Ultimate.Chicken.Horse.Build.14630387\UltimateChickenHorse.exe
[04/07/2567 23:03:54.558] Backend: attempting to connect with Steam
[04/07/2567 23:03:54.559] Couldn't connect backend to Steam: {"error":"{\"reason_code\":90201,\"status\":900,\"status_message\":\"Client has been disabled due to identical repeat Authentication calls that are throwing errors. Authenticating with the same credentials is disabled for 30 seconds\",\"severity\":\"ERROR\"}"}
[04/07/2567 23:03:54.574] ARG 0: D:\shared\games\Ultimate.Chicken.Horse.Build.14630387\UltimateChickenHorse.exe
[04/07/2567 23:03:54.575] Backend: attempting to connect with Steam
[04/07/2567 23:03:54.576] Couldn't connect backend to Steam: {"error":"{\"reason_code\":90201,\"status\":900,\"status_message\":\"Client has been disabled due to identical repeat Authentication calls that are throwing errors. Authenticating with the same credentials is disabled for 30 seconds\",\"severity\":\"ERROR\"}"}
[04/07/2567 23:03:54.591] ARG 0: D:\shared\games\Ultimate.Chicken.Horse.Build.14630387\UltimateChickenHorse.exe
[04/07/2567 23:03:54.592] Backend: attempting to connect with Steam
[04/07/2567 23:03:54.593] Couldn't connect backend to Steam: {"error":"{\"reason_code\":90201,\"status\":900,\"status_message\":\"Client has been disabled due to identical repeat Authentication calls that are throwing errors. Authenticating with the same credentials is disabled for 30 seconds\",\"severity\":\"ERROR\"}"}
[04/07/2567 23:03:54.608] ARG 0: D:\shared\games\Ultimate.Chicken.Horse.Build.14630387\UltimateChickenHorse.exe
[04/07/2567 23:03:54.608] Backend: attempting to connect with Steam
[04/07/2567 23:03:54.609] Couldn't connect backend to Steam: {"error":"{\"reason_code\":90201,\"status\":900,\"status_message\":\"Client has been disabled due to identical repeat Authentication calls that are throwing errors. Authenticating with the same credentials is disabled for 30 seconds\",\"severity\":\"ERROR\"}"}
[04/07/2567 23:03:54.624] ARG 0: D:\shared\games\Ultimate.Chicken.Horse.Build.14630387\UltimateChickenHorse.exe
[04/07/2567 23:03:54.625] Backend: attempting to connect with Steam
[04/07/2567 23:03:54.626] Couldn't connect backend to Steam: {"error":"{\"reason_code\":90201,\"status\":900,\"status_message\":\"Client has been disabled due to identical repeat Authentication calls that are throwing errors. Authenticating with the same credentials is disabled for 30 seconds\",\"severity\":\"ERROR\"}"}
[04/07/2567 23:03:54.641] ARG 0: D:\shared\games\Ultimate.Chicken.Horse.Build.14630387\UltimateChickenHorse.exe
[04/07/2567 23:03:54.641] Backend: attempting to connect with Steam
[04/07/2567 23:03:54.643] Couldn't connect backend to Steam: {"error":"{\"reason_code\":90201,\"status\":900,\"status_message\":\"Client has been disabled due to identical repeat Authentication calls that are throwing errors. Authenticating with the same credentials is disabled for 30 seconds\",\"severity\":\"ERROR\"}"}
[04/07/2567 23:03:54.657] ARG 0: D:\shared\games\Ultimate.Chicken.Horse.Build.14630387\UltimateChickenHorse.exe
[04/07/2567 23:03:54.658] Backend: attempting to connect with Steam
[04/07/2567 23:03:54.661] Couldn't connect backend to Steam: {"error":"{\"reason_code\":90201,\"status\":900,\"status_message\":\"Client has been disabled due to identical repeat Authentication calls that are throwing errors. Authenticating with the same credentials is disabled for 30 seconds\",\"severity\":\"ERROR\"}"}
[04/07/2567 23:03:54.674] ARG 0: D:\shared\games\Ultimate.Chicken.Horse.Build.14630387\UltimateChickenHorse.exe
[04/07/2567 23:03:54.675] Backend: attempting to connect with Steam
[04/07/2567 23:03:54.675] Couldn't connect backend to Steam: {"error":"{\"reason_code\":90201,\"status\":900,\"status_message\":\"Client has been disabled due to identical repeat Authentication calls that are throwing errors. Authenticating with the same credentials is disabled for 30 seconds\",\"severity\":\"ERROR\"}"}
[04/07/2567 23:03:54.691] ARG 0: D:\shared\games\Ultimate.Chicken.Horse.Build.14630387\UltimateChickenHorse.exe
[04/07/2567 23:03:54.692] Backend: attempting to connect with Steam
[04/07/2567 23:03:54.692] Couldn't connect backend to Steam: {"error":"{\"reason_code\":90201,\"status\":900,\"status_message\":\"Client has been disabled due to identical repeat Authentication calls that are throwing errors. Authenticating with the same credentials is disabled for 30 seconds\",\"severity\":\"ERROR\"}"}
[04/07/2567 23:03:54.707] ARG 0: D:\shared\games\Ultimate.Chicken.Horse.Build.14630387\UltimateChickenHorse.exe
[04/07/2567 23:03:54.707] Backend: attempting to connect with Steam
[04/07/2567 23:03:54.709] Couldn't connect backend to Steam: {"error":"{\"reason_code\":90201,\"status\":900,\"status_message\":\"Client has been disabled due to identical repeat Authentication calls that are throwing errors. Authenticating with the same credentials is disabled for 30 seconds\",\"severity\":\"ERROR\"}"}
[04/07/2567 23:03:54.724] ARG 0: D:\shared\games\Ultimate.Chicken.Horse.Build.14630387\UltimateChickenHorse.exe
[04/07/2567 23:03:54.724] Backend: attempting to connect with Steam
[04/07/2567 23:03:54.725] Couldn't connect backend to Steam: {"error":"{\"reason_code\":90201,\"status\":900,\"status_message\":\"Client has been disabled due to identical repeat Authentication calls that are throwing errors. Authenticating with the same credentials is disabled for 30 seconds\",\"severity\":\"ERROR\"}"}
[04/07/2567 23:03:54.741] ARG 0: D:\shared\games\Ultimate.Chicken.Horse.Build.14630387\UltimateChickenHorse.exe
[04/07/2567 23:03:54.741] Backend: attempting to connect with Steam
[04/07/2567 23:03:54.742] Couldn't connect backend to Steam: {"error":"{\"reason_code\":90201,\"status\":900,\"status_message\":\"Client has been disabled due to identical repeat Authentication calls that are throwing errors. Authenticating with the same credentials is disabled for 30 seconds\",\"severity\":\"ERROR\"}"}
[04/07/2567 23:03:54.757] ARG 0: D:\shared\games\Ultimate.Chicken.Horse.Build.14630387\UltimateChickenHorse.exe
[04/07/2567 23:03:54.758] Backend: attempting to connect with Steam
[04/07/2567 23:03:54.759] Couldn't connect backend to Steam: {"error":"{\"reason_code\":90201,\"status\":900,\"status_message\":\"Client has been disabled due to identical repeat Authentication calls that are throwing errors. Authenticating with the same credentials is disabled for 30 seconds\",\"severity\":\"ERROR\"}"}
[04/07/2567 23:03:54.774] ARG 0: D:\shared\games\Ultimate.Chicken.Horse.Build.14630387\UltimateChickenHorse.exe
[04/07/2567 23:03:54.774] Backend: attempting to connect with Steam
[04/07/2567 23:03:54.775] Couldn't connect backend to Steam: {"error":"{\"reason_code\":90201,\"status\":900,\"status_message\":\"Client has been disabled due to identical repeat Authentication calls that are throwing errors. Authenticating with the same credentials is disabled for 30 seconds\",\"severity\":\"ERROR\"}"}
[04/07/2567 23:03:54.791] ARG 0: D:\shared\games\Ultimate.Chicken.Horse.Build.14630387\UltimateChickenHorse.exe
[04/07/2567 23:03:54.791] Backend: attempting to connect with Steam
[04/07/2567 23:03:54.793] Couldn't connect backend to Steam: {"error":"{\"reason_code\":90201,\"status\":900,\"status_message\":\"Client has been disabled due to identical repeat Authentication calls that are throwing errors. Authenticating with the same credentials is disabled for 30 seconds\",\"severity\":\"ERROR\"}"}
[04/07/2567 23:03:54.807] ARG 0: D:\shared\games\Ultimate.Chicken.Horse.Build.14630387\UltimateChickenHorse.exe
[04/07/2567 23:03:54.808] Backend: attempting to connect with Steam
[04/07/2567 23:03:54.809] Couldn't connect backend to Steam: {"error":"{\"reason_code\":90201,\"status\":900,\"status_message\":\"Client has been disabled due to identical repeat Authentication calls that are throwing errors. Authenticating with the same credentials is disabled for 30 seconds\",\"severity\":\"ERROR\"}"}
[04/07/2567 23:03:54.824] ARG 0: D:\shared\games\Ultimate.Chicken.Horse.Build.14630387\UltimateChickenHorse.exe
[04/07/2567 23:03:54.824] Backend: attempting to connect with Steam
[04/07/2567 23:03:54.825] Couldn't connect backend to Steam: {"error":"{\"reason_code\":90201,\"status\":900,\"status_message\":\"Client has been disabled due to identical repeat Authentication calls that are throwing errors. Authenticating with the same credentials is disabled for 30 seconds\",\"severity\":\"ERROR\"}"}
[04/07/2567 23:03:54.841] ARG 0: D:\shared\games\Ultimate.Chicken.Horse.Build.14630387\UltimateChickenHorse.exe
[04/07/2567 23:03:54.841] Backend: attempting to connect with Steam
[04/07/2567 23:03:54.842] Couldn't connect backend to Steam: {"error":"{\"reason_code\":90201,\"status\":900,\"status_message\":\"Client has been disabled due to identical repeat Authentication calls that are throwing errors. Authenticating with the same credentials is disabled for 30 seconds\",\"severity\":\"ERROR\"}"}
[04/07/2567 23:03:54.857] ARG 0: D:\shared\games\Ultimate.Chicken.Horse.Build.14630387\UltimateChickenHorse.exe
[04/07/2567 23:03:54.858] Backend: attempting to connect with Steam
[04/07/2567 23:03:54.859] Couldn't connect backend to Steam: {"error":"{\"reason_code\":90201,\"status\":900,\"status_message\":\"Client has been disabled due to identical repeat Authentication calls that are throwing errors. Authenticating with the same credentials is disabled for 30 seconds\",\"severity\":\"ERROR\"}"}
[04/07/2567 23:03:54.874] ARG 0: D:\shared\games\Ultimate.Chicken.Horse.Build.14630387\UltimateChickenHorse.exe
[04/07/2567 23:03:54.874] Backend: attempting to connect with Steam
[04/07/2567 23:03:54.875] Couldn't connect backend to Steam: {"error":"{\"reason_code\":90201,\"status\":900,\"status_message\":\"Client has been disabled due to identical repeat Authentication calls that are throwing errors. Authenticating with the same credentials is disabled for 30 seconds\",\"severity\":\"ERROR\"}"}
[04/07/2567 23:03:54.891] ARG 0: D:\shared\games\Ultimate.Chicken.Horse.Build.14630387\UltimateChickenHorse.exe
[04/07/2567 23:03:54.891] Backend: attempting to connect with Steam
[04/07/2567 23:03:54.892] Couldn't connect backend to Steam: {"error":"{\"reason_code\":90201,\"status\":900,\"status_message\":\"Client has been disabled due to identical repeat Authentication calls that are throwing errors. Authenticating with the same credentials is disabled for 30 seconds\",\"severity\":\"ERROR\"}"}
[04/07/2567 23:03:54.907] ARG 0: D:\shared\games\Ultimate.Chicken.Horse.Build.14630387\UltimateChickenHorse.exe
[04/07/2567 23:03:54.908] Backend: attempting to connect with Steam
[04/07/2567 23:03:54.909] Couldn't connect backend to Steam: {"error":"{\"reason_code\":90201,\"status\":900,\"status_message\":\"Client has been disabled due to identical repeat Authentication calls that are throwing errors. Authenticating with the same credentials is disabled for 30 seconds\",\"severity\":\"ERROR\"}"}
[04/07/2567 23:03:54.924] ARG 0: D:\shared\games\Ultimate.Chicken.Horse.Build.14630387\UltimateChickenHorse.exe
[04/07/2567 23:03:54.924] Backend: attempting to connect with Steam
[04/07/2567 23:03:54.925] Couldn't connect backend to Steam: {"error":"{\"reason_code\":90201,\"status\":900,\"status_message\":\"Client has been disabled due to identical repeat Authentication calls that are throwing errors. Authenticating with the same credentials is disabled for 30 seconds\",\"severity\":\"ERROR\"}"}
[04/07/2567 23:03:54.941] ARG 0: D:\shared\games\Ultimate.Chicken.Horse.Build.14630387\UltimateChickenHorse.exe
[04/07/2567 23:03:54.941] Backend: attempting to connect with Steam
[04/07/2567 23:03:54.942] Couldn't connect backend to Steam: {"error":"{\"reason_code\":90201,\"status\":900,\"status_message\":\"Client has been disabled due to identical repeat Authentication calls that are throwing errors. Authenticating with the same credentials is disabled for 30 seconds\",\"severity\":\"ERROR\"}"}
[04/07/2567 23:03:54.958] ARG 0: D:\shared\games\Ultimate.Chicken.Horse.Build.14630387\UltimateChickenHorse.exe
[04/07/2567 23:03:54.958] Backend: attempting to connect with Steam
[04/07/2567 23:03:54.959] Couldn't connect backend to Steam: {"error":"{\"reason_code\":90201,\"status\":900,\"status_message\":\"Client has been disabled due to identical repeat Authentication calls that are throwing errors. Authenticating with the same credentials is disabled for 30 seconds\",\"severity\":\"ERROR\"}"}
[04/07/2567 23:03:54.974] ARG 0: D:\shared\games\Ultimate.Chicken.Horse.Build.14630387\UltimateChickenHorse.exe
[04/07/2567 23:03:54.975] Backend: attempting to connect with Steam
[04/07/2567 23:03:54.976] Couldn't connect backend to Steam: {"error":"{\"reason_code\":90201,\"status\":900,\"status_message\":\"Client has been disabled due to identical repeat Authentication calls that are throwing errors. Authenticating with the same credentials is disabled for 30 seconds\",\"severity\":\"ERROR\"}"}
[04/07/2567 23:03:54.991] ARG 0: D:\shared\games\Ultimate.Chicken.Horse.Build.14630387\UltimateChickenHorse.exe
[04/07/2567 23:03:54.991] Backend: attempting to connect with Steam
[04/07/2567 23:03:54.992] Couldn't connect backend to Steam: {"error":"{\"reason_code\":90201,\"status\":900,\"status_message\":\"Client has been disabled due to identical repeat Authentication calls that are throwing errors. Authenticating with the same credentials is disabled for 30 seconds\",\"severity\":\"ERROR\"}"}
[04/07/2567 23:03:55.007] ARG 0: D:\shared\games\Ultimate.Chicken.Horse.Build.14630387\UltimateChickenHorse.exe
[04/07/2567 23:03:55.008] Backend: attempting to connect with Steam
[04/07/2567 23:03:55.009] Couldn't connect backend to Steam: {"error":"{\"reason_code\":90201,\"status\":900,\"status_message\":\"Client has been disabled due to identical repeat Authentication calls that are throwing errors. Authenticating with the same credentials is disabled for 30 seconds\",\"severity\":\"ERROR\"}"}
[04/07/2567 23:03:55.024] ARG 0: D:\shared\games\Ultimate.Chicken.Horse.Build.14630387\UltimateChickenHorse.exe
[04/07/2567 23:03:55.024] Backend: attempting to connect with Steam
[04/07/2567 23:03:55.027] Couldn't connect backend to Steam: {"error":"{\"reason_code\":90201,\"status\":900,\"status_message\":\"Client has been disabled due to identical repeat Authentication calls that are throwing errors. Authenticating with the same credentials is disabled for 30 seconds\",\"severity\":\"ERROR\"}"}
[04/07/2567 23:03:55.041] ARG 0: D:\shared\games\Ultimate.Chicken.Horse.Build.14630387\UltimateChickenHorse.exe
[04/07/2567 23:03:55.041] Backend: attempting to connect with Steam
[04/07/2567 23:03:55.042] Couldn't connect backend to Steam: {"error":"{\"reason_code\":90201,\"status\":900,\"status_message\":\"Client has been disabled due to identical repeat Authentication calls that are throwing errors. Authenticating with the same credentials is disabled for 30 seconds\",\"severity\":\"ERROR\"}"}
[04/07/2567 23:03:55.057] ARG 0: D:\shared\games\Ultimate.Chicken.Horse.Build.14630387\UltimateChickenHorse.exe
[04/07/2567 23:03:55.058] Backend: attempting to connect with Steam
[04/07/2567 23:03:55.059] Couldn't connect backend to Steam: {"error":"{\"reason_code\":90201,\"status\":900,\"status_message\":\"Client has been disabled due to identical repeat Authentication calls that are throwing errors. Authenticating with the same credentials is disabled for 30 seconds\",\"severity\":\"ERROR\"}"}
[04/07/2567 23:03:55.074] ARG 0: D:\shared\games\Ultimate.Chicken.Horse.Build.14630387\UltimateChickenHorse.exe
[04/07/2567 23:03:55.074] Backend: attempting to connect with Steam
[04/07/2567 23:03:55.075] Couldn't connect backend to Steam: {"error":"{\"reason_code\":90201,\"status\":900,\"status_message\":\"Client has been disabled due to identical repeat Authentication calls that are throwing errors. Authenticating with the same credentials is disabled for 30 seconds\",\"severity\":\"ERROR\"}"}
[04/07/2567 23:03:55.091] ARG 0: D:\shared\games\Ultimate.Chicken.Horse.Build.14630387\UltimateChickenHorse.exe
[04/07/2567 23:03:55.091] Backend: attempting to connect with Steam
[04/07/2567 23:03:55.092] Couldn't connect backend to Steam: {"error":"{\"reason_code\":90201,\"status\":900,\"status_message\":\"Client has been disabled due to identical repeat Authentication calls that are throwing errors. Authenticating with the same credentials is disabled for 30 seconds\",\"severity\":\"ERROR\"}"}
[04/07/2567 23:03:55.107] ARG 0: D:\shared\games\Ultimate.Chicken.Horse.Build.14630387\UltimateChickenHorse.exe
[04/07/2567 23:03:55.108] Backend: attempting to connect with Steam
[04/07/2567 23:03:55.109] Couldn't connect backend to Steam: {"error":"{\"reason_code\":90201,\"status\":900,\"status_message\":\"Client has been disabled due to identical repeat Authentication calls that are throwing errors. Authenticating with the same credentials is disabled for 30 seconds\",\"severity\":\"ERROR\"}"}
[04/07/2567 23:03:55.124] ARG 0: D:\shared\games\Ultimate.Chicken.Horse.Build.14630387\UltimateChickenHorse.exe
[04/07/2567 23:03:55.125] Backend: attempting to connect with Steam
[04/07/2567 23:03:55.125] Couldn't connect backend to Steam: {"error":"{\"reason_code\":90201,\"status\":900,\"status_message\":\"Client has been disabled due to identical repeat Authentication calls that are throwing errors. Authenticating with the same credentials is disabled for 30 seconds\",\"severity\":\"ERROR\"}"}
[04/07/2567 23:03:55.141] ARG 0: D:\shared\games\Ultimate.Chicken.Horse.Build.14630387\UltimateChickenHorse.exe
[04/07/2567 23:03:55.141] Backend: attempting to connect with Steam
[04/07/2567 23:03:55.142] Couldn't connect backend to Steam: {"error":"{\"reason_code\":90201,\"status\":900,\"status_message\":\"Client has been disabled due to identical repeat Authentication calls that are throwing errors. Authenticating with the same credentials is disabled for 30 seconds\",\"severity\":\"ERROR\"}"}
[04/07/2567 23:03:55.157] ARG 0: D:\shared\games\Ultimate.Chicken.Horse.Build.14630387\UltimateChickenHorse.exe
[04/07/2567 23:03:55.158] Backend: attempting to connect with Steam
[04/07/2567 23:03:55.159] Couldn't connect backend to Steam: {"error":"{\"reason_code\":90201,\"status\":900,\"status_message\":\"Client has been disabled due to identical repeat Authentication calls that are throwing errors. Authenticating with the same credentials is disabled for 30 seconds\",\"severity\":\"ERROR\"}"}
[04/07/2567 23:03:55.174] ARG 0: D:\shared\games\Ultimate.Chicken.Horse.Build.14630387\UltimateChickenHorse.exe
[04/07/2567 23:03:55.174] Backend: attempting to connect with Steam
[04/07/2567 23:03:55.175] Couldn't connect backend to Steam: {"error":"{\"reason_code\":90201,\"status\":900,\"status_message\":\"Client has been disabled due to identical repeat Authentication calls that are throwing errors. Authenticating with the same credentials is disabled for 30 seconds\",\"severity\":\"ERROR\"}"}
[04/07/2567 23:03:55.191] ARG 0: D:\shared\games\Ultimate.Chicken.Horse.Build.14630387\UltimateChickenHorse.exe
[04/07/2567 23:03:55.191] Backend: attempting to connect with Steam
[04/07/2567 23:03:55.192] Couldn't connect backend to Steam: {"error":"{\"reason_code\":90201,\"status\":900,\"status_message\":\"Client has been disabled due to identical repeat Authentication calls that are throwing errors. Authenticating with the same credentials is disabled for 30 seconds\",\"severity\":\"ERROR\"}"}
[04/07/2567 23:03:55.207] ARG 0: D:\shared\games\Ultimate.Chicken.Horse.Build.14630387\UltimateChickenHorse.exe
[04/07/2567 23:03:55.208] Backend: attempting to connect with Steam
[04/07/2567 23:03:55.208] Couldn't connect backend to Steam: {"error":"{\"reason_code\":90201,\"status\":900,\"status_message\":\"Client has been disabled due to identical repeat Authentication calls that are throwing errors. Authenticating with the same credentials is disabled for 30 seconds\",\"severity\":\"ERROR\"}"}
[04/07/2567 23:03:55.224] ARG 0: D:\shared\games\Ultimate.Chicken.Horse.Build.14630387\UltimateChickenHorse.exe
[04/07/2567 23:03:55.225] Backend: attempting to connect with Steam
[04/07/2567 23:03:55.226] Couldn't connect backend to Steam: {"error":"{\"reason_code\":90201,\"status\":900,\"status_message\":\"Client has been disabled due to identical repeat Authentication calls that are throwing errors. Authenticating with the same credentials is disabled for 30 seconds\",\"severity\":\"ERROR\"}"}
[04/07/2567 23:03:55.241] ARG 0: D:\shared\games\Ultimate.Chicken.Horse.Build.14630387\UltimateChickenHorse.exe
[04/07/2567 23:03:55.241] Backend: attempting to connect with Steam
[04/07/2567 23:03:55.242] Couldn't connect backend to Steam: {"error":"{\"reason_code\":90201,\"status\":900,\"status_message\":\"Client has been disabled due to identical repeat Authentication calls that are throwing errors. Authenticating with the same credentials is disabled for 30 seconds\",\"severity\":\"ERROR\"}"}
[04/07/2567 23:03:55.257] ARG 0: D:\shared\games\Ultimate.Chicken.Horse.Build.14630387\UltimateChickenHorse.exe
[04/07/2567 23:03:55.258] Backend: attempting to connect with Steam
[04/07/2567 23:03:55.259] Couldn't connect backend to Steam: {"error":"{\"reason_code\":90201,\"status\":900,\"status_message\":\"Client has been disabled due to identical repeat Authentication calls that are throwing errors. Authenticating with the same credentials is disabled for 30 seconds\",\"severity\":\"ERROR\"}"}
[04/07/2567 23:03:55.274] ARG 0: D:\shared\games\Ultimate.Chicken.Horse.Build.14630387\UltimateChickenHorse.exe
[04/07/2567 23:03:55.274] Backend: attempting to connect with Steam
[04/07/2567 23:03:55.275] Couldn't connect backend to Steam: {"error":"{\"reason_code\":90201,\"status\":900,\"status_message\":\"Client has been disabled due to identical repeat Authentication calls that are throwing errors. Authenticating with the same credentials is disabled for 30 seconds\",\"severity\":\"ERROR\"}"}
[04/07/2567 23:03:55.291] ARG 0: D:\shared\games\Ultimate.Chicken.Horse.Build.14630387\UltimateChickenHorse.exe
[04/07/2567 23:03:55.292] Backend: attempting to connect with Steam
[04/07/2567 23:03:55.293] Couldn't connect backend to Steam: {"error":"{\"reason_code\":90201,\"status\":900,\"status_message\":\"Client has been disabled due to identical repeat Authentication calls that are throwing errors. Authenticating with the same credentials is disabled for 30 seconds\",\"severity\":\"ERROR\"}"}
[04/07/2567 23:03:55.307] ARG 0: D:\shared\games\Ultimate.Chicken.Horse.Build.14630387\UltimateChickenHorse.exe
[04/07/2567 23:03:55.307] Backend: attempting to connect with Steam
[04/07/2567 23:03:55.308] Couldn't connect backend to Steam: {"error":"{\"reason_code\":90201,\"status\":900,\"status_message\":\"Client has been disabled due to identical repeat Authentication calls that are throwing errors. Authenticating with the same credentials is disabled for 30 seconds\",\"severity\":\"ERROR\"}"}
[04/07/2567 23:03:55.323] ARG 0: D:\shared\games\Ultimate.Chicken.Horse.Build.14630387\UltimateChickenHorse.exe
[04/07/2567 23:03:55.324] Backend: attempting to connect with Steam
[04/07/2567 23:03:55.325] Couldn't connect backend to Steam: {"error":"{\"reason_code\":90201,\"status\":900,\"status_message\":\"Client has been disabled due to identical repeat Authentication calls that are throwing errors. Authenticating with the same credentials is disabled for 30 seconds\",\"severity\":\"ERROR\"}"}
[04/07/2567 23:03:55.341] ARG 0: D:\shared\games\Ultimate.Chicken.Horse.Build.14630387\UltimateChickenHorse.exe
[04/07/2567 23:03:55.341] Backend: attempting to connect with Steam
[04/07/2567 23:03:55.342] Couldn't connect backend to Steam: {"error":"{\"reason_code\":90201,\"status\":900,\"status_message\":\"Client has been disabled due to identical repeat Authentication calls that are throwing errors. Authenticating with the same credentials is disabled for 30 seconds\",\"severity\":\"ERROR\"}"}
[04/07/2567 23:03:55.357] ARG 0: D:\shared\games\Ultimate.Chicken.Horse.Build.14630387\UltimateChickenHorse.exe
[04/07/2567 23:03:55.358] Backend: attempting to connect with Steam
[04/07/2567 23:03:55.359] Couldn't connect backend to Steam: {"error":"{\"reason_code\":90201,\"status\":900,\"status_message\":\"Client has been disabled due to identical repeat Authentication calls that are throwing errors. Authenticating with the same credentials is disabled for 30 seconds\",\"severity\":\"ERROR\"}"}
[04/07/2567 23:03:55.374] ARG 0: D:\shared\games\Ultimate.Chicken.Horse.Build.14630387\UltimateChickenHorse.exe
[04/07/2567 23:03:55.375] Backend: attempting to connect with Steam
[04/07/2567 23:03:55.376] Couldn't connect backend to Steam: {"error":"{\"reason_code\":90201,\"status\":900,\"status_message\":\"Client has been disabled due to identical repeat Authentication calls that are throwing errors. Authenticating with the same credentials is disabled for 30 seconds\",\"severity\":\"ERROR\"}"}
[04/07/2567 23:03:55.391] ARG 0: D:\shared\games\Ultimate.Chicken.Horse.Build.14630387\UltimateChickenHorse.exe
[04/07/2567 23:03:55.391] Backend: attempting to connect with Steam
[04/07/2567 23:03:55.394] Couldn't connect backend to Steam: {"error":"{\"reason_code\":90201,\"status\":900,\"status_message\":\"Client has been disabled due to identical repeat Authentication calls that are throwing errors. Authenticating with the same credentials is disabled for 30 seconds\",\"severity\":\"ERROR\"}"}
[04/07/2567 23:03:55.407] ARG 0: D:\shared\games\Ultimate.Chicken.Horse.Build.14630387\UltimateChickenHorse.exe
[04/07/2567 23:03:55.407] Backend: attempting to connect with Steam
[04/07/2567 23:03:55.408] Couldn't connect backend to Steam: {"error":"{\"reason_code\":90201,\"status\":900,\"status_message\":\"Client has been disabled due to identical repeat Authentication calls that are throwing errors. Authenticating with the same credentials is disabled for 30 seconds\",\"severity\":\"ERROR\"}"}
[04/07/2567 23:03:55.425] ARG 0: D:\shared\games\Ultimate.Chicken.Horse.Build.14630387\UltimateChickenHorse.exe
[04/07/2567 23:03:55.426] Backend: attempting to connect with Steam
[04/07/2567 23:03:55.427] Couldn't connect backend to Steam: {"error":"{\"reason_code\":90201,\"status\":900,\"status_message\":\"Client has been disabled due to identical repeat Authentication calls that are throwing errors. Authenticating with the same credentials is disabled for 30 seconds\",\"severity\":\"ERROR\"}"}
[04/07/2567 23:03:55.441] ARG 0: D:\shared\games\Ultimate.Chicken.Horse.Build.14630387\UltimateChickenHorse.exe
[04/07/2567 23:03:55.441] Backend: attempting to connect with Steam
[04/07/2567 23:03:55.442] Couldn't connect backend to Steam: {"error":"{\"reason_code\":90201,\"status\":900,\"status_message\":\"Client has been disabled due to identical repeat Authentication calls that are throwing errors. Authenticating with the same credentials is disabled for 30 seconds\",\"severity\":\"ERROR\"}"}
[04/07/2567 23:03:55.457] ARG 0: D:\shared\games\Ultimate.Chicken.Horse.Build.14630387\UltimateChickenHorse.exe
[04/07/2567 23:03:55.458] Backend: attempting to connect with Steam
[04/07/2567 23:03:55.459] Couldn't connect backend to Steam: {"error":"{\"reason_code\":90201,\"status\":900,\"status_message\":\"Client has been disabled due to identical repeat Authentication calls that are throwing errors. Authenticating with the same credentials is disabled for 30 seconds\",\"severity\":\"ERROR\"}"}
[04/07/2567 23:03:55.474] ARG 0: D:\shared\games\Ultimate.Chicken.Horse.Build.14630387\UltimateChickenHorse.exe
[04/07/2567 23:03:55.475] Backend: attempting to connect with Steam
[04/07/2567 23:03:55.476] Couldn't connect backend to Steam: {"error":"{\"reason_code\":90201,\"status\":900,\"status_message\":\"Client has been disabled due to identical repeat Authentication calls that are throwing errors. Authenticating with the same credentials is disabled for 30 seconds\",\"severity\":\"ERROR\"}"}
[04/07/2567 23:03:55.491] ARG 0: D:\shared\games\Ultimate.Chicken.Horse.Build.14630387\UltimateChickenHorse.exe
[04/07/2567 23:03:55.491] Backend: attempting to connect with Steam
[04/07/2567 23:03:55.492] Couldn't connect backend to Steam: {"error":"{\"reason_code\":90201,\"status\":900,\"status_message\":\"Client has been disabled due to identical repeat Authentication calls that are throwing errors. Authenticating with the same credentials is disabled for 30 seconds\",\"severity\":\"ERROR\"}"}
[04/07/2567 23:03:55.507] ARG 0: D:\shared\games\Ultimate.Chicken.Horse.Build.14630387\UltimateChickenHorse.exe
[04/07/2567 23:03:55.508] Backend: attempting to connect with Steam
[04/07/2567 23:03:55.509] Couldn't connect backend to Steam: {"error":"{\"reason_code\":90201,\"status\":900,\"status_message\":\"Client has been disabled due to identical repeat Authentication calls that are throwing errors. Authenticating with the same credentials is disabled for 30 seconds\",\"severity\":\"ERROR\"}"}
[04/07/2567 23:03:55.524] ARG 0: D:\shared\games\Ultimate.Chicken.Horse.Build.14630387\UltimateChickenHorse.exe
[04/07/2567 23:03:55.524] Backend: attempting to connect with Steam
[04/07/2567 23:03:55.525] Couldn't connect backend to Steam: {"error":"{\"reason_code\":90201,\"status\":900,\"status_message\":\"Client has been disabled due to identical repeat Authentication calls that are throwing errors. Authenticating with the same credentials is disabled for 30 seconds\",\"severity\":\"ERROR\"}"}
[04/07/2567 23:03:55.541] ARG 0: D:\shared\games\Ultimate.Chicken.Horse.Build.14630387\UltimateChickenHorse.exe
[04/07/2567 23:03:55.541] Backend: attempting to connect with Steam
[04/07/2567 23:03:55.542] Couldn't connect backend to Steam: {"error":"{\"reason_code\":90201,\"status\":900,\"status_message\":\"Client has been disabled due to identical repeat Authentication calls that are throwing errors. Authenticating with the same credentials is disabled for 30 seconds\",\"severity\":\"ERROR\"}"}
[04/07/2567 23:03:55.557] ARG 0: D:\shared\games\Ultimate.Chicken.Horse.Build.14630387\UltimateChickenHorse.exe
[04/07/2567 23:03:55.558] Backend: attempting to connect with Steam
[04/07/2567 23:03:55.559] Couldn't connect backend to Steam: {"error":"{\"reason_code\":90201,\"status\":900,\"status_message\":\"Client has been disabled due to identical repeat Authentication calls that are throwing errors. Authenticating with the same credentials is disabled for 30 seconds\",\"severity\":\"ERROR\"}"}
[04/07/2567 23:03:55.574] ARG 0: D:\shared\games\Ultimate.Chicken.Horse.Build.14630387\UltimateChickenHorse.exe
[04/07/2567 23:03:55.574] Backend: attempting to connect with Steam
[04/07/2567 23:03:55.575] Couldn't connect backend to Steam: {"error":"{\"reason_code\":90201,\"status\":900,\"status_message\":\"Client has been disabled due to identical repeat Authentication calls that are throwing errors. Authenticating with the same credentials is disabled for 30 seconds\",\"severity\":\"ERROR\"}"}
[04/07/2567 23:03:55.591] ARG 0: D:\shared\games\Ultimate.Chicken.Horse.Build.14630387\UltimateChickenHorse.exe
[04/07/2567 23:03:55.591] Backend: attempting to connect with Steam
[04/07/2567 23:03:55.592] Couldn't connect backend to Steam: {"error":"{\"reason_code\":90201,\"status\":900,\"status_message\":\"Client has been disabled due to identical repeat Authentication calls that are throwing errors. Authenticating with the same credentials is disabled for 30 seconds\",\"severity\":\"ERROR\"}"}
[04/07/2567 23:03:55.607] ARG 0: D:\shared\games\Ultimate.Chicken.Horse.Build.14630387\UltimateChickenHorse.exe
[04/07/2567 23:03:55.607] Backend: attempting to connect with Steam
[04/07/2567 23:03:55.608] Couldn't connect backend to Steam: {"error":"{\"reason_code\":90201,\"status\":900,\"status_message\":\"Client has been disabled due to identical repeat Authentication calls that are throwing errors. Authenticating with the same credentials is disabled for 30 seconds\",\"severity\":\"ERROR\"}"}
[04/07/2567 23:03:55.624] ARG 0: D:\shared\games\Ultimate.Chicken.Horse.Build.14630387\UltimateChickenHorse.exe
[04/07/2567 23:03:55.624] Backend: attempting to connect with Steam
[04/07/2567 23:03:55.625] Couldn't connect backend to Steam: {"error":"{\"reason_code\":90201,\"status\":900,\"status_message\":\"Client has been disabled due to identical repeat Authentication calls that are throwing errors. Authenticating with the same credentials is disabled for 30 seconds\",\"severity\":\"ERROR\"}"}
[04/07/2567 23:03:55.641] ARG 0: D:\shared\games\Ultimate.Chicken.Horse.Build.14630387\UltimateChickenHorse.exe
[04/07/2567 23:03:55.641] Backend: attempting to connect with Steam
[04/07/2567 23:03:55.642] Couldn't connect backend to Steam: {"error":"{\"reason_code\":90201,\"status\":900,\"status_message\":\"Client has been disabled due to identical repeat Authentication calls that are throwing errors. Authenticating with the same credentials is disabled for 30 seconds\",\"severity\":\"ERROR\"}"}
[04/07/2567 23:03:55.657] ARG 0: D:\shared\games\Ultimate.Chicken.Horse.Build.14630387\UltimateChickenHorse.exe
[04/07/2567 23:03:55.658] Backend: attempting to connect with Steam
[04/07/2567 23:03:55.659] Couldn't connect backend to Steam: {"error":"{\"reason_code\":90201,\"status\":900,\"status_message\":\"Client has been disabled due to identical repeat Authentication calls that are throwing errors. Authenticating with the same credentials is disabled for 30 seconds\",\"severity\":\"ERROR\"}"}
[04/07/2567 23:03:55.674] ARG 0: D:\shared\games\Ultimate.Chicken.Horse.Build.14630387\UltimateChickenHorse.exe
[04/07/2567 23:03:55.675] Backend: attempting to connect with Steam
[04/07/2567 23:03:55.676] Couldn't connect backend to Steam: {"error":"{\"reason_code\":90201,\"status\":900,\"status_message\":\"Client has been disabled due to identical repeat Authentication calls that are throwing errors. Authenticating with the same credentials is disabled for 30 seconds\",\"severity\":\"ERROR\"}"}
[04/07/2567 23:03:55.691] ARG 0: D:\shared\games\Ultimate.Chicken.Horse.Build.14630387\UltimateChickenHorse.exe
[04/07/2567 23:03:55.691] Backend: attempting to connect with Steam
[04/07/2567 23:03:55.692] Couldn't connect backend to Steam: {"error":"{\"reason_code\":90201,\"status\":900,\"status_message\":\"Client has been disabled due to identical repeat Authentication calls that are throwing errors. Authenticating with the same credentials is disabled for 30 seconds\",\"severity\":\"ERROR\"}"}
[04/07/2567 23:03:55.707] ARG 0: D:\shared\games\Ultimate.Chicken.Horse.Build.14630387\UltimateChickenHorse.exe
[04/07/2567 23:03:55.708] Backend: attempting to connect with Steam
[04/07/2567 23:03:55.709] Couldn't connect backend to Steam: {"error":"{\"reason_code\":90201,\"status\":900,\"status_message\":\"Client has been disabled due to identical repeat Authentication calls that are throwing errors. Authenticating with the same credentials is disabled for 30 seconds\",\"severity\":\"ERROR\"}"}
[04/07/2567 23:03:55.724] ARG 0: D:\shared\games\Ultimate.Chicken.Horse.Build.14630387\UltimateChickenHorse.exe
[04/07/2567 23:03:55.724] Backend: attempting to connect with Steam
[04/07/2567 23:03:55.725] Couldn't connect backend to Steam: {"error":"{\"reason_code\":90201,\"status\":900,\"status_message\":\"Client has been disabled due to identical repeat Authentication calls that are throwing errors. Authenticating with the same credentials is disabled for 30 seconds\",\"severity\":\"ERROR\"}"}
[04/07/2567 23:03:55.741] ARG 0: D:\shared\games\Ultimate.Chicken.Horse.Build.14630387\UltimateChickenHorse.exe
[04/07/2567 23:03:55.741] Backend: attempting to connect with Steam
[04/07/2567 23:03:55.742] Couldn't connect backend to Steam: {"error":"{\"reason_code\":90201,\"status\":900,\"status_message\":\"Client has been disabled due to identical repeat Authentication calls that are throwing errors. Authenticating with the same credentials is disabled for 30 seconds\",\"severity\":\"ERROR\"}"}
[04/07/2567 23:03:55.757] ARG 0: D:\shared\games\Ultimate.Chicken.Horse.Build.14630387\UltimateChickenHorse.exe
[04/07/2567 23:03:55.758] Backend: attempting to connect with Steam
[04/07/2567 23:03:55.759] Couldn't connect backend to Steam: {"error":"{\"reason_code\":90201,\"status\":900,\"status_message\":\"Client has been disabled due to identical repeat Authentication calls that are throwing errors. Authenticating with the same credentials is disabled for 30 seconds\",\"severity\":\"ERROR\"}"}
[04/07/2567 23:03:55.774] ARG 0: D:\shared\games\Ultimate.Chicken.Horse.Build.14630387\UltimateChickenHorse.exe
[04/07/2567 23:03:55.775] Backend: attempting to connect with Steam
[04/07/2567 23:03:55.776] Couldn't connect backend to Steam: {"error":"{\"reason_code\":90201,\"status\":900,\"status_message\":\"Client has been disabled due to identical repeat Authentication calls that are throwing errors. Authenticating with the same credentials is disabled for 30 seconds\",\"severity\":\"ERROR\"}"}
[04/07/2567 23:03:55.791] ARG 0: D:\shared\games\Ultimate.Chicken.Horse.Build.14630387\UltimateChickenHorse.exe
[04/07/2567 23:03:55.791] Backend: attempting to connect with Steam
[04/07/2567 23:03:55.792] Couldn't connect backend to Steam: {"error":"{\"reason_code\":90201,\"status\":900,\"status_message\":\"Client has been disabled due to identical repeat Authentication calls that are throwing errors. Authenticating with the same credentials is disabled for 30 seconds\",\"severity\":\"ERROR\"}"}
[04/07/2567 23:03:55.807] ARG 0: D:\shared\games\Ultimate.Chicken.Horse.Build.14630387\UltimateChickenHorse.exe
[04/07/2567 23:03:55.807] Backend: attempting to connect with Steam
[04/07/2567 23:03:55.808] Couldn't connect backend to Steam: {"error":"{\"reason_code\":90201,\"status\":900,\"status_message\":\"Client has been disabled due to identical repeat Authentication calls that are throwing errors. Authenticating with the same credentials is disabled for 30 seconds\",\"severity\":\"ERROR\"}"}
[04/07/2567 23:03:55.824] ARG 0: D:\shared\games\Ultimate.Chicken.Horse.Build.14630387\UltimateChickenHorse.exe
[04/07/2567 23:03:55.824] Backend: attempting to connect with Steam
[04/07/2567 23:03:55.825] Couldn't connect backend to Steam: {"error":"{\"reason_code\":90201,\"status\":900,\"status_message\":\"Client has been disabled due to identical repeat Authentication calls that are throwing errors. Authenticating with the same credentials is disabled for 30 seconds\",\"severity\":\"ERROR\"}"}
[04/07/2567 23:03:55.841] ARG 0: D:\shared\games\Ultimate.Chicken.Horse.Build.14630387\UltimateChickenHorse.exe
[04/07/2567 23:03:55.841] Backend: attempting to connect with Steam
[04/07/2567 23:03:55.842] Couldn't connect backend to Steam: {"error":"{\"reason_code\":90201,\"status\":900,\"status_message\":\"Client has been disabled due to identical repeat Authentication calls that are throwing errors. Authenticating with the same credentials is disabled for 30 seconds\",\"severity\":\"ERROR\"}"}
[04/07/2567 23:03:55.857] ARG 0: D:\shared\games\Ultimate.Chicken.Horse.Build.14630387\UltimateChickenHorse.exe
[04/07/2567 23:03:55.858] Backend: attempting to connect with Steam
[04/07/2567 23:03:55.859] Couldn't connect backend to Steam: {"error":"{\"reason_code\":90201,\"status\":900,\"status_message\":\"Client has been disabled due to identical repeat Authentication calls that are throwing errors. Authenticating with the same credentials is disabled for 30 seconds\",\"severity\":\"ERROR\"}"}
[04/07/2567 23:03:55.874] ARG 0: D:\shared\games\Ultimate.Chicken.Horse.Build.14630387\UltimateChickenHorse.exe
[04/07/2567 23:03:55.874] Backend: attempting to connect with Steam
[04/07/2567 23:03:55.875] Couldn't connect backend to Steam: {"error":"{\"reason_code\":90201,\"status\":900,\"status_message\":\"Client has been disabled due to identical repeat Authentication calls that are throwing errors. Authenticating with the same credentials is disabled for 30 seconds\",\"severity\":\"ERROR\"}"}
[04/07/2567 23:03:55.891] ARG 0: D:\shared\games\Ultimate.Chicken.Horse.Build.14630387\UltimateChickenHorse.exe
[04/07/2567 23:03:55.891] Backend: attempting to connect with Steam
[04/07/2567 23:03:55.892] Couldn't connect backend to Steam: {"error":"{\"reason_code\":90201,\"status\":900,\"status_message\":\"Client has been disabled due to identical repeat Authentication calls that are throwing errors. Authenticating with the same credentials is disabled for 30 seconds\",\"severity\":\"ERROR\"}"}
[04/07/2567 23:03:55.907] ARG 0: D:\shared\games\Ultimate.Chicken.Horse.Build.14630387\UltimateChickenHorse.exe
[04/07/2567 23:03:55.907] Backend: attempting to connect with Steam
[04/07/2567 23:03:55.908] Couldn't connect backend to Steam: {"error":"{\"reason_code\":90201,\"status\":900,\"status_message\":\"Client has been disabled due to identical repeat Authentication calls that are throwing errors. Authenticating with the same credentials is disabled for 30 seconds\",\"severity\":\"ERROR\"}"}
[04/07/2567 23:03:55.923] ARG 0: D:\shared\games\Ultimate.Chicken.Horse.Build.14630387\UltimateChickenHorse.exe
[04/07/2567 23:03:55.924] Backend: attempting to connect with Steam
[04/07/2567 23:03:55.925] Couldn't connect backend to Steam: {"error":"{\"reason_code\":90201,\"status\":900,\"status_message\":\"Client has been disabled due to identical repeat Authentication calls that are throwing errors. Authenticating with the same credentials is disabled for 30 seconds\",\"severity\":\"ERROR\"}"}
[04/07/2567 23:03:55.940] ARG 0: D:\shared\games\Ultimate.Chicken.Horse.Build.14630387\UltimateChickenHorse.exe
[04/07/2567 23:03:55.941] Backend: attempting to connect with Steam
[04/07/2567 23:03:55.942] Couldn't connect backend to Steam: {"error":"{\"reason_code\":90201,\"status\":900,\"status_message\":\"Client has been disabled due to identical repeat Authentication calls that are throwing errors. Authenticating with the same credentials is disabled for 30 seconds\",\"severity\":\"ERROR\"}"}
[04/07/2567 23:03:55.957] ARG 0: D:\shared\games\Ultimate.Chicken.Horse.Build.14630387\UltimateChickenHorse.exe
[04/07/2567 23:03:55.957] Backend: attempting to connect with Steam
[04/07/2567 23:03:55.959] Couldn't connect backend to Steam: {"error":"{\"reason_code\":90201,\"status\":900,\"status_message\":\"Client has been disabled due to identical repeat Authentication calls that are throwing errors. Authenticating with the same credentials is disabled for 30 seconds\",\"severity\":\"ERROR\"}"}
[04/07/2567 23:03:55.974] ARG 0: D:\shared\games\Ultimate.Chicken.Horse.Build.14630387\UltimateChickenHorse.exe
[04/07/2567 23:03:55.975] Backend: attempting to connect with Steam
[04/07/2567 23:03:55.976] Couldn't connect backend to Steam: {"error":"{\"reason_code\":90201,\"status\":900,\"status_message\":\"Client has been disabled due to identical repeat Authentication calls that are throwing errors. Authenticating with the same credentials is disabled for 30 seconds\",\"severity\":\"ERROR\"}"}
[04/07/2567 23:03:55.991] ARG 0: D:\shared\games\Ultimate.Chicken.Horse.Build.14630387\UltimateChickenHorse.exe
[04/07/2567 23:03:55.991] Backend: attempting to connect with Steam
[04/07/2567 23:03:55.992] Couldn't connect backend to Steam: {"error":"{\"reason_code\":90201,\"status\":900,\"status_message\":\"Client has been disabled due to identical repeat Authentication calls that are throwing errors. Authenticating with the same credentials is disabled for 30 seconds\",\"severity\":\"ERROR\"}"}
[04/07/2567 23:03:55.994] Starting Local Play
[04/07/2567 23:03:56.007] ARG 0: D:\shared\games\Ultimate.Chicken.Horse.Build.14630387\UltimateChickenHorse.exe
[04/07/2567 23:03:56.008] Backend: attempting to connect with Steam
[04/07/2567 23:03:56.009] Couldn't connect backend to Steam: {"error":"{\"reason_code\":90201,\"status\":900,\"status_message\":\"Client has been disabled due to identical repeat Authentication calls that are throwing errors. Authenticating with the same credentials is disabled for 30 seconds\",\"severity\":\"ERROR\"}"}
[04/07/2567 23:03:56.024] ARG 0: D:\shared\games\Ultimate.Chicken.Horse.Build.14630387\UltimateChickenHorse.exe
[04/07/2567 23:03:56.024] Backend: attempting to connect with Steam
[04/07/2567 23:03:56.025] Couldn't connect backend to Steam: {"error":"{\"reason_code\":90201,\"status\":900,\"status_message\":\"Client has been disabled due to identical repeat Authentication calls that are throwing errors. Authenticating with the same credentials is disabled for 30 seconds\",\"severity\":\"ERROR\"}"}
[04/07/2567 23:03:56.041] ARG 0: D:\shared\games\Ultimate.Chicken.Horse.Build.14630387\UltimateChickenHorse.exe
[04/07/2567 23:03:56.041] Backend: attempting to connect with Steam
[04/07/2567 23:03:56.042] Couldn't connect backend to Steam: {"error":"{\"reason_code\":90201,\"status\":900,\"status_message\":\"Client has been disabled due to identical repeat Authentication calls that are throwing errors. Authenticating with the same credentials is disabled for 30 seconds\",\"severity\":\"ERROR\"}"}
[04/07/2567 23:03:56.057] ARG 0: D:\shared\games\Ultimate.Chicken.Horse.Build.14630387\UltimateChickenHorse.exe
[04/07/2567 23:03:56.057] Backend: attempting to connect with Steam
[04/07/2567 23:03:56.059] Couldn't connect backend to Steam: {"error":"{\"reason_code\":90201,\"status\":900,\"status_message\":\"Client has been disabled due to identical repeat Authentication calls that are throwing errors. Authenticating with the same credentials is disabled for 30 seconds\",\"severity\":\"ERROR\"}"}
[04/07/2567 23:03:56.073] ARG 0: D:\shared\games\Ultimate.Chicken.Horse.Build.14630387\UltimateChickenHorse.exe
[04/07/2567 23:03:56.074] Backend: attempting to connect with Steam
[04/07/2567 23:03:56.075] Couldn't connect backend to Steam: {"error":"{\"reason_code\":90201,\"status\":900,\"status_message\":\"Client has been disabled due to identical repeat Authentication calls that are throwing errors. Authenticating with the same credentials is disabled for 30 seconds\",\"severity\":\"ERROR\"}"}
[04/07/2567 23:03:56.091] ARG 0: D:\shared\games\Ultimate.Chicken.Horse.Build.14630387\UltimateChickenHorse.exe
[04/07/2567 23:03:56.091] Backend: attempting to connect with Steam
[04/07/2567 23:03:56.092] Couldn't connect backend to Steam: {"error":"{\"reason_code\":90201,\"status\":900,\"status_message\":\"Client has been disabled due to identical repeat Authentication calls that are throwing errors. Authenticating with the same credentials is disabled for 30 seconds\",\"severity\":\"ERROR\"}"}
[04/07/2567 23:03:56.107] ARG 0: D:\shared\games\Ultimate.Chicken.Horse.Build.14630387\UltimateChickenHorse.exe
[04/07/2567 23:03:56.108] Backend: attempting to connect with Steam
[04/07/2567 23:03:56.108] Couldn't connect backend to Steam: {"error":"{\"reason_code\":90201,\"status\":900,\"status_message\":\"Client has been disabled due to identical repeat Authentication calls that are throwing errors. Authenticating with the same credentials is disabled for 30 seconds\",\"severity\":\"ERROR\"}"}
[04/07/2567 23:03:56.123] ARG 0: D:\shared\games\Ultimate.Chicken.Horse.Build.14630387\UltimateChickenHorse.exe
[04/07/2567 23:03:56.124] Backend: attempting to connect with Steam
[04/07/2567 23:03:56.126] Couldn't connect backend to Steam: {"error":"{\"reason_code\":90201,\"status\":900,\"status_message\":\"Client has been disabled due to identical repeat Authentication calls that are throwing errors. Authenticating with the same credentials is disabled for 30 seconds\",\"severity\":\"ERROR\"}"}
[04/07/2567 23:03:56.139] ARG 0: D:\shared\games\Ultimate.Chicken.Horse.Build.14630387\UltimateChickenHorse.exe
[04/07/2567 23:03:56.141] Backend: attempting to connect with Steam
[04/07/2567 23:03:56.142] Couldn't connect backend to Steam: {"error":"{\"reason_code\":90201,\"status\":900,\"status_message\":\"Client has been disabled due to identical repeat Authentication calls that are throwing errors. Authenticating with the same credentials is disabled for 30 seconds\",\"severity\":\"ERROR\"}"}
[04/07/2567 23:03:56.157] ARG 0: D:\shared\games\Ultimate.Chicken.Horse.Build.14630387\UltimateChickenHorse.exe
[04/07/2567 23:03:56.157] Backend: attempting to connect with Steam
[04/07/2567 23:03:56.158] Couldn't connect backend to Steam: {"error":"{\"reason_code\":90201,\"status\":900,\"status_message\":\"Client has been disabled due to identical repeat Authentication calls that are throwing errors. Authenticating with the same credentials is disabled for 30 seconds\",\"severity\":\"ERROR\"}"}
[04/07/2567 23:03:56.173] ARG 0: D:\shared\games\Ultimate.Chicken.Horse.Build.14630387\UltimateChickenHorse.exe
[04/07/2567 23:03:56.174] Backend: attempting to connect with Steam
[04/07/2567 23:03:56.175] Couldn't connect backend to Steam: {"error":"{\"reason_code\":90201,\"status\":900,\"status_message\":\"Client has been disabled due to identical repeat Authentication calls that are throwing errors. Authenticating with the same credentials is disabled for 30 seconds\",\"severity\":\"ERROR\"}"}
[04/07/2567 23:03:56.191] ARG 0: D:\shared\games\Ultimate.Chicken.Horse.Build.14630387\UltimateChickenHorse.exe
[04/07/2567 23:03:56.191] Backend: attempting to connect with Steam
[04/07/2567 23:03:56.192] Couldn't connect backend to Steam: {"error":"{\"reason_code\":90201,\"status\":900,\"status_message\":\"Client has been disabled due to identical repeat Authentication calls that are throwing errors. Authenticating with the same credentials is disabled for 30 seconds\",\"severity\":\"ERROR\"}"}
[04/07/2567 23:03:56.207] ARG 0: D:\shared\games\Ultimate.Chicken.Horse.Build.14630387\UltimateChickenHorse.exe
[04/07/2567 23:03:56.207] Backend: attempting to connect with Steam
[04/07/2567 23:03:56.208] Couldn't connect backend to Steam: {"error":"{\"reason_code\":90201,\"status\":900,\"status_message\":\"Client has been disabled due to identical repeat Authentication calls that are throwing errors. Authenticating with the same credentials is disabled for 30 seconds\",\"severity\":\"ERROR\"}"}
[04/07/2567 23:03:56.223] ARG 0: D:\shared\games\Ultimate.Chicken.Horse.Build.14630387\UltimateChickenHorse.exe
[04/07/2567 23:03:56.224] Backend: attempting to connect with Steam
[04/07/2567 23:03:56.225] Couldn't connect backend to Steam: {"error":"{\"reason_code\":90201,\"status\":900,\"status_message\":\"Client has been disabled due to identical repeat Authentication calls that are throwing errors. Authenticating with the same credentials is disabled for 30 seconds\",\"severity\":\"ERROR\"}"}
[04/07/2567 23:03:56.241] ARG 0: D:\shared\games\Ultimate.Chicken.Horse.Build.14630387\UltimateChickenHorse.exe
[04/07/2567 23:03:56.241] Backend: attempting to connect with Steam
[04/07/2567 23:03:56.242] Couldn't connect backend to Steam: {"error":"{\"reason_code\":90201,\"status\":900,\"status_message\":\"Client has been disabled due to identical repeat Authentication calls that are throwing errors. Authenticating with the same credentials is disabled for 30 seconds\",\"severity\":\"ERROR\"}"}
[04/07/2567 23:03:56.257] ARG 0: D:\shared\games\Ultimate.Chicken.Horse.Build.14630387\UltimateChickenHorse.exe
[04/07/2567 23:03:56.257] Backend: attempting to connect with Steam
[04/07/2567 23:03:56.258] Couldn't connect backend to Steam: {"error":"{\"reason_code\":90201,\"status\":900,\"status_message\":\"Client has been disabled due to identical repeat Authentication calls that are throwing errors. Authenticating with the same credentials is disabled for 30 seconds\",\"severity\":\"ERROR\"}"}
[04/07/2567 23:03:56.274] ARG 0: D:\shared\games\Ultimate.Chicken.Horse.Build.14630387\UltimateChickenHorse.exe
[04/07/2567 23:03:56.274] Backend: attempting to connect with Steam
[04/07/2567 23:03:56.275] Couldn't connect backend to Steam: {"error":"{\"reason_code\":90201,\"status\":900,\"status_message\":\"Client has been disabled due to identical repeat Authentication calls that are throwing errors. Authenticating with the same credentials is disabled for 30 seconds\",\"severity\":\"ERROR\"}"}
[04/07/2567 23:03:56.291] ARG 0: D:\shared\games\Ultimate.Chicken.Horse.Build.14630387\UltimateChickenHorse.exe
[04/07/2567 23:03:56.291] Backend: attempting to connect with Steam
[04/07/2567 23:03:56.292] Couldn't connect backend to Steam: {"error":"{\"reason_code\":90201,\"status\":900,\"status_message\":\"Client has been disabled due to identical repeat Authentication calls that are throwing errors. Authenticating with the same credentials is disabled for 30 seconds\",\"severity\":\"ERROR\"}"}
[04/07/2567 23:03:56.307] ARG 0: D:\shared\games\Ultimate.Chicken.Horse.Build.14630387\UltimateChickenHorse.exe
[04/07/2567 23:03:56.308] Backend: attempting to connect with Steam
[04/07/2567 23:03:56.309] Couldn't connect backend to Steam: {"error":"{\"reason_code\":90201,\"status\":900,\"status_message\":\"Client has been disabled due to identical repeat Authentication calls that are throwing errors. Authenticating with the same credentials is disabled for 30 seconds\",\"severity\":\"ERROR\"}"}
[04/07/2567 23:03:56.323] ARG 0: D:\shared\games\Ultimate.Chicken.Horse.Build.14630387\UltimateChickenHorse.exe
[04/07/2567 23:03:56.324] Backend: attempting to connect with Steam
[04/07/2567 23:03:56.325] Couldn't connect backend to Steam: {"error":"{\"reason_code\":90201,\"status\":900,\"status_message\":\"Client has been disabled due to identical repeat Authentication calls that are throwing errors. Authenticating with the same credentials is disabled for 30 seconds\",\"severity\":\"ERROR\"}"}
[04/07/2567 23:03:56.340] ARG 0: D:\shared\games\Ultimate.Chicken.Horse.Build.14630387\UltimateChickenHorse.exe
[04/07/2567 23:03:56.341] Backend: attempting to connect with Steam
[04/07/2567 23:03:56.342] Couldn't connect backend to Steam: {"error":"{\"reason_code\":90201,\"status\":900,\"status_message\":\"Client has been disabled due to identical repeat Authentication calls that are throwing errors. Authenticating with the same credentials is disabled for 30 seconds\",\"severity\":\"ERROR\"}"}
[04/07/2567 23:03:56.357] ARG 0: D:\shared\games\Ultimate.Chicken.Horse.Build.14630387\UltimateChickenHorse.exe
[04/07/2567 23:03:56.357] Backend: attempting to connect with Steam
[04/07/2567 23:03:56.358] Couldn't connect backend to Steam: {"error":"{\"reason_code\":90201,\"status\":900,\"status_message\":\"Client has been disabled due to identical repeat Authentication calls that are throwing errors. Authenticating with the same credentials is disabled for 30 seconds\",\"severity\":\"ERROR\"}"}
[04/07/2567 23:03:56.373] ARG 0: D:\shared\games\Ultimate.Chicken.Horse.Build.14630387\UltimateChickenHorse.exe
[04/07/2567 23:03:56.374] Backend: attempting to connect with Steam
[04/07/2567 23:03:56.375] Couldn't connect backend to Steam: {"error":"{\"reason_code\":90201,\"status\":900,\"status_message\":\"Client has been disabled due to identical repeat Authentication calls that are throwing errors. Authenticating with the same credentials is disabled for 30 seconds\",\"severity\":\"ERROR\"}"}
[04/07/2567 23:03:56.390] ARG 0: D:\shared\games\Ultimate.Chicken.Horse.Build.14630387\UltimateChickenHorse.exe
[04/07/2567 23:03:56.391] Backend: attempting to connect with Steam
[04/07/2567 23:03:56.392] Couldn't connect backend to Steam: {"error":"{\"reason_code\":90201,\"status\":900,\"status_message\":\"Client has been disabled due to identical repeat Authentication calls that are throwing errors. Authenticating with the same credentials is disabled for 30 seconds\",\"severity\":\"ERROR\"}"}
[04/07/2567 23:03:56.407] ARG 0: D:\shared\games\Ultimate.Chicken.Horse.Build.14630387\UltimateChickenHorse.exe
[04/07/2567 23:03:56.408] Backend: attempting to connect with Steam
[04/07/2567 23:03:56.409] Couldn't connect backend to Steam: {"error":"{\"reason_code\":90201,\"status\":900,\"status_message\":\"Client has been disabled due to identical repeat Authentication calls that are throwing errors. Authenticating with the same credentials is disabled for 30 seconds\",\"severity\":\"ERROR\"}"}
[04/07/2567 23:03:56.424] ARG 0: D:\shared\games\Ultimate.Chicken.Horse.Build.14630387\UltimateChickenHorse.exe
[04/07/2567 23:03:56.424] Backend: attempting to connect with Steam
[04/07/2567 23:03:56.425] Couldn't connect backend to Steam: {"error":"{\"reason_code\":90201,\"status\":900,\"status_message\":\"Client has been disabled due to identical repeat Authentication calls that are throwing errors. Authenticating with the same credentials is disabled for 30 seconds\",\"severity\":\"ERROR\"}"}
[04/07/2567 23:03:56.439] ARG 0: D:\shared\games\Ultimate.Chicken.Horse.Build.14630387\UltimateChickenHorse.exe
[04/07/2567 23:03:56.441] Backend: attempting to connect with Steam
[04/07/2567 23:03:56.443] Couldn't connect backend to Steam: {"error":"{\"reason_code\":90201,\"status\":900,\"status_message\":\"Client has been disabled due to identical repeat Authentication calls that are throwing errors. Authenticating with the same credentials is disabled for 30 seconds\",\"severity\":\"ERROR\"}"}
[04/07/2567 23:03:56.457] ARG 0: D:\shared\games\Ultimate.Chicken.Horse.Build.14630387\UltimateChickenHorse.exe
[04/07/2567 23:03:56.458] Backend: attempting to connect with Steam
[04/07/2567 23:03:56.459] Couldn't connect backend to Steam: {"error":"{\"reason_code\":90201,\"status\":900,\"status_message\":\"Client has been disabled due to identical repeat Authentication calls that are throwing errors. Authenticating with the same credentials is disabled for 30 seconds\",\"severity\":\"ERROR\"}"}
[04/07/2567 23:03:56.473] ARG 0: D:\shared\games\Ultimate.Chicken.Horse.Build.14630387\UltimateChickenHorse.exe
[04/07/2567 23:03:56.474] Backend: attempting to connect with Steam
[04/07/2567 23:03:56.475] Couldn't connect backend to Steam: {"error":"{\"reason_code\":90201,\"status\":900,\"status_message\":\"Client has been disabled due to identical repeat Authentication calls that are throwing errors. Authenticating with the same credentials is disabled for 30 seconds\",\"severity\":\"ERROR\"}"}
[04/07/2567 23:03:56.491] ARG 0: D:\shared\games\Ultimate.Chicken.Horse.Build.14630387\UltimateChickenHorse.exe
[04/07/2567 23:03:56.491] Backend: attempting to connect with Steam
[04/07/2567 23:03:56.492] Couldn't connect backend to Steam: {"error":"{\"reason_code\":90201,\"status\":900,\"status_message\":\"Client has been disabled due to identical repeat Authentication calls that are throwing errors. Authenticating with the same credentials is disabled for 30 seconds\",\"severity\":\"ERROR\"}"}
[04/07/2567 23:03:56.507] ARG 0: D:\shared\games\Ultimate.Chicken.Horse.Build.14630387\UltimateChickenHorse.exe
[04/07/2567 23:03:56.507] Backend: attempting to connect with Steam
[04/07/2567 23:03:56.508] Couldn't connect backend to Steam: {"error":"{\"reason_code\":90201,\"status\":900,\"status_message\":\"Client has been disabled due to identical repeat Authentication calls that are throwing errors. Authenticating with the same credentials is disabled for 30 seconds\",\"severity\":\"ERROR\"}"}
[04/07/2567 23:03:56.524] ARG 0: D:\shared\games\Ultimate.Chicken.Horse.Build.14630387\UltimateChickenHorse.exe
[04/07/2567 23:03:56.524] Backend: attempting to connect with Steam
[04/07/2567 23:03:56.525] Couldn't connect backend to Steam: {"error":"{\"reason_code\":90201,\"status\":900,\"status_message\":\"Client has been disabled due to identical repeat Authentication calls that are throwing errors. Authenticating with the same credentials is disabled for 30 seconds\",\"severity\":\"ERROR\"}"}
[04/07/2567 23:03:56.541] ARG 0: D:\shared\games\Ultimate.Chicken.Horse.Build.14630387\UltimateChickenHorse.exe
[04/07/2567 23:03:56.541] Backend: attempting to connect with Steam
[04/07/2567 23:03:56.542] Couldn't connect backend to Steam: {"error":"{\"reason_code\":90201,\"status\":900,\"status_message\":\"Client has been disabled due to identical repeat Authentication calls that are throwing errors. Authenticating with the same credentials is disabled for 30 seconds\",\"severity\":\"ERROR\"}"}
[04/07/2567 23:03:56.543] Unloading the last loaded scene Assets/Scenes/MainMenu.unity(build index: 1), is not supported. Please use SceneManager.LoadScene()/EditorSceneManager.OpenScene() to switch to another scene.
[04/07/2567 23:03:56.543] Unloading unused assets
[04/07/2567 23:03:56.579] Collecting Garbage
[04/07/2567 23:03:56.584] Actually loading TreeHouseLobby
[04/07/2567 23:03:56.812] Scene change: TreeHouseLobby
[04/07/2567 23:03:58.573] ARG 0: D:\shared\games\Ultimate.Chicken.Horse.Build.14630387\UltimateChickenHorse.exe
[04/07/2567 23:03:58.573] Backend: attempting to connect with Steam
[04/07/2567 23:03:58.574] Couldn't connect backend to Steam: {"error":"{\"reason_code\":90201,\"status\":900,\"status_message\":\"Client has been disabled due to identical repeat Authentication calls that are throwing errors. Authenticating with the same credentials is disabled for 30 seconds\",\"severity\":\"ERROR\"}"}
[04/07/2567 23:03:59.841] Starting Host
[04/07/2567 23:03:59.841] Not listening
[04/07/2567 23:03:59.842] [Net] Starting hosting using P2P on port: 17778
[04/07/2567 23:03:59.842] OnLobbyStartHost
[04/07/2567 23:03:59.843] Before finding external IP
[04/07/2567 23:03:59.889] Lobby server connect hostId: -1 connectionId: 0 isReady: False channel count: 0
[04/07/2567 23:03:59.889] Server Connect
[04/07/2567 23:03:59.893] Client started: :0 (localhost:17778) 
[04/07/2567 23:03:59.898] Lobby client entered
[04/07/2567 23:03:59.901] Client connected: hostId: -1 connectionId: 0 isReady: True channel count: 0
[04/07/2567 23:03:59.953] Waiting for netid for lobby player 1
[04/07/2567 23:03:59.956] Server added player
[04/07/2567 23:03:59.957] Lobby Player added for local player 1
[04/07/2567 23:03:59.958] Spawned Twitch Chat ClientState...
[04/07/2567 23:03:59.968] No Main User GSID found... Trying to refresh...
[04/07/2567 23:03:59.971] Lost connection. Trying to reconnect to BrainCloud
[04/07/2567 23:03:59.971] ARG 0: D:\shared\games\Ultimate.Chicken.Horse.Build.14630387\UltimateChickenHorse.exe
[04/07/2567 23:03:59.971] Backend: attempting to connect with Steam
[04/07/2567 23:03:59.984] Received message to switch to mode PARTY
[04/07/2567 23:03:59.986] Received message to switch to mode PARTY
[04/07/2567 23:03:59.994] Couldn't connect backend to Steam: {"error":"{\"reason_code\":90201,\"status\":900,\"status_message\":\"Client has been disabled due to identical repeat Authentication calls that are throwing errors. Authenticating with the same credentials is disabled for 30 seconds\",\"severity\":\"ERROR\"}"}
[04/07/2567 23:03:59.997] Done waiting for lobby netid, trying to add again
[04/07/2567 23:03:59.998] Net id added for lobby player
[04/07/2567 23:04:00.001] Spawning lobby cursor
[04/07/2567 23:04:00.178] Warning! Page PlayOnlinePage has no page number text element!
[04/07/2567 23:04:00.178] Warning! Page PlayOnlinePage has no page number text element!
[04/07/2567 23:04:00.179] Warning! Page TabletInterface has no page number text element!
[04/07/2024 23:04:00.354] Game saved to C:/Users/ASUS/AppData/LocalLow/Clever Endeavour Games/Ultimate Chicken Horse/saveData.uch
[04/07/2024 23:04:00.365] Outfit ready to unlock in OLDMANSION
[04/07/2024 23:04:00.369] There is an unlock at OLDMANSION for player Noob
[04/07/2024 23:04:01.988] ARG 0: D:\shared\games\Ultimate.Chicken.Horse.Build.14630387\UltimateChickenHorse.exe
[04/07/2024 23:04:01.989] Backend: attempting to connect with Steam
[04/07/2024 23:04:01.989] Couldn't connect backend to Steam: {"error":"{\"reason_code\":90201,\"status\":900,\"status_message\":\"Client has been disabled due to identical repeat Authentication calls that are throwing errors. Authenticating with the same credentials is disabled for 30 seconds\",\"severity\":\"ERROR\"}"}
[04/07/2024 23:04:04.021] ARG 0: D:\shared\games\Ultimate.Chicken.Horse.Build.14630387\UltimateChickenHorse.exe
[04/07/2024 23:04:04.022] Backend: attempting to connect with Steam
[04/07/2024 23:04:04.023] Couldn't connect backend to Steam: {"error":"{\"reason_code\":90201,\"status\":900,\"status_message\":\"Client has been disabled due to identical repeat Authentication calls that are throwing errors. Authenticating with the same credentials is disabled for 30 seconds\",\"severity\":\"ERROR\"}"}
[04/07/2024 23:04:06.054] ARG 0: D:\shared\games\Ultimate.Chicken.Horse.Build.14630387\UltimateChickenHorse.exe
[04/07/2024 23:04:06.055] Backend: attempting to connect with Steam
[04/07/2024 23:04:06.056] Couldn't connect backend to Steam: {"error":"{\"reason_code\":90201,\"status\":900,\"status_message\":\"Client has been disabled due to identical repeat Authentication calls that are throwing errors. Authenticating with the same credentials is disabled for 30 seconds\",\"severity\":\"ERROR\"}"}
[04/07/2024 23:04:06.888] Controller connection event received: True for Player
[04/07/2024 23:04:06.889] Hiding controller prompt 1
[04/07/2024 23:04:06.889] Waiting for netid for lobby player 2
[04/07/2024 23:04:06.890] Server added player
[04/07/2024 23:04:06.890] Lobby Player added for local player 2
[04/07/2024 23:04:06.891] No Main User GSID found... Trying to refresh...
[04/07/2024 23:04:06.892] Lost connection. Trying to reconnect to BrainCloud
[04/07/2024 23:04:06.892] ARG 0: D:\shared\games\Ultimate.Chicken.Horse.Build.14630387\UltimateChickenHorse.exe
[04/07/2024 23:04:06.892] Backend: attempting to connect with Steam
[04/07/2024 23:04:06.904] Couldn't connect backend to Steam: {"error":"{\"reason_code\":90201,\"status\":900,\"status_message\":\"Client has been disabled due to identical repeat Authentication calls that are throwing errors. Authenticating with the same credentials is disabled for 30 seconds\",\"severity\":\"ERROR\"}"}
[04/07/2024 23:04:06.905] Done waiting for lobby netid, trying to add again
[04/07/2024 23:04:06.905] Net id added for lobby player
[04/07/2024 23:04:06.907] Spawning lobby cursor
[04/07/2024 23:04:07.904] Adding Player Couch Mode	Noob 2GSID	STEAMID	76561198064970412
[04/07/2024 23:04:07.905] Adding Player Couch Mode Final
[04/07/2024 23:04:07.905] NonXbox Player HandleSession 1	
[04/07/2024 23:04:07.908] NotImplementedException: The method or operation is not implemented.
	LocalLobby.GetLobbyCode () (at <4f26bd17cb924e87947cab21bf57266e>:0)
	UnityMatchmaker.HandleSession (System.Boolean isAdding, System.String userID, System.String userName, System.Action`1[T] callback, System.String reason) (at <4f26bd17cb924e87947cab21bf57266e>:0)
	LevelSelectController.AddCouchPlayer2MPSDCustomFields (LobbyPlayer player) (at <4f26bd17cb924e87947cab21bf57266e>:0)
	LevelSelectController+<GetAssosiatedLobbyPlayers>d__109.MoveNext () (at <4f26bd17cb924e87947cab21bf57266e>:0)
	UnityEngine.SetupCoroutine.InvokeMoveNext (System.Collections.IEnumerator enumerator, System.IntPtr returnValueAddress) (at <ad199b1c67244da3a5ed230e5d202f21>:0)
	
[04/07/2024 23:04:08.936] ARG 0: D:\shared\games\Ultimate.Chicken.Horse.Build.14630387\UltimateChickenHorse.exe
[04/07/2024 23:04:08.937] Backend: attempting to connect with Steam
[04/07/2024 23:04:08.938] Couldn't connect backend to Steam: {"error":"{\"reason_code\":90201,\"status\":900,\"status_message\":\"Client has been disabled due to identical repeat Authentication calls that are throwing errors. Authenticating with the same credentials is disabled for 30 seconds\",\"severity\":\"ERROR\"}"}
[04/07/2024 23:04:10.969] ARG 0: D:\shared\games\Ultimate.Chicken.Horse.Build.14630387\UltimateChickenHorse.exe
[04/07/2024 23:04:10.969] Backend: attempting to connect with Steam
[04/07/2024 23:04:10.971] Couldn't connect backend to Steam: {"error":"{\"reason_code\":90201,\"status\":900,\"status_message\":\"Client has been disabled due to identical repeat Authentication calls that are throwing errors. Authenticating with the same credentials is disabled for 30 seconds\",\"severity\":\"ERROR\"}"}
[04/07/2024 23:04:12.970] LocalPlayerRemovedEvent called in LobbyManager
[04/07/2024 23:04:12.971] LocalPlayerRemovedEvent called in LobbyManager
[04/07/2024 23:04:12.971] Abort reason set to 
[04/07/2024 23:04:12.971] BackToMainMenuInASecond
[04/07/2024 23:04:12.976] <color=cyan>Leaving Match: Network Address (177.143.183.6), Network Port (17778), Relay Region ()</color>
[04/07/2024 23:04:12.976] Event GameQuit: 2
[04/07/2024 23:04:12.981] <color=cyan>Leaving Match: Network Address (177.143.183.6), Network Port (17778), Relay Region ()</color>
[04/07/2024 23:04:12.984] <color=cyan>Leaving Match: Network Address (177.143.183.6), Network Port (17778), Relay Region ()</color>
[04/07/2024 23:04:13.105] UCHOnlineConnector OnDestroy
[04/07/2024 23:04:13.109] [Net] Shutting down Backend Manager
[04/07/2024 23:04:13.111] LobbyManager being destroyed
[04/07/2024 23:04:13.112] LobbyPlayer.OnDestroy for player 1
[04/07/2024 23:04:13.113] [Net] Noob left the lobby
